11-07-2025 00:41:16 | INFO: status: 304 | Message: User sent successfully.
11-07-2025 00:41:16 | INFO: status: 304 | Message: User sent successfully.
11-07-2025 00:41:17 | ERROR: status: 304 | Message: Failed to get own clients, User not found.
11-07-2025 00:41:17 | ERROR: status: 200 | Message: Failed to get own clients, User not found.
11-07-2025 00:41:17 | INFO: status: 304 | Message: Program sent successfully.
11-07-2025 00:41:17 | INFO: status: 200 | Message: Program sent successfully.
11-07-2025 00:41:17 | INFO: status: 200 | Message: Available clients have been sent successfully. 
11-07-2025 00:41:17 | INFO: status: 200 | Message: Available clients have been sent successfully. 
11-07-2025 00:42:35 | INFO: status: 200 | Message: Program created successfully.
11-07-2025 00:42:35 | INFO: status: 304 | Message: Available clients have been sent successfully. 
11-07-2025 00:42:35 | ERROR: status: 304 | Message: Failed to get own clients, User not found.
11-07-2025 00:42:36 | INFO: status: 200 | Message: Program sent successfully.
11-07-2025 00:42:36 | INFO: status: 200 | Message: Program sent successfully.
11-07-2025 00:42:36 | INFO: status: 304 | Message: Available clients have been sent successfully. 
11-07-2025 00:42:36 | ERROR: status: 304 | Message: Failed to get own clients, User not found.
11-07-2025 00:51:56 | INFO: status: 304 | Message: User sent successfully.
11-07-2025 00:51:56 | INFO: status: 304 | Message: User sent successfully.
11-07-2025 00:51:59 | INFO: status: 200 | Message: Available clients have been sent successfully. 
11-07-2025 00:51:59 | ERROR: status: 200 | Message: Failed to get own clients, User not found.
11-07-2025 00:51:59 | ERROR: status: 304 | Message: Failed to get own clients, User not found.
11-07-2025 00:51:59 | INFO: status: 304 | Message: Available clients have been sent successfully. 
11-07-2025 00:51:59 | INFO: status: 304 | Message: Program sent successfully.
11-07-2025 00:51:59 | INFO: status: 200 | Message: Program sent successfully.
11-07-2025 00:53:07 | INFO: status: 200 | Message: User sent successfully.
11-07-2025 00:53:07 | INFO: status: 304 | Message: User sent successfully.
11-07-2025 00:53:09 | ERROR: status: 304 | Message: Failed to get own clients, User not found.
11-07-2025 00:53:09 | INFO: status: 304 | Message: Available clients have been sent successfully. 
11-07-2025 00:53:09 | ERROR: status: 200 | Message: Failed to get own clients, User not found.
11-07-2025 00:53:09 | INFO: status: 200 | Message: Available clients have been sent successfully. 
11-07-2025 00:53:09 | INFO: status: 200 | Message: Program sent successfully.
11-07-2025 00:53:09 | INFO: status: 304 | Message: Program sent successfully.
11-07-2025 00:53:16 | INFO: status: 304 | Message: User sent successfully.
11-07-2025 00:53:16 | INFO: status: 200 | Message: User sent successfully.
11-07-2025 00:53:17 | ERROR: status: 304 | Message: Failed to get own clients, User not found.
11-07-2025 00:53:17 | INFO: status: 304 | Message: Available clients have been sent successfully. 
11-07-2025 00:53:17 | INFO: status: 200 | Message: Available clients have been sent successfully. 
11-07-2025 00:53:17 | ERROR: status: 200 | Message: Failed to get own clients, User not found.
11-07-2025 00:53:18 | INFO: status: 304 | Message: Program sent successfully.
11-07-2025 00:53:18 | INFO: status: 200 | Message: Program sent successfully.
11-07-2025 00:54:27 | INFO: status: 200 | Message: User sent successfully.
11-07-2025 00:54:27 | INFO: status: 304 | Message: User sent successfully.
11-07-2025 00:54:29 | INFO: status: 200 | Message: Available clients have been sent successfully. 
11-07-2025 00:54:29 | ERROR: status: 200 | Message: Failed to get own clients, User not found.
11-07-2025 00:54:29 | ERROR: status: 304 | Message: Failed to get own clients, User not found.
11-07-2025 00:54:29 | INFO: status: 304 | Message: Available clients have been sent successfully. 
11-07-2025 00:54:29 | INFO: status: 304 | Message: Program sent successfully.
11-07-2025 00:54:29 | INFO: status: 200 | Message: Program sent successfully.
11-07-2025 01:01:30 | INFO: status: 200 | Message: User sent successfully.
11-07-2025 01:01:30 | INFO: status: 304 | Message: User sent successfully.
11-07-2025 01:01:32 | INFO: status: 200 | Message: Available clients have been sent successfully. 
11-07-2025 01:01:32 | INFO: status: 304 | Message: Available clients have been sent successfully. 
11-07-2025 01:01:32 | ERROR: status: 304 | Message: Failed to get own clients, User not found.
11-07-2025 01:01:32 | ERROR: status: 200 | Message: Failed to get own clients, User not found.
11-07-2025 01:01:32 | INFO: status: 304 | Message: Program sent successfully.
11-07-2025 01:01:32 | INFO: status: 304 | Message: Program sent successfully.
11-07-2025 01:04:14 | INFO: status: 304 | Message: User sent successfully.
11-07-2025 01:04:14 | INFO: status: 200 | Message: User sent successfully.
11-07-2025 01:04:14 | ERROR: status: 200 | Message: Failed to get own clients, User not found.
11-07-2025 01:04:14 | INFO: status: 200 | Message: Available clients have been sent successfully. 
11-07-2025 01:04:14 | INFO: status: 304 | Message: Available clients have been sent successfully. 
11-07-2025 01:04:14 | ERROR: status: 304 | Message: Failed to get own clients, User not found.
11-07-2025 01:04:14 | INFO: status: 304 | Message: Program sent successfully.
11-07-2025 01:04:14 | INFO: status: 200 | Message: Program sent successfully.
11-07-2025 01:04:14 | ERROR: status: 200 | Message: Failed to get own clients, User not found.
11-07-2025 01:04:14 | INFO: status: 200 | Message: Program sent successfully.
11-07-2025 01:06:51 | INFO: status: 200 | Message: User sent successfully.
11-07-2025 01:06:51 | INFO: status: 304 | Message: User sent successfully.
11-07-2025 01:06:52 | INFO: status: 200 | Message: Available clients have been sent successfully. 
11-07-2025 01:06:52 | ERROR: status: 304 | Message: Failed to get own clients, User not found.
11-07-2025 01:06:52 | ERROR: status: 200 | Message: Failed to get own clients, User not found.
11-07-2025 01:06:52 | INFO: status: 304 | Message: Available clients have been sent successfully. 
11-07-2025 01:06:52 | INFO: status: 200 | Message: Program sent successfully.
11-07-2025 01:06:52 | INFO: status: 304 | Message: Program sent successfully.
11-07-2025 01:06:52 | ERROR: status: 200 | Message: Failed to get own clients, User not found.
11-07-2025 01:06:52 | INFO: status: 200 | Message: Program sent successfully.
11-07-2025 01:07:35 | ERROR: status: 304 | Message: Failed to get own clients, User not found.
11-07-2025 01:07:35 | INFO: status: 304 | Message: Available clients have been sent successfully. 
11-07-2025 01:07:35 | INFO: status: 304 | Message: Program sent successfully.
11-07-2025 01:09:37 | ERROR: status: 404 | Message: Trainer profile not found.
11-07-2025 01:16:16 | ERROR: status: 403 | Message: Access denied.
11-07-2025 01:17:05 | INFO: status: 200 | Message: Token provided.
11-07-2025 01:17:18 | INFO: status: 200 | Message: A new trainer user created successfully.
11-07-2025 01:18:21 | INFO: status: 200 | Message: Token provided.
11-07-2025 01:18:21 | INFO: status: 200 | Message: User sent successfully.
11-07-2025 01:18:22 | INFO: status: 200 | Message: Available clients have been sent successfully. 
11-07-2025 01:18:22 | ERROR: status: 200 | Message: Failed to get own clients, User not found.
11-07-2025 01:18:22 | INFO: status: 200 | Message: Available clients have been sent successfully. 
11-07-2025 01:18:22 | ERROR: status: 304 | Message: Failed to get own clients, User not found.
11-07-2025 01:18:22 | ERROR: status: 400 | Message: Program not found.
11-07-2025 01:18:22 | ERROR: status: 400 | Message: Program not found.
11-07-2025 01:18:38 | INFO: status: 200 | Message: Program created successfully.
11-07-2025 01:18:38 | ERROR: status: 304 | Message: Failed to get own clients, User not found.
11-07-2025 01:18:38 | INFO: status: 200 | Message: Available clients have been sent successfully. 
11-07-2025 01:18:38 | ERROR: status: 200 | Message: Failed to get own clients, User not found.
11-07-2025 01:18:38 | INFO: status: 304 | Message: Available clients have been sent successfully. 
11-07-2025 01:18:38 | INFO: status: 200 | Message: Program sent successfully.
11-07-2025 01:18:38 | INFO: status: 200 | Message: Program sent successfully.
11-07-2025 01:18:56 | INFO: status: 200 | Message: User 685019980c0b59a1bd118659 assigned to trainer 68703beef075a9f0f876bd19
11-07-2025 01:19:01 | INFO: status: 200 | Message: User sent successfully.
11-07-2025 01:19:01 | INFO: status: 304 | Message: User sent successfully.
11-07-2025 01:19:01 | INFO: status: 200 | Message: Clients has been sent successfully.
11-07-2025 01:19:01 | INFO: status: 200 | Message: Available clients have been sent successfully. 
11-07-2025 01:19:01 | INFO: status: 200 | Message: Clients has been sent successfully.
11-07-2025 01:19:01 | INFO: status: 200 | Message: Available clients have been sent successfully. 
11-07-2025 01:19:01 | INFO: status: 304 | Message: Program sent successfully.
11-07-2025 01:19:01 | INFO: status: 200 | Message: Program sent successfully.
11-07-2025 01:22:19 | INFO: status: 200 | Message: User sent successfully.
11-07-2025 01:22:19 | INFO: status: 304 | Message: User sent successfully.
11-07-2025 01:22:19 | INFO: status: 304 | Message: Clients has been sent successfully.
11-07-2025 01:22:19 | INFO: status: 200 | Message: Clients has been sent successfully.
11-07-2025 01:22:19 | INFO: status: 304 | Message: Available clients have been sent successfully. 
11-07-2025 01:22:19 | INFO: status: 200 | Message: Available clients have been sent successfully. 
11-07-2025 01:22:19 | INFO: status: 200 | Message: Program sent successfully.
11-07-2025 01:22:19 | INFO: status: 304 | Message: Program sent successfully.
11-07-2025 01:22:19 | INFO: status: 200 | Message: Clients has been sent successfully.
11-07-2025 01:22:19 | INFO: status: 200 | Message: Program sent successfully.
11-07-2025 01:22:23 | INFO: status: 200 | Message: User 6850272305d6f4444352ba5a assigned to trainer 68703beef075a9f0f876bd19
11-07-2025 01:22:23 | INFO: status: 200 | Message: Clients has been sent successfully.
11-07-2025 01:28:37 | INFO: status: 304 | Message: User sent successfully.
11-07-2025 01:28:37 | INFO: status: 304 | Message: User sent successfully.
11-07-2025 01:28:37 | INFO: status: 200 | Message: Clients has been sent successfully.
11-07-2025 01:28:37 | INFO: status: 200 | Message: Available clients have been sent successfully. 
11-07-2025 01:28:37 | INFO: status: 200 | Message: Available clients have been sent successfully. 
11-07-2025 01:28:37 | INFO: status: 304 | Message: Clients has been sent successfully.
11-07-2025 01:28:37 | INFO: status: 200 | Message: Program sent successfully.
11-07-2025 01:28:37 | INFO: status: 304 | Message: Program sent successfully.
11-07-2025 01:28:38 | INFO: status: 200 | Message: Clients has been sent successfully.
11-07-2025 01:28:38 | INFO: status: 200 | Message: Program sent successfully.
11-07-2025 01:29:24 | INFO: status: 304 | Message: Available clients have been sent successfully. 
11-07-2025 01:29:24 | INFO: status: 200 | Message: Available clients have been sent successfully. 
11-07-2025 01:29:24 | INFO: status: 304 | Message: Clients has been sent successfully.
11-07-2025 01:29:24 | INFO: status: 200 | Message: Clients has been sent successfully.
11-07-2025 01:29:24 | INFO: status: 304 | Message: Program sent successfully.
11-07-2025 01:29:24 | INFO: status: 200 | Message: Program sent successfully.
11-07-2025 01:29:31 | INFO: status: 304 | Message: Clients has been sent successfully.
11-07-2025 01:29:31 | INFO: status: 200 | Message: Clients has been sent successfully.
11-07-2025 01:29:31 | INFO: status: 200 | Message: Available clients have been sent successfully. 
11-07-2025 01:29:31 | INFO: status: 304 | Message: Available clients have been sent successfully. 
11-07-2025 01:29:31 | INFO: status: 304 | Message: Program sent successfully.
11-07-2025 01:29:31 | INFO: status: 200 | Message: Program sent successfully.
11-07-2025 01:29:35 | INFO: status: 304 | Message: Clients has been sent successfully.
11-07-2025 01:29:35 | INFO: status: 304 | Message: Available clients have been sent successfully. 
11-07-2025 01:29:35 | INFO: status: 200 | Message: Available clients have been sent successfully. 
11-07-2025 01:29:35 | INFO: status: 200 | Message: Clients has been sent successfully.
11-07-2025 01:29:35 | INFO: status: 304 | Message: Program sent successfully.
11-07-2025 01:29:35 | INFO: status: 200 | Message: Program sent successfully.
