09-07-2025 21:39:45 | ERROR: status: 400 | Message: Access denied, No token provided.
09-07-2025 21:45:39 | ERROR: status: 400 | Message: failed to login, User not found.
09-07-2025 21:45:45 | INFO: status: 200 | Message: Token provided.
09-07-2025 21:45:46 | INFO: status: 200 | Message: User sent successfully.
09-07-2025 21:45:55 | INFO: status: 304 | Message: User sent successfully.
09-07-2025 21:45:55 | INFO: status: 200 | Message: User sent successfully.
09-07-2025 21:46:11 | ERROR: status: 403 | Message: Access denied.
09-07-2025 21:49:23 | ERROR: status: 403 | Message: Access denied.
09-07-2025 21:52:10 | ERROR: status: 400 | Message: failed to login, User not found.
09-07-2025 21:52:15 | INFO: status: 200 | Message: Token provided.
09-07-2025 21:52:15 | INFO: status: 304 | Message: User sent successfully.
09-07-2025 21:52:36 | INFO: status: 200 | Message: User sent successfully.
09-07-2025 21:52:36 | INFO: status: 304 | Message: User sent successfully.
09-07-2025 21:52:42 | ERROR: status: 403 | Message: Access denied.
09-07-2025 21:53:59 | INFO: status: 200 | Message: Program created successfully.
09-07-2025 21:58:55 | INFO: status: 200 | Message: User sent successfully.
09-07-2025 21:58:55 | INFO: status: 200 | Message: User sent successfully.
09-07-2025 22:25:16 | INFO: status: 304 | Message: User sent successfully.
09-07-2025 22:25:16 | INFO: status: 200 | Message: User sent successfully.
09-07-2025 22:26:26 | INFO: status: 304 | Message: User sent successfully.
09-07-2025 22:26:26 | INFO: status: 200 | Message: User sent successfully.
09-07-2025 22:26:30 | INFO: status: 304 | Message: User sent successfully.
09-07-2025 22:26:30 | INFO: status: 200 | Message: User sent successfully.
09-07-2025 22:27:29 | INFO: status: 304 | Message: User sent successfully.
09-07-2025 22:27:29 | INFO: status: 200 | Message: User sent successfully.
09-07-2025 22:28:51 | INFO: status: 304 | Message: User sent successfully.
09-07-2025 22:28:52 | INFO: status: 304 | Message: User sent successfully.
09-07-2025 22:29:54 | INFO: status: 304 | Message: User sent successfully.
09-07-2025 22:29:54 | INFO: status: 200 | Message: User sent successfully.
09-07-2025 22:30:50 | INFO: status: 304 | Message: User sent successfully.
09-07-2025 22:30:50 | INFO: status: 200 | Message: User sent successfully.
09-07-2025 22:31:46 | INFO: status: 304 | Message: User sent successfully.
09-07-2025 22:31:46 | INFO: status: 200 | Message: User sent successfully.
09-07-2025 22:33:18 | INFO: status: 304 | Message: User sent successfully.
09-07-2025 22:33:18 | INFO: status: 200 | Message: User sent successfully.
09-07-2025 22:33:22 | INFO: status: 304 | Message: User sent successfully.
09-07-2025 22:33:22 | INFO: status: 200 | Message: User sent successfully.
09-07-2025 22:34:15 | ERROR: status: 400 | Message: Trainer is not the owner
09-07-2025 22:34:15 | ERROR: status: 400 | Message: Trainer is not the owner
09-07-2025 22:34:15 | INFO: status: 304 | Message: User sent successfully.
09-07-2025 22:34:16 | INFO: status: 200 | Message: User sent successfully.
09-07-2025 22:34:17 | ERROR: status: 400 | Message: Trainer is not the owner
09-07-2025 22:34:17 | ERROR: status: 400 | Message: Trainer is not the owner
09-07-2025 22:34:17 | INFO: status: 304 | Message: User sent successfully.
09-07-2025 22:34:17 | INFO: status: 200 | Message: User sent successfully.
09-07-2025 22:36:09 | ERROR: status: 400 | Message: Trainer is not the owner
09-07-2025 22:36:09 | ERROR: status: 400 | Message: Trainer is not the owner
09-07-2025 22:36:09 | INFO: status: 304 | Message: User sent successfully.
09-07-2025 22:36:09 | INFO: status: 200 | Message: User sent successfully.
09-07-2025 22:36:10 | INFO: status: 200 | Message: Program sent successfully.
09-07-2025 22:36:10 | INFO: status: 200 | Message: Program sent successfully.
09-07-2025 22:37:23 | ERROR: status: 400 | Message: Trainer is not the owner
09-07-2025 22:37:23 | ERROR: status: 400 | Message: Trainer is not the owner
09-07-2025 22:37:23 | INFO: status: 200 | Message: User sent successfully.
09-07-2025 22:37:23 | INFO: status: 304 | Message: User sent successfully.
09-07-2025 22:37:23 | INFO: status: 200 | Message: Program sent successfully.
09-07-2025 22:37:23 | INFO: status: 304 | Message: Program sent successfully.
09-07-2025 22:38:38 | INFO: status: 304 | Message: User sent successfully.
09-07-2025 22:38:38 | INFO: status: 200 | Message: User sent successfully.
09-07-2025 22:38:38 | ERROR: status: 400 | Message: Trainer is not the owner
09-07-2025 22:38:38 | ERROR: status: 400 | Message: Trainer is not the owner
09-07-2025 22:39:23 | INFO: status: 304 | Message: User sent successfully.
09-07-2025 22:39:23 | INFO: status: 304 | Message: User sent successfully.
09-07-2025 22:39:23 | INFO: status: 304 | Message: Program sent successfully.
09-07-2025 22:39:23 | INFO: status: 200 | Message: Program sent successfully.
09-07-2025 22:43:19 | INFO: status: 304 | Message: User sent successfully.
09-07-2025 22:43:19 | INFO: status: 200 | Message: User sent successfully.
09-07-2025 22:43:20 | INFO: status: 304 | Message: Program sent successfully.
09-07-2025 22:43:20 | INFO: status: 200 | Message: Program sent successfully.
09-07-2025 22:43:22 | INFO: status: 304 | Message: User sent successfully.
09-07-2025 22:43:22 | INFO: status: 200 | Message: User sent successfully.
09-07-2025 22:43:23 | INFO: status: 200 | Message: Program sent successfully.
09-07-2025 22:43:23 | INFO: status: 304 | Message: Program sent successfully.
09-07-2025 22:47:33 | INFO: status: 304 | Message: User sent successfully.
09-07-2025 22:47:33 | INFO: status: 200 | Message: User sent successfully.
09-07-2025 22:47:33 | INFO: status: 304 | Message: Program sent successfully.
09-07-2025 22:47:33 | INFO: status: 200 | Message: Program sent successfully.
09-07-2025 23:05:31 | INFO: status: 200 | Message: User sent successfully.
09-07-2025 23:05:31 | INFO: status: 304 | Message: User sent successfully.
09-07-2025 23:05:31 | INFO: status: 304 | Message: Program sent successfully.
09-07-2025 23:05:31 | INFO: status: 200 | Message: Program sent successfully.
09-07-2025 23:44:21 | INFO: status: 200 | Message: Program created successfully.
09-07-2025 23:45:11 | INFO: status: 304 | Message: User sent successfully.
09-07-2025 23:45:11 | INFO: status: 200 | Message: User sent successfully.
09-07-2025 23:45:13 | INFO: status: 200 | Message: Program sent successfully.
09-07-2025 23:45:13 | INFO: status: 200 | Message: Program sent successfully.
09-07-2025 23:53:27 | INFO: status: 200 | Message: Program created successfully.
09-07-2025 23:53:27 | INFO: status: 200 | Message: Program sent successfully.
09-07-2025 23:53:27 | INFO: status: 200 | Message: Program sent successfully.
09-07-2025 23:53:41 | INFO: status: 200 | Message: Program created successfully.
09-07-2025 23:53:41 | INFO: status: 200 | Message: Program sent successfully.
09-07-2025 23:53:41 | INFO: status: 200 | Message: Program sent successfully.
09-07-2025 23:53:51 | INFO: status: 200 | Message: Program created successfully.
09-07-2025 23:53:51 | INFO: status: 200 | Message: Program sent successfully.
09-07-2025 23:53:51 | INFO: status: 200 | Message: Program sent successfully.
09-07-2025 23:54:02 | INFO: status: 200 | Message: Program created successfully.
09-07-2025 23:54:03 | INFO: status: 200 | Message: Program sent successfully.
09-07-2025 23:54:03 | INFO: status: 200 | Message: Program sent successfully.
09-07-2025 23:54:16 | INFO: status: 200 | Message: Program created successfully.
09-07-2025 23:54:16 | INFO: status: 200 | Message: Program sent successfully.
09-07-2025 23:54:16 | INFO: status: 200 | Message: Program sent successfully.
