03-07-2025 20:23:13 | ERROR: status: 400 | Message: Access denied, No token provided.
03-07-2025 20:23:40 | ERROR: status: 403 | Message: Access denied.
03-07-2025 20:24:00 | ERROR: status: 403 | Message: Access denied.
03-07-2025 20:24:14 | ERROR: status: 403 | Message: Access denied.
03-07-2025 20:25:46 | ERROR: status: 400 | Message: User failed to register, "value" is required
03-07-2025 20:26:23 | ERROR: status: 400 | Message: User failed to register, "value" is required
03-07-2025 20:27:06 | INFO: status: 200 | Message: Token provided.
03-07-2025 20:27:21 | ERROR: status: 403 | Message: Access denied.
03-07-2025 20:29:27 | ERROR: status: 500 | Message: Program validation failed: title: Path `title` is required.
03-07-2025 20:29:44 | ERROR: status: 500 | Message: Program validation failed: title: Path `title` is required.
03-07-2025 20:30:21 | ERROR: status: 500 | Message: Program validation failed: title: Path `title` is required.
03-07-2025 20:30:52 | ERROR: status: 500 | Message: Program validation failed: title: Path `title` is required.
03-07-2025 20:31:05 | ERROR: status: 500 | Message: Program validation failed: title: Path `title` is required.
03-07-2025 20:31:43 | ERROR: status: 500 | Message: Program validation failed: title: Path `title` is required.
03-07-2025 20:34:01 | ERROR: status: 500 | Message: Program validation failed: title: Path `title` is required.
03-07-2025 20:35:25 | ERROR: status: 500 | Message: Program validation failed: title: Path `title` is required.
03-07-2025 20:38:00 | ERROR: status: 500 | Message: Program validation failed: title: Path `title` is required.
03-07-2025 20:43:49 | ERROR: status: 403 | Message: Access denied.
03-07-2025 20:43:57 | ERROR: status: 403 | Message: Access denied.
03-07-2025 20:44:43 | INFO: status: 200 | Message: Token provided.
03-07-2025 20:44:56 | ERROR: status: 500 | Message: Program validation failed: title: Path `title` is required.
03-07-2025 20:45:22 | ERROR: status: 400 | Message: "days[0].exercises[0]" must be a string
03-07-2025 20:50:48 | INFO: status: 200 | Message: Program created successfully.
03-07-2025 21:17:33 | ERROR: status: 500 | Message: Cannot read properties of undefined (reading '_id')
03-07-2025 21:18:34 | ERROR: status: 500 | Message: Cannot read properties of undefined (reading '_id')
03-07-2025 21:22:15 | INFO: status: 200 | Message: Program created successfully.
03-07-2025 21:22:24 | ERROR: status: 403 | Message: Access denied.
03-07-2025 21:22:31 | ERROR: status: 500 | Message: Cannot read properties of undefined (reading '_id')
03-07-2025 21:23:23 | ERROR: status: 500 | Message: Cannot read properties of undefined (reading '_id')
03-07-2025 21:23:27 | ERROR: status: 500 | Message: Cannot read properties of undefined (reading '_id')
03-07-2025 21:23:55 | INFO: status: 200 | Message: Program created successfully.
03-07-2025 21:24:07 | ERROR: status: 500 | Message: Cannot read properties of undefined (reading '_id')
03-07-2025 21:25:59 | ERROR: status: 500 | Message: Cannot read properties of undefined (reading '_id')
03-07-2025 21:29:48 | ERROR: status: 500 | Message: Cannot read properties of undefined (reading '_id')
03-07-2025 21:30:48 | ERROR: status: 500 | Message: Cannot read properties of undefined (reading '_id')
03-07-2025 21:31:19 | ERROR: status: 500 | Message: Cannot read properties of undefined (reading '_id')
03-07-2025 21:32:40 | ERROR: status: 500 | Message: Cannot read properties of undefined (reading '_id')
