20-05-2025 11:32:50 | ERROR: status: 500 | Message: E11000 duplicate key error collection: AthletiX.users index: email_1 dup key: { email: "trainer@asdd.com" }
20-05-2025 11:33:13 | ERROR: status: 500 | Message: E11000 duplicate key error collection: AthletiX.users index: email_1 dup key: { email: "trainer@asdd.com" }
20-05-2025 11:33:23 | ERROR: status: 500 | Message: E11000 duplicate key error collection: AthletiX.users index: email_1 dup key: { email: "trainer@asdd.com" }
20-05-2025 11:33:33 | INFO: status: 200 | Message: A new trainer user created successfully.
20-05-2025 11:34:10 | ERROR: status: 500 | Message: E11000 duplicate key error collection: AthletiX.users index: email_1 dup key: { email: "trainer2@asdd.com" }
20-05-2025 11:34:31 | ERROR: status: 500 | Message: E11000 duplicate key error collection: AthletiX.users index: email_1 dup key: { email: "trainer2@asdd.com" }
20-05-2025 11:35:02 | ERROR: status: 500 | Message: E11000 duplicate key error collection: AthletiX.users index: email_1 dup key: { email: "trainer2@asdd.com" }
20-05-2025 11:57:18 | ERROR: status: 400 | Message: Message: Failed to register the trainer, email already in use.
20-05-2025 13:42:27 | INFO: status: 200 | Message: User trainer deleted successfully.
20-05-2025 13:42:37 | ERROR: status: 400 | Message: Failed to delete trainer, user not found.
20-05-2025 13:43:31 | ERROR: status: 400 | Message: Failed to delete trainer, user not found.
20-05-2025 13:43:43 | ERROR: status: 400 | Message: Failed to delete trainer, user not found.
20-05-2025 14:06:28 | INFO: status: 200 | Message: User sent successfully.
20-05-2025 14:42:47 | ERROR: status: 400 | Message: Failed to delete trainer, user not found.
20-05-2025 14:45:14 | ERROR: status: 403 | Message: Access denied.
20-05-2025 14:45:19 | ERROR: status: 403 | Message: Access denied.
20-05-2025 14:45:25 | ERROR: status: 400 | Message: Failed to delete trainer, user not found.
20-05-2025 15:42:33 | ERROR: status: 400 | Message: Access denied, No token provided.
20-05-2025 15:42:52 | ERROR: status: 403 | Message: Access denied.
20-05-2025 15:49:53 | INFO: status: 200 | Message: Token provided.
20-05-2025 15:50:34 | ERROR: status: 400 | Messsage: "value" is required
20-05-2025 15:53:17 | ERROR: status: 400 | Messsage: "value" is required
20-05-2025 15:53:34 | ERROR: status: 400 | Messsage: Role is required.
20-05-2025 15:54:00 | ERROR: status: 400 | Messsage: This request is only allowed for trainers.
20-05-2025 17:34:58 | ERROR: status: 400 | Message: Falied to send delete request, Delete request already sent.
20-05-2025 20:14:13 | ERROR: status: 400 | Message: Access denied, No token provided.
20-05-2025 20:14:30 | INFO: status: 200 | Message: Delete requests have bees sent successfully.
20-05-2025 20:14:44 | ERROR: status: 403 | Message: Access denied.
20-05-2025 20:14:49 | ERROR: status: 403 | Message: Access denied.
20-05-2025 20:14:53 | INFO: status: 200 | Message: Delete requests have bees sent successfully.
20-05-2025 20:17:49 | ERROR: status: 400 | Message: Access denied, No token provided.
20-05-2025 20:17:59 | INFO: status: 200 | Message: User trainer deleted successfully.
20-05-2025 20:18:07 | INFO: status: 200 | Message: Delete requests have bees sent successfully.
20-05-2025 20:35:34 | INFO: status: 200 | Message: Delete requests have bees sent successfully.
20-05-2025 20:35:36 | ERROR: status: 400 | Message: Failed to delete trainer, user not found.
20-05-2025 20:35:49 | INFO: status: 200 | Message: Delete requests have bees sent successfully.
20-05-2025 20:36:03 | ERROR: status: 400 | Message: Failed to delete trainer, user not found.
20-05-2025 21:12:07 | ERROR: status: 500 | Message: Cannot read properties of undefined (reading 'status')
20-05-2025 21:12:22 | ERROR: status: 500 | Message: Cannot read properties of undefined (reading 'status')
20-05-2025 21:14:18 | ERROR: status: 400 | Message: "value" is required
20-05-2025 21:15:00 | ERROR: status: 400 | Message: "value" is required
20-05-2025 21:17:39 | ERROR: status: 400 | Message: "value" is required
20-05-2025 21:19:06 | ERROR: status: 400 | Message: "value" is required
20-05-2025 21:19:45 | ERROR: status: 400 | Message: "value" is required
20-05-2025 21:21:26 | ERROR: status: 400 | Message: "value" is required
20-05-2025 21:21:28 | ERROR: status: 400 | Message: "value" is required
20-05-2025 21:24:14 | ERROR: status: 400 | Message: Status is required.
20-05-2025 21:24:51 | ERROR: status: 400 | Message: Status must be either "approved" or "rejected".
20-05-2025 21:25:00 | ERROR: status: 400 | Message: Status must be either "approved" or "rejected".
20-05-2025 21:25:14 | ERROR: status: 400 | Message: Status must be either "approved" or "rejected".
20-05-2025 21:25:29 | ERROR: status: 400 | Message: Status must be either "approved" or "rejected".
20-05-2025 21:25:58 | ERROR: status: 400 | Message: Status must be either "approve" or "reject".
20-05-2025 21:26:06 | ERROR: status: 400 | Message: Delete request not found.
20-05-2025 21:27:27 | ERROR: status: 400 | Message: Delete request not found.
20-05-2025 21:28:01 | ERROR: status: 500 | Message: DeleteRequest validation failed: status: `reject` is not a valid enum value for path `status`.
20-05-2025 21:29:52 | INFO: status: 200 | Message: Delete requests have bees sent successfully.
20-05-2025 21:29:59 | ERROR: status: 200 | Message: Delete request answared by reject.
20-05-2025 21:31:43 | ERROR: status: 400 | Message: Delete request already aswared.
20-05-2025 21:32:49 | ERROR: status: 400 | Message: Delete request already aswared.
20-05-2025 21:33:43 | ERROR: status: 403 | Message: Access denied.
20-05-2025 21:34:54 | ERROR: status: 403 | Message: Access denied.
20-05-2025 21:35:49 | INFO: status: 200 | Message: A new trainer user created successfully.
20-05-2025 21:37:13 | INFO: status: 200 | Message: Token provided.
20-05-2025 21:37:45 | ERROR: status: 400 | Messsage: Status is required.
20-05-2025 21:41:58 | INFO: status: 200 | Message: The request to delete the account have been sent successfully. 
20-05-2025 21:46:30 | INFO: status: 200 | Message: Delete requests have bees sent successfully.
20-05-2025 21:47:00 | ERROR: status: 500 | Message: No document found for query "{ _id: new ObjectId('682c3e5d0d9f9da3e04a0619') }" on model "User"
20-05-2025 21:49:14 | ERROR: status: 400 | Message: Failed to delete trainer, User not found.
20-05-2025 21:50:13 | ERROR: status: 400 | Message: Failed to delete trainer, User not found.
20-05-2025 21:50:46 | INFO: status: 200 | Message: A new trainer user created successfully.
20-05-2025 21:51:07 | INFO: status: 200 | Message: Token provided.
20-05-2025 21:51:25 | INFO: status: 200 | Message: The request to delete the account have been sent successfully. 
20-05-2025 21:51:38 | INFO: status: 200 | Message: Delete requests have bees sent successfully.
20-05-2025 21:52:03 | ERROR: status: 400 | Message: Failed to delete trainer, User not found.
20-05-2025 21:52:42 | ERROR: status: 400 | Message: Failed to delete trainer, User not found.
20-05-2025 21:55:31 | ERROR: status: 400 | Message: Failed to delete trainer, User not found.
20-05-2025 21:56:39 | ERROR: status: 400 | Message: Failed to delete trainer, User not found.
20-05-2025 21:57:36 | ERROR: status: 400 | Message: Failed to delete trainer, User not found.
20-05-2025 21:59:03 | ERROR: status: 400 | Message: Failed to delete trainer, User not found.
20-05-2025 22:00:55 | INFO: status: 200 | Message: A new trainer user created successfully.
20-05-2025 22:01:12 | INFO: status: 200 | Message: Token provided.
20-05-2025 22:02:35 | INFO: status: 200 | Message: The request to delete the account have been sent successfully. 
20-05-2025 22:02:46 | INFO: status: 200 | Message: Delete requests have bees sent successfully.
20-05-2025 22:03:41 | INFO: status: 200 | Message: Delete requests have bees sent successfully.
20-05-2025 22:08:19 | INFO: status: 200 | Message: A new trainer user created successfully.
20-05-2025 22:09:00 | ERROR: status: 400 | Message: Message: Failed to register the trainer, email already in use.
20-05-2025 22:09:12 | INFO: status: 200 | Message: Token provided.
20-05-2025 22:09:48 | INFO: status: 200 | Message: The request to delete the account have been sent successfully. 
20-05-2025 22:09:55 | INFO: status: 200 | Message: The request to delete the account have been sent successfully. 
20-05-2025 22:10:02 | INFO: status: 200 | Message: The request to delete the account have been sent successfully. 
20-05-2025 22:12:10 | INFO: status: 200 | Message: The request to delete the account have been sent successfully. 
20-05-2025 22:13:22 | INFO: status: 200 | Message: The request to delete the account have been sent successfully. 
20-05-2025 22:14:25 | ERROR: status: 500 | Message: Cast to ObjectId failed for value "{ user_id: '682cd3234397a85697432f18' }" (type Object) at path "_id" for model "DeleteRequest"
20-05-2025 22:16:16 | ERROR: status: 400 | Message: Falied to send delete request, Delete request already sent.
20-05-2025 22:19:27 | INFO: status: 200 | Message: Delete requests have bees sent successfully.
20-05-2025 22:30:45 | ERROR: status: 500 | Message: Date.now is not a constructor
20-05-2025 22:33:13 | ERROR: status: 500 | Message: deleteRequest.updateOne(...).save is not a function
20-05-2025 22:34:07 | ERROR: status: 500 | Message: deleteRequest.updateOne(...).save is not a function
20-05-2025 22:36:49 | ERROR: status: 500 | Message: DeleteRequest.updateOne(...).save is not a function
20-05-2025 22:39:08 | ERROR: status: 500 | Message: deleteRequest.updateOne(...).save is not a function
20-05-2025 22:40:18 | ERROR: status: 200 | Message: Delete request answared by reject.
20-05-2025 22:41:41 | ERROR: status: 500 | Message: deleteRequest.findByIdAndUpdate is not a function
20-05-2025 22:43:17 | ERROR: status: 200 | Message: Delete request answared by reject.
20-05-2025 22:45:08 | ERROR: status: 500 | Message: Cast to date failed for value "[Function: now]" (type function) at path "reviewAt"
20-05-2025 22:46:22 | ERROR: status: 500 | Message: Cast to date failed for value "[Function: now]" (type function) at path "reviewAt"
20-05-2025 22:46:52 | ERROR: status: 500 | Message: Cast to date failed for value "[Function: Date]" (type function) at path "reviewAt"
20-05-2025 22:47:41 | ERROR: status: 200 | Message: Delete request answared by reject.
20-05-2025 22:48:50 | ERROR: status: 400 | Message: Delete request already aswared.
20-05-2025 22:51:07 | ERROR: status: 400 | Message: Delete request already answared.
20-05-2025 22:51:13 | ERROR: status: 400 | Message: Delete request already answared.
20-05-2025 22:52:10 | ERROR: status: 400 | Message: Delete request not found.
20-05-2025 22:55:25 | ERROR: status: 403 | Message: Access denied.
20-05-2025 22:56:01 | INFO: status: 200 | Message: A new trainer user created successfully.
20-05-2025 22:56:09 | INFO: status: 200 | Message: Token provided.
20-05-2025 22:56:27 | INFO: status: 200 | Message: The request to delete the account have been sent successfully. 
20-05-2025 22:56:30 | ERROR: status: 400 | Message: Falied to send delete request, Delete request already sent.
20-05-2025 22:58:54 | INFO: status: 200 | Message: A new trainer user created successfully.
20-05-2025 22:58:59 | INFO: status: 200 | Message: Token provided.
20-05-2025 22:59:15 | INFO: status: 200 | Message: The request to delete the account have been sent successfully. 
20-05-2025 22:59:23 | ERROR: status: 400 | Message: Delete request not found.
20-05-2025 22:59:28 | ERROR: status: 400 | Message: Delete request not found.
20-05-2025 22:59:46 | ERROR: status: 400 | Message: Delete request not found.
20-05-2025 23:10:44 | ERROR: status: 400 | Message: failed to login, User not found.
20-05-2025 23:10:54 | INFO: status: 200 | Message: A new trainer user created successfully.
20-05-2025 23:10:58 | INFO: status: 200 | Message: Token provided.
20-05-2025 23:11:19 | ERROR: status: 500 | Message: DeleteRequest validation failed: trainerId: Path `trainerId` is required.
20-05-2025 23:14:05 | ERROR: status: 500 | Message: DeleteRequest validation failed: trainerId: Path `trainerId` is required.
20-05-2025 23:14:28 | ERROR: status: 500 | Message: DeleteRequest validation failed: trainerId: Path `trainerId` is required.
20-05-2025 23:14:36 | ERROR: status: 500 | Message: DeleteRequest validation failed: trainerId: Path `trainerId` is required.
20-05-2025 23:15:21 | INFO: status: 200 | Message: The request to delete the account have been sent successfully. 
20-05-2025 23:16:30 | ERROR: status: 400 | Message: Delete request not found.
20-05-2025 23:16:50 | ERROR: status: 400 | Message: Delete request not found.
20-05-2025 23:17:53 | ERROR: status: 200 | Message: Delete request answared by reject.
20-05-2025 23:21:56 | ERROR: status: 500 | Message: DeleteRequest validation failed: firstName: Path `firstName` is required., lastName: Path `lastName` is required.
20-05-2025 23:22:19 | ERROR: status: 500 | Message: DeleteRequest validation failed: firstName: Path `firstName` is required., lastName: Path `lastName` is required.
20-05-2025 23:22:47 | ERROR: status: 500 | Message: DeleteRequest validation failed: firstName: Path `firstName` is required., lastName: Path `lastName` is required.
20-05-2025 23:22:58 | ERROR: status: 500 | Message: DeleteRequest validation failed: firstName: Path `firstName` is required., lastName: Path `lastName` is required.
20-05-2025 23:23:14 | ERROR: status: 500 | Message: DeleteRequest validation failed: firstName: Path `firstName` is required., lastName: Path `lastName` is required.
20-05-2025 23:23:43 | ERROR: status: 500 | Message: DeleteRequest validation failed: firstName: Path `firstName` is required., lastName: Path `lastName` is required.
20-05-2025 23:24:44 | INFO: status: 200 | Message: The request to delete the account have been sent successfully. 
20-05-2025 23:25:05 | ERROR: status: 200 | Message: Delete request answared by reject.
20-05-2025 23:25:13 | ERROR: status: 400 | Message: Delete request already answared.
20-05-2025 23:26:53 | INFO: status: 200 | Message: The request to delete the account have been sent successfully. 
20-05-2025 23:27:01 | ERROR: status: 200 | Message: Delete request answared by reject.
20-05-2025 23:29:05 | INFO: status: 200 | Message: Delete requests have bees sent successfully.
