19-07-2025 23:05:47 | INFO: status: 304 | Message: User sent successfully.
19-07-2025 23:05:47 | INFO: status: 200 | Message: User sent successfully.
19-07-2025 23:05:47 | INFO: status: 304 | Message: Clients has been sent successfully.
19-07-2025 23:05:47 | INFO: status: 304 | Message: Available clients have been sent successfully. 
19-07-2025 23:05:47 | INFO: status: 304 | Message: Program sent successfully.
19-07-2025 23:05:47 | INFO: status: 200 | Message: Program sent successfully.
19-07-2025 23:05:47 | INFO: status: 304 | Message: Clients has been sent successfully.
19-07-2025 23:05:47 | INFO: status: 304 | Message: Available clients have been sent successfully. 
19-07-2025 23:05:47 | INFO: status: 304 | Message: Program sent successfully.
19-07-2025 23:05:47 | INFO: status: 200 | Message: Clients has been sent successfully.
19-07-2025 23:06:12 | INFO: status: 200 | Message: User updated successfully.
19-07-2025 23:08:08 | INFO: status: 200 | Message: User sent successfully.
19-07-2025 23:08:08 | INFO: status: 200 | Message: User sent successfully.
19-07-2025 23:08:09 | INFO: status: 304 | Message: Clients has been sent successfully.
19-07-2025 23:08:09 | INFO: status: 304 | Message: Available clients have been sent successfully. 
19-07-2025 23:08:09 | INFO: status: 304 | Message: Program sent successfully.
19-07-2025 23:08:09 | INFO: status: 304 | Message: Clients has been sent successfully.
19-07-2025 23:08:09 | INFO: status: 304 | Message: Available clients have been sent successfully. 
19-07-2025 23:08:09 | INFO: status: 304 | Message: Program sent successfully.
19-07-2025 23:09:00 | INFO: status: 304 | Message: User sent successfully.
19-07-2025 23:09:00 | INFO: status: 200 | Message: User sent successfully.
19-07-2025 23:09:00 | INFO: status: 304 | Message: Clients has been sent successfully.
19-07-2025 23:09:00 | INFO: status: 304 | Message: Available clients have been sent successfully. 
19-07-2025 23:09:00 | INFO: status: 200 | Message: Available clients have been sent successfully. 
19-07-2025 23:09:01 | INFO: status: 304 | Message: Program sent successfully.
19-07-2025 23:09:01 | INFO: status: 200 | Message: Program sent successfully.
19-07-2025 23:09:01 | INFO: status: 200 | Message: Clients has been sent successfully.
19-07-2025 23:09:01 | INFO: status: 200 | Message: Clients has been sent successfully.
19-07-2025 23:09:01 | INFO: status: 200 | Message: Program sent successfully.
19-07-2025 23:11:03 | INFO: status: 200 | Message: User updated successfully.
19-07-2025 23:11:25 | INFO: status: 200 | Message: User sent successfully.
19-07-2025 23:11:25 | INFO: status: 200 | Message: User sent successfully.
19-07-2025 23:11:25 | INFO: status: 304 | Message: Clients has been sent successfully.
19-07-2025 23:11:25 | INFO: status: 200 | Message: Clients has been sent successfully.
19-07-2025 23:11:25 | INFO: status: 304 | Message: Available clients have been sent successfully. 
19-07-2025 23:11:25 | INFO: status: 304 | Message: Program sent successfully.
19-07-2025 23:11:25 | INFO: status: 200 | Message: Program sent successfully.
19-07-2025 23:11:26 | INFO: status: 200 | Message: Available clients have been sent successfully. 
19-07-2025 23:12:00 | INFO: status: 200 | Message: User sent successfully.
19-07-2025 23:12:00 | INFO: status: 304 | Message: User sent successfully.
19-07-2025 23:12:00 | INFO: status: 200 | Message: Clients has been sent successfully.
19-07-2025 23:12:00 | INFO: status: 304 | Message: Available clients have been sent successfully. 
19-07-2025 23:12:00 | INFO: status: 304 | Message: Clients has been sent successfully.
19-07-2025 23:12:00 | INFO: status: 200 | Message: Available clients have been sent successfully. 
19-07-2025 23:12:00 | INFO: status: 304 | Message: Program sent successfully.
19-07-2025 23:12:00 | INFO: status: 200 | Message: Program sent successfully.
19-07-2025 23:12:37 | INFO: status: 200 | Message: User updated successfully.
19-07-2025 23:12:37 | INFO: status: 200 | Message: User image have been changes successfully.
19-07-2025 23:12:42 | INFO: status: 304 | Message: Clients has been sent successfully.
19-07-2025 23:12:42 | INFO: status: 304 | Message: Available clients have been sent successfully. 
19-07-2025 23:12:42 | INFO: status: 200 | Message: Clients has been sent successfully.
19-07-2025 23:12:42 | INFO: status: 200 | Message: Available clients have been sent successfully. 
19-07-2025 23:12:42 | INFO: status: 304 | Message: Program sent successfully.
19-07-2025 23:12:42 | INFO: status: 200 | Message: Program sent successfully.
19-07-2025 23:13:36 | INFO: status: 200 | Message: User sent successfully.
19-07-2025 23:13:36 | INFO: status: 200 | Message: User sent successfully.
19-07-2025 23:13:36 | INFO: status: 200 | Message: Available clients have been sent successfully. 
19-07-2025 23:13:36 | INFO: status: 304 | Message: Clients has been sent successfully.
19-07-2025 23:13:36 | INFO: status: 200 | Message: Clients has been sent successfully.
19-07-2025 23:13:36 | INFO: status: 304 | Message: Available clients have been sent successfully. 
19-07-2025 23:13:36 | INFO: status: 304 | Message: Program sent successfully.
19-07-2025 23:13:36 | INFO: status: 200 | Message: Program sent successfully.
19-07-2025 23:13:36 | INFO: status: 200 | Message: Clients has been sent successfully.
19-07-2025 23:13:36 | INFO: status: 200 | Message: Program sent successfully.
19-07-2025 23:13:38 | INFO: status: 304 | Message: User sent successfully.
19-07-2025 23:13:38 | INFO: status: 200 | Message: User sent successfully.
19-07-2025 23:13:38 | INFO: status: 200 | Message: Available clients have been sent successfully. 
19-07-2025 23:13:38 | INFO: status: 304 | Message: Available clients have been sent successfully. 
19-07-2025 23:13:38 | INFO: status: 304 | Message: Clients has been sent successfully.
19-07-2025 23:13:38 | INFO: status: 200 | Message: Clients has been sent successfully.
19-07-2025 23:13:38 | INFO: status: 200 | Message: Program sent successfully.
19-07-2025 23:13:38 | INFO: status: 304 | Message: Program sent successfully.
19-07-2025 23:13:58 | INFO: status: 200 | Message: User updated successfully.
19-07-2025 23:13:59 | INFO: status: 200 | Message: User sent successfully.
19-07-2025 23:14:15 | INFO: status: 200 | Message: User updated successfully.
19-07-2025 23:14:15 | INFO: status: 200 | Message: User image have been changes successfully.
19-07-2025 23:14:15 | INFO: status: 200 | Message: User sent successfully.
19-07-2025 23:14:27 | INFO: status: 200 | Message: User updated successfully.
19-07-2025 23:14:28 | INFO: status: 200 | Message: User sent successfully.
19-07-2025 23:14:33 | INFO: status: 304 | Message: Exercise have been sent successfully.
19-07-2025 23:14:33 | INFO: status: 200 | Message: Exercise have been sent successfully.
19-07-2025 23:14:34 | INFO: status: 304 | Message: Clients has been sent successfully.
19-07-2025 23:14:34 | INFO: status: 304 | Message: Clients has been sent successfully.
19-07-2025 23:14:35 | INFO: status: 200 | Message: Exercise have been sent successfully.
19-07-2025 23:14:35 | INFO: status: 304 | Message: Exercise have been sent successfully.
19-07-2025 23:15:53 | INFO: status: 200 | Message: User sent successfully.
19-07-2025 23:15:53 | INFO: status: 304 | Message: User sent successfully.
19-07-2025 23:15:53 | INFO: status: 304 | Message: Clients has been sent successfully.
19-07-2025 23:15:53 | INFO: status: 304 | Message: Available clients have been sent successfully. 
19-07-2025 23:15:53 | INFO: status: 304 | Message: Program sent successfully.
19-07-2025 23:15:53 | INFO: status: 304 | Message: Clients has been sent successfully.
19-07-2025 23:15:53 | INFO: status: 304 | Message: Available clients have been sent successfully. 
19-07-2025 23:15:54 | INFO: status: 304 | Message: Program sent successfully.
19-07-2025 23:15:54 | INFO: status: 200 | Message: Clients has been sent successfully.
19-07-2025 23:15:54 | INFO: status: 200 | Message: Program sent successfully.
19-07-2025 23:17:33 | INFO: status: 200 | Message: User updated successfully.
19-07-2025 23:17:33 | INFO: status: 200 | Message: Profile image removed successfully.
19-07-2025 23:17:33 | INFO: status: 200 | Message: User sent successfully.
19-07-2025 23:17:48 | INFO: status: 200 | Message: User updated successfully.
19-07-2025 23:17:48 | INFO: status: 200 | Message: User image have been changes successfully.
19-07-2025 23:17:49 | INFO: status: 200 | Message: User sent successfully.
19-07-2025 23:23:42 | INFO: status: 200 | Message: Exercise have been sent successfully.
19-07-2025 23:23:42 | INFO: status: 304 | Message: Exercise have been sent successfully.
19-07-2025 23:23:44 | INFO: status: 304 | Message: Clients has been sent successfully.
19-07-2025 23:23:44 | INFO: status: 200 | Message: Available clients have been sent successfully. 
19-07-2025 23:23:44 | INFO: status: 304 | Message: Available clients have been sent successfully. 
19-07-2025 23:23:44 | INFO: status: 304 | Message: Program sent successfully.
19-07-2025 23:23:44 | INFO: status: 200 | Message: Program sent successfully.
19-07-2025 23:23:45 | INFO: status: 200 | Message: Clients has been sent successfully.
19-07-2025 23:24:37 | INFO: status: 200 | Message: User updated successfully.
19-07-2025 23:24:37 | INFO: status: 200 | Message: User image have been changes successfully.
19-07-2025 23:24:38 | INFO: status: 200 | Message: User sent successfully.
19-07-2025 23:25:04 | INFO: status: 200 | Message: Available clients have been sent successfully. 
19-07-2025 23:25:04 | INFO: status: 200 | Message: Clients has been sent successfully.
19-07-2025 23:25:04 | INFO: status: 304 | Message: Clients has been sent successfully.
19-07-2025 23:25:04 | INFO: status: 304 | Message: Available clients have been sent successfully. 
19-07-2025 23:25:04 | INFO: status: 304 | Message: Program sent successfully.
19-07-2025 23:25:04 | INFO: status: 200 | Message: Program sent successfully.
19-07-2025 23:25:07 | INFO: status: 304 | Message: Program sent successfully.
19-07-2025 23:25:07 | INFO: status: 304 | Message: Program sent successfully.
19-07-2025 23:25:19 | INFO: status: 304 | Message: Exercise have been sent successfully.
19-07-2025 23:25:19 | INFO: status: 200 | Message: Exercise have been sent successfully.
19-07-2025 23:25:27 | INFO: status: 200 | Message: Available clients have been sent successfully. 
19-07-2025 23:25:27 | INFO: status: 304 | Message: Available clients have been sent successfully. 
19-07-2025 23:25:27 | INFO: status: 200 | Message: Clients has been sent successfully.
19-07-2025 23:25:27 | INFO: status: 304 | Message: Clients has been sent successfully.
19-07-2025 23:25:27 | INFO: status: 304 | Message: Program sent successfully.
19-07-2025 23:25:27 | INFO: status: 200 | Message: Program sent successfully.
19-07-2025 23:25:38 | INFO: status: 200 | Message: Program sent successfully.
19-07-2025 23:25:38 | INFO: status: 304 | Message: Program sent successfully.
19-07-2025 23:25:56 | INFO: status: 304 | Message: Exercise have been sent successfully.
19-07-2025 23:25:56 | INFO: status: 200 | Message: Exercise have been sent successfully.
19-07-2025 23:26:03 | INFO: status: 200 | Message: Program sent successfully.
19-07-2025 23:26:14 | INFO: status: 200 | Message: Program sent successfully.
19-07-2025 23:26:22 | INFO: status: 304 | Message: Clients has been sent successfully.
19-07-2025 23:26:22 | INFO: status: 304 | Message: Available clients have been sent successfully. 
19-07-2025 23:26:28 | INFO: status: 200 | Message: User assigned successfully.
19-07-2025 23:26:28 | INFO: status: 200 | Message: Program sent successfully.
19-07-2025 23:26:28 | INFO: status: 200 | Message: Available clients have been sent successfully. 
19-07-2025 23:26:45 | INFO: status: 304 | Message: Exercise have been sent successfully.
19-07-2025 23:26:45 | INFO: status: 200 | Message: Exercise have been sent successfully.
19-07-2025 23:26:51 | INFO: status: 200 | Message: Program sent successfully.
19-07-2025 23:26:52 | INFO: status: 304 | Message: Available clients have been sent successfully. 
19-07-2025 23:26:58 | INFO: status: 200 | Message: Clients has been sent successfully.
19-07-2025 23:26:58 | INFO: status: 304 | Message: Available clients have been sent successfully. 
19-07-2025 23:26:58 | INFO: status: 200 | Message: Available clients have been sent successfully. 
19-07-2025 23:26:58 | INFO: status: 200 | Message: Clients has been sent successfully.
19-07-2025 23:26:58 | INFO: status: 200 | Message: Program sent successfully.
19-07-2025 23:26:58 | INFO: status: 200 | Message: Program sent successfully.
19-07-2025 23:35:44 | ERROR: status: 500 | Message: Plan executor error during findAndModify :: caused by :: E11000 duplicate key error collection: AthletiX.users index: email_1 dup key: { email: "t8@trainer.com" }
19-07-2025 23:35:57 | INFO: status: 200 | Message: User updated successfully.
19-07-2025 23:35:57 | INFO: status: 200 | Message: User sent successfully.
19-07-2025 23:36:03 | INFO: status: 200 | Message: User updated successfully.
19-07-2025 23:36:04 | INFO: status: 200 | Message: User sent successfully.
19-07-2025 23:37:42 | INFO: status: 200 | Message: User updated successfully.
19-07-2025 23:37:43 | INFO: status: 200 | Message: User sent successfully.
19-07-2025 23:37:50 | ERROR: status: 400 | Message: Email duplicate error - Plan executor error during findAndModify :: caused by :: E11000 duplicate key error collection: AthletiX.users index: email_1 dup key: { email: "t8@trainer.com" }
19-07-2025 23:38:45 | ERROR: status: 400 | Message: Email duplicate error - Plan executor error during findAndModify :: caused by :: E11000 duplicate key error collection: AthletiX.users index: email_1 dup key: { email: "t8@trainer.com" }
19-07-2025 23:38:53 | ERROR: status: 400 | Message: Email duplicate error - Plan executor error during findAndModify :: caused by :: E11000 duplicate key error collection: AthletiX.users index: email_1 dup key: { email: "t8@trainer.com" }
19-07-2025 23:39:29 | ERROR: status: 400 | Message: Email duplicate error - Plan executor error during findAndModify :: caused by :: E11000 duplicate key error collection: AthletiX.users index: email_1 dup key: { email: "t8@trainer.com" }
19-07-2025 23:41:22 | ERROR: status: 400 | Message: Email duplicate error - Plan executor error during findAndModify :: caused by :: E11000 duplicate key error collection: AthletiX.users index: email_1 dup key: { email: "t8@trainer.com" }
19-07-2025 23:42:56 | ERROR: status: 400 | Message: Email duplicate error - Plan executor error during findAndModify :: caused by :: E11000 duplicate key error collection: AthletiX.users index: email_1 dup key: { email: "t8@trainer.com" }
19-07-2025 23:43:18 | INFO: status: 200 | Message: User sent successfully.
19-07-2025 23:43:18 | INFO: status: 200 | Message: User sent successfully.
19-07-2025 23:43:18 | INFO: status: 304 | Message: Available clients have been sent successfully. 
19-07-2025 23:43:18 | INFO: status: 304 | Message: Clients has been sent successfully.
19-07-2025 23:43:18 | INFO: status: 200 | Message: Available clients have been sent successfully. 
19-07-2025 23:43:18 | INFO: status: 304 | Message: Program sent successfully.
19-07-2025 23:43:19 | INFO: status: 200 | Message: Clients has been sent successfully.
19-07-2025 23:43:19 | INFO: status: 200 | Message: Program sent successfully.
19-07-2025 23:43:20 | INFO: status: 304 | Message: User sent successfully.
19-07-2025 23:43:20 | INFO: status: 200 | Message: User sent successfully.
19-07-2025 23:43:20 | INFO: status: 304 | Message: Available clients have been sent successfully. 
19-07-2025 23:43:20 | INFO: status: 304 | Message: Clients has been sent successfully.
19-07-2025 23:43:20 | INFO: status: 200 | Message: Clients has been sent successfully.
19-07-2025 23:43:20 | INFO: status: 304 | Message: Program sent successfully.
19-07-2025 23:43:20 | INFO: status: 200 | Message: Program sent successfully.
19-07-2025 23:43:20 | INFO: status: 200 | Message: Clients has been sent successfully.
19-07-2025 23:43:20 | INFO: status: 200 | Message: Program sent successfully.
19-07-2025 23:43:20 | INFO: status: 200 | Message: Available clients have been sent successfully. 
19-07-2025 23:43:23 | INFO: status: 200 | Message: User sent successfully.
19-07-2025 23:43:23 | INFO: status: 304 | Message: User sent successfully.
19-07-2025 23:43:24 | INFO: status: 200 | Message: Clients has been sent successfully.
19-07-2025 23:43:24 | INFO: status: 304 | Message: Clients has been sent successfully.
19-07-2025 23:43:24 | INFO: status: 304 | Message: Available clients have been sent successfully. 
19-07-2025 23:43:24 | INFO: status: 200 | Message: Available clients have been sent successfully. 
19-07-2025 23:43:24 | INFO: status: 304 | Message: Program sent successfully.
19-07-2025 23:43:24 | INFO: status: 200 | Message: Program sent successfully.
19-07-2025 23:43:24 | INFO: status: 200 | Message: Clients has been sent successfully.
19-07-2025 23:43:24 | INFO: status: 200 | Message: Program sent successfully.
19-07-2025 23:43:27 | INFO: status: 304 | Message: User sent successfully.
19-07-2025 23:43:27 | INFO: status: 200 | Message: User sent successfully.
19-07-2025 23:43:27 | INFO: status: 304 | Message: Clients has been sent successfully.
19-07-2025 23:43:27 | INFO: status: 304 | Message: Available clients have been sent successfully. 
19-07-2025 23:43:27 | INFO: status: 200 | Message: Clients has been sent successfully.
19-07-2025 23:43:27 | INFO: status: 200 | Message: Available clients have been sent successfully. 
19-07-2025 23:43:27 | INFO: status: 304 | Message: Program sent successfully.
19-07-2025 23:43:27 | INFO: status: 200 | Message: Program sent successfully.
19-07-2025 23:43:27 | INFO: status: 200 | Message: Clients has been sent successfully.
19-07-2025 23:43:27 | INFO: status: 200 | Message: Program sent successfully.
19-07-2025 23:43:47 | ERROR: status: 400 | Message: Email duplicate error - Plan executor error during findAndModify :: caused by :: E11000 duplicate key error collection: AthletiX.users index: email_1 dup key: { email: "t8@trainer.com" }
19-07-2025 23:43:52 | ERROR: status: 400 | Message: Email duplicate error - Plan executor error during findAndModify :: caused by :: E11000 duplicate key error collection: AthletiX.users index: email_1 dup key: { email: "t8@trainer.com" }
19-07-2025 23:43:59 | INFO: status: 200 | Message: User updated successfully.
19-07-2025 23:43:59 | INFO: status: 200 | Message: User sent successfully.
19-07-2025 23:44:27 | INFO: status: 200 | Message: User updated successfully.
19-07-2025 23:44:28 | INFO: status: 200 | Message: User sent successfully.
19-07-2025 23:48:34 | INFO: status: 200 | Message: User updated successfully.
19-07-2025 23:48:34 | INFO: status: 200 | Message: User sent successfully.
19-07-2025 23:48:36 | INFO: status: 304 | Message: Clients has been sent successfully.
19-07-2025 23:48:36 | INFO: status: 200 | Message: Clients has been sent successfully.
19-07-2025 23:49:07 | INFO: status: 200 | Message: User updated successfully.
19-07-2025 23:49:07 | INFO: status: 200 | Message: Profile image removed successfully.
19-07-2025 23:49:08 | INFO: status: 200 | Message: User sent successfully.
19-07-2025 23:49:17 | INFO: status: 200 | Message: User updated successfully.
19-07-2025 23:49:17 | INFO: status: 200 | Message: User image have been changes successfully.
19-07-2025 23:49:18 | INFO: status: 200 | Message: User sent successfully.
