19-05-2025 20:45:59 | ERROR: status: null | Message: Access denied.
19-05-2025 21:08:34 | ERROR: status: 400 | Message: No data provided.
19-05-2025 21:08:52 | ERROR: status: 400 | Message: "trainerId" is required
19-05-2025 21:09:35 | ERROR: status: 400 | Message: "trainerId" is not allowed to be empty
19-05-2025 21:09:40 | ERROR: status: 400 | Message: "trainerId" length must be 24 characters long
19-05-2025 21:09:47 | ERROR: status: 400 | Message: "trainerId" length must be 24 characters long
19-05-2025 21:09:50 | ERROR: status: 400 | Message: "trainerId" length must be 24 characters long
19-05-2025 21:09:53 | ERROR: status: 400 | Message: "trainerId" length must be 24 characters long
19-05-2025 21:10:17 | ERROR: status: 400 | Message: "trainerId" length must be 24 characters long
19-05-2025 21:10:21 | ERROR: status: 403 | Message: Failed to assign, Trainers can only assign themselves.
19-05-2025 21:13:45 | ERROR: status: 403 | Message: Failed to assign, Trainers can only assign themselves.
19-05-2025 21:14:12 | ERROR: status: 400 | Message: Trainer ID must be exactly 24 characters long.
19-05-2025 21:15:14 | ERROR: status: 400 | Message: Trainer ID must be exactly 24 characters long.
19-05-2025 21:16:38 | ERROR: status: 400 | Message: Trainer ID is required.
19-05-2025 21:16:58 | ERROR: status: 400 | Message: Trainer ID is required.
19-05-2025 21:17:58 | ERROR: status: 400 | Message: trainerIdis required.
19-05-2025 21:18:19 | ERROR: status: 400 | Message: trainerId is required.
19-05-2025 21:19:10 | ERROR: status: 400 | Message: "trainerId" is required.
19-05-2025 21:23:27 | ERROR: status: 400 | Message: "trainerId" is required.
19-05-2025 21:23:36 | ERROR: status: 400 | Message: Failed to assign, User already assigned to this trainer.
19-05-2025 21:38:35 | ERROR: status: 400 | Message: Failed to assign, User already assigned to this trainer.
19-05-2025 21:47:06 | ERROR: status: 403 | Message: Access denied.
19-05-2025 22:08:28 | INFO: status: 200 | Message: Clients has been sent successfully.
19-05-2025 22:08:36 | ERROR: status: 403 | Message: Access denied.
19-05-2025 22:08:45 | INFO: status: 200 | Message: Trainers has been sent successfully.
19-05-2025 22:08:49 | INFO: status: 200 | Message: Trainers has been sent successfully.
19-05-2025 22:10:14 | INFO: status: 200 | Message: Token provided.
19-05-2025 22:10:32 | ERROR: status: 403 | Message: Access denied.
19-05-2025 22:10:42 | INFO: status: 200 | Message: Trainers has been sent successfully.
19-05-2025 22:12:30 | INFO: status: 200 | Message: Trainers has been sent successfully.
19-05-2025 23:38:35 | ERROR: status: 500 | Message: trainerValidation is not defined
19-05-2025 23:38:48 | ERROR: status: 500 | Message: trainerValidation is not defined
19-05-2025 23:39:40 | ERROR: status: 400 | Message: "assignedTrainerId" is not allowed
19-05-2025 23:40:02 | ERROR: status: 500 | Message: bcrypt is not defined
19-05-2025 23:40:59 | ERROR: status: 500 | Message: bcrypt is not defined
19-05-2025 23:41:39 | ERROR: status: 500 | Message: bcrypt is not defined
19-05-2025 23:42:34 | ERROR: status: 500 | Message: data and salt arguments required
19-05-2025 23:44:51 | ERROR: status: 400 | Message: "password" is required
19-05-2025 23:45:20 | INFO: status: 200 | Message: A new trainer user created successfully.
