12-07-2025 00:38:30 | INFO: status: 304 | Message: User sent successfully.
12-07-2025 00:38:30 | INFO: status: 200 | Message: User sent successfully.
12-07-2025 00:38:30 | INFO: status: 304 | Message: Available clients have been sent successfully. 
12-07-2025 00:38:30 | INFO: status: 304 | Message: Clients has been sent successfully.
12-07-2025 00:38:30 | INFO: status: 304 | Message: Program sent successfully.
12-07-2025 00:38:30 | INFO: status: 200 | Message: Program sent successfully.
12-07-2025 00:38:30 | INFO: status: 304 | Message: Available clients have been sent successfully. 
12-07-2025 00:38:30 | INFO: status: 304 | Message: Clients has been sent successfully.
12-07-2025 00:38:31 | INFO: status: 304 | Message: Program sent successfully.
12-07-2025 00:38:31 | INFO: status: 200 | Message: Clients has been sent successfully.
12-07-2025 00:42:38 | INFO: status: 304 | Message: Exercise have been sent successfully.
12-07-2025 00:42:39 | INFO: status: 304 | Message: Exercise have been sent successfully.
12-07-2025 00:43:00 | INFO: status: 304 | Message: User sent successfully.
12-07-2025 00:43:00 | INFO: status: 200 | Message: User sent successfully.
12-07-2025 00:43:00 | INFO: status: 304 | Message: Clients has been sent successfully.
12-07-2025 00:43:00 | INFO: status: 304 | Message: Available clients have been sent successfully. 
12-07-2025 00:43:00 | INFO: status: 200 | Message: Clients has been sent successfully.
12-07-2025 00:43:00 | INFO: status: 304 | Message: Program sent successfully.
12-07-2025 00:43:00 | INFO: status: 200 | Message: Program sent successfully.
12-07-2025 00:43:00 | INFO: status: 200 | Message: Clients has been sent successfully.
12-07-2025 00:43:00 | INFO: status: 200 | Message: Program sent successfully.
12-07-2025 00:43:01 | INFO: status: 200 | Message: Available clients have been sent successfully. 
12-07-2025 00:46:58 | INFO: status: 200 | Message: Exercise have been sent successfully.
12-07-2025 00:46:58 | INFO: status: 304 | Message: Exercise have been sent successfully.
12-07-2025 00:47:51 | ERROR: status: 400 | Message: File not uploaded.
12-07-2025 00:50:06 | INFO: status: 200 | Message: User sent successfully.
12-07-2025 00:50:06 | INFO: status: 304 | Message: User sent successfully.
12-07-2025 00:50:06 | INFO: status: 200 | Message: Available clients have been sent successfully. 
12-07-2025 00:50:06 | INFO: status: 304 | Message: Clients has been sent successfully.
12-07-2025 00:50:06 | INFO: status: 304 | Message: Available clients have been sent successfully. 
12-07-2025 00:50:06 | INFO: status: 200 | Message: Clients has been sent successfully.
12-07-2025 00:50:06 | INFO: status: 304 | Message: Program sent successfully.
12-07-2025 00:50:06 | INFO: status: 200 | Message: Program sent successfully.
12-07-2025 00:50:06 | INFO: status: 304 | Message: Clients has been sent successfully.
12-07-2025 00:50:06 | INFO: status: 304 | Message: Program sent successfully.
12-07-2025 00:50:09 | INFO: status: 200 | Message: Exercise have been sent successfully.
12-07-2025 00:50:09 | INFO: status: 200 | Message: Exercise have been sent successfully.
12-07-2025 00:50:33 | INFO: status: 200 | Message: User sent successfully.
12-07-2025 00:50:33 | INFO: status: 304 | Message: User sent successfully.
12-07-2025 00:50:34 | INFO: status: 200 | Message: Available clients have been sent successfully. 
12-07-2025 00:50:34 | INFO: status: 304 | Message: Clients has been sent successfully.
12-07-2025 00:50:34 | INFO: status: 200 | Message: Clients has been sent successfully.
12-07-2025 00:50:34 | INFO: status: 304 | Message: Available clients have been sent successfully. 
12-07-2025 00:50:34 | INFO: status: 304 | Message: Program sent successfully.
12-07-2025 00:50:34 | INFO: status: 200 | Message: Program sent successfully.
12-07-2025 00:50:34 | INFO: status: 200 | Message: Clients has been sent successfully.
12-07-2025 00:50:34 | INFO: status: 200 | Message: Program sent successfully.
12-07-2025 00:50:35 | INFO: status: 304 | Message: Exercise have been sent successfully.
12-07-2025 00:50:35 | INFO: status: 200 | Message: Exercise have been sent successfully.
12-07-2025 00:52:38 | INFO: status: 200 | Message: Exercise have been sent successfully.
12-07-2025 00:52:38 | INFO: status: 200 | Message: Exercise have been sent successfully.
12-07-2025 00:52:48 | INFO: status: 304 | Message: User sent successfully.
12-07-2025 00:52:48 | INFO: status: 304 | Message: User sent successfully.
12-07-2025 00:52:48 | INFO: status: 304 | Message: Available clients have been sent successfully. 
12-07-2025 00:52:48 | INFO: status: 304 | Message: Clients has been sent successfully.
12-07-2025 00:52:48 | INFO: status: 304 | Message: Program sent successfully.
12-07-2025 00:52:48 | INFO: status: 200 | Message: Clients has been sent successfully.
12-07-2025 00:52:48 | INFO: status: 304 | Message: Clients has been sent successfully.
12-07-2025 00:52:48 | INFO: status: 304 | Message: Available clients have been sent successfully. 
12-07-2025 00:52:48 | INFO: status: 200 | Message: Program sent successfully.
12-07-2025 00:52:48 | INFO: status: 304 | Message: Program sent successfully.
12-07-2025 00:53:17 | INFO: status: 200 | Message: Exercise have been sent successfully.
12-07-2025 00:53:17 | INFO: status: 304 | Message: Exercise have been sent successfully.
12-07-2025 00:53:28 | INFO: status: 304 | Message: User sent successfully.
12-07-2025 00:53:28 | INFO: status: 200 | Message: User sent successfully.
12-07-2025 00:55:24 | INFO: status: 304 | Message: User sent successfully.
12-07-2025 00:55:24 | INFO: status: 200 | Message: User sent successfully.
12-07-2025 00:55:25 | INFO: status: 304 | Message: Clients has been sent successfully.
12-07-2025 00:55:25 | INFO: status: 200 | Message: Clients has been sent successfully.
12-07-2025 00:55:25 | INFO: status: 200 | Message: Available clients have been sent successfully. 
12-07-2025 00:55:25 | INFO: status: 304 | Message: Available clients have been sent successfully. 
12-07-2025 00:55:25 | INFO: status: 304 | Message: Program sent successfully.
12-07-2025 00:55:25 | INFO: status: 200 | Message: Program sent successfully.
12-07-2025 00:55:25 | INFO: status: 200 | Message: Clients has been sent successfully.
12-07-2025 00:55:25 | INFO: status: 200 | Message: Program sent successfully.
12-07-2025 00:55:28 | INFO: status: 304 | Message: Exercise have been sent successfully.
12-07-2025 00:55:28 | INFO: status: 200 | Message: Exercise have been sent successfully.
12-07-2025 00:56:10 | INFO: status: 304 | Message: User sent successfully.
12-07-2025 00:56:10 | INFO: status: 200 | Message: User sent successfully.
12-07-2025 00:56:10 | INFO: status: 200 | Message: Clients has been sent successfully.
12-07-2025 00:56:10 | INFO: status: 200 | Message: Available clients have been sent successfully. 
12-07-2025 00:56:10 | INFO: status: 304 | Message: Clients has been sent successfully.
12-07-2025 00:56:10 | INFO: status: 304 | Message: Available clients have been sent successfully. 
12-07-2025 00:56:10 | INFO: status: 200 | Message: Program sent successfully.
12-07-2025 00:56:10 | INFO: status: 304 | Message: Program sent successfully.
12-07-2025 00:56:10 | INFO: status: 200 | Message: Clients has been sent successfully.
12-07-2025 00:56:10 | INFO: status: 200 | Message: Program sent successfully.
12-07-2025 00:56:14 | INFO: status: 200 | Message: Exercise have been sent successfully.
12-07-2025 00:56:14 | INFO: status: 304 | Message: Exercise have been sent successfully.
12-07-2025 00:56:22 | INFO: status: 200 | Message: User sent successfully.
12-07-2025 00:56:22 | INFO: status: 304 | Message: User sent successfully.
12-07-2025 00:56:23 | INFO: status: 304 | Message: Clients has been sent successfully.
12-07-2025 00:56:23 | INFO: status: 304 | Message: Available clients have been sent successfully. 
12-07-2025 00:56:23 | INFO: status: 200 | Message: Available clients have been sent successfully. 
12-07-2025 00:56:23 | INFO: status: 200 | Message: Clients has been sent successfully.
12-07-2025 00:56:23 | INFO: status: 304 | Message: Program sent successfully.
12-07-2025 00:56:23 | INFO: status: 200 | Message: Program sent successfully.
12-07-2025 00:56:23 | INFO: status: 200 | Message: Clients has been sent successfully.
12-07-2025 00:56:23 | INFO: status: 200 | Message: Program sent successfully.
12-07-2025 00:57:14 | INFO: status: 304 | Message: Clients has been sent successfully.
12-07-2025 00:57:14 | INFO: status: 200 | Message: Clients has been sent successfully.
12-07-2025 00:57:36 | INFO: status: 304 | Message: Available clients have been sent successfully. 
12-07-2025 00:57:36 | INFO: status: 304 | Message: Clients has been sent successfully.
12-07-2025 00:57:36 | INFO: status: 200 | Message: Clients has been sent successfully.
12-07-2025 00:57:36 | INFO: status: 200 | Message: Available clients have been sent successfully. 
12-07-2025 00:57:36 | INFO: status: 304 | Message: Program sent successfully.
12-07-2025 00:57:36 | INFO: status: 200 | Message: Program sent successfully.
12-07-2025 00:57:46 | INFO: status: 304 | Message: Exercise have been sent successfully.
12-07-2025 00:57:46 | INFO: status: 200 | Message: Exercise have been sent successfully.
12-07-2025 01:00:29 | INFO: status: 304 | Message: Clients has been sent successfully.
12-07-2025 01:00:29 | INFO: status: 304 | Message: Available clients have been sent successfully. 
12-07-2025 01:00:29 | INFO: status: 200 | Message: Available clients have been sent successfully. 
12-07-2025 01:00:29 | INFO: status: 200 | Message: Clients has been sent successfully.
12-07-2025 01:00:29 | INFO: status: 304 | Message: Program sent successfully.
12-07-2025 01:00:29 | INFO: status: 200 | Message: Program sent successfully.
12-07-2025 01:00:34 | INFO: status: 304 | Message: Clients has been sent successfully.
12-07-2025 01:00:35 | INFO: status: 200 | Message: Clients has been sent successfully.
12-07-2025 01:00:39 | INFO: status: 200 | Message: User 685019980c0b59a1bd118659 unassigned from trainer 68703beef075a9f0f876bd19
12-07-2025 01:00:41 | INFO: status: 200 | Message: User 68556d0cba58878e4bae5595 unassigned from trainer 68703beef075a9f0f876bd19
12-07-2025 01:00:49 | ERROR: status: 200 | Message: Failed to get own clients, User not found.
12-07-2025 01:00:49 | INFO: status: 200 | Message: Available clients have been sent successfully. 
12-07-2025 01:00:49 | INFO: status: 200 | Message: Available clients have been sent successfully. 
12-07-2025 01:00:49 | ERROR: status: 200 | Message: Failed to get own clients, User not found.
12-07-2025 01:00:49 | INFO: status: 304 | Message: Program sent successfully.
12-07-2025 01:00:49 | INFO: status: 200 | Message: Program sent successfully.
12-07-2025 01:01:07 | INFO: status: 200 | Message: User 685019980c0b59a1bd118659 assigned to trainer 68703beef075a9f0f876bd19
12-07-2025 01:01:16 | INFO: status: 200 | Message: User 6850272305d6f4444352ba5a assigned to trainer 68703beef075a9f0f876bd19
12-07-2025 01:02:25 | INFO: status: 200 | Message: User 6852c0a8ad7deeff3d9be485 assigned to trainer 68703beef075a9f0f876bd19
12-07-2025 01:02:25 | INFO: status: 200 | Message: Clients has been sent successfully.
12-07-2025 01:04:15 | INFO: status: 304 | Message: Clients has been sent successfully.
12-07-2025 01:04:15 | INFO: status: 200 | Message: Clients has been sent successfully.
12-07-2025 01:04:18 | INFO: status: 200 | Message: User 685019980c0b59a1bd118659 unassigned from trainer 68703beef075a9f0f876bd19
12-07-2025 01:04:20 | INFO: status: 200 | Message: User 6850272305d6f4444352ba5a unassigned from trainer 68703beef075a9f0f876bd19
12-07-2025 01:04:22 | INFO: status: 200 | Message: User 6852c0a8ad7deeff3d9be485 unassigned from trainer 68703beef075a9f0f876bd19
12-07-2025 01:04:26 | ERROR: status: 200 | Message: Failed to get own clients, User not found.
12-07-2025 01:04:26 | ERROR: status: 200 | Message: Failed to get own clients, User not found.
12-07-2025 01:04:26 | INFO: status: 304 | Message: Available clients have been sent successfully. 
12-07-2025 01:04:26 | INFO: status: 200 | Message: Available clients have been sent successfully. 
12-07-2025 01:04:26 | INFO: status: 200 | Message: Program sent successfully.
12-07-2025 01:04:26 | INFO: status: 304 | Message: Program sent successfully.
12-07-2025 01:04:31 | INFO: status: 200 | Message: User 685019980c0b59a1bd118659 assigned to trainer 68703beef075a9f0f876bd19
12-07-2025 01:04:31 | INFO: status: 200 | Message: Clients has been sent successfully.
12-07-2025 01:04:37 | INFO: status: 200 | Message: User 6850272305d6f4444352ba5a assigned to trainer 68703beef075a9f0f876bd19
12-07-2025 01:04:37 | INFO: status: 200 | Message: Clients has been sent successfully.
12-07-2025 01:05:00 | INFO: status: 200 | Message: User 6852c0a8ad7deeff3d9be485 assigned to trainer 68703beef075a9f0f876bd19
12-07-2025 01:05:00 | INFO: status: 200 | Message: Clients has been sent successfully.
12-07-2025 01:06:02 | INFO: status: 304 | Message: Clients has been sent successfully.
12-07-2025 01:06:02 | INFO: status: 200 | Message: Clients has been sent successfully.
12-07-2025 01:06:05 | INFO: status: 304 | Message: Clients has been sent successfully.
12-07-2025 01:06:05 | INFO: status: 200 | Message: Clients has been sent successfully.
12-07-2025 01:06:05 | INFO: status: 200 | Message: Available clients have been sent successfully. 
12-07-2025 01:06:05 | INFO: status: 200 | Message: Available clients have been sent successfully. 
12-07-2025 01:06:05 | INFO: status: 304 | Message: Program sent successfully.
12-07-2025 01:06:05 | INFO: status: 200 | Message: Program sent successfully.
12-07-2025 01:06:07 | INFO: status: 304 | Message: Exercise have been sent successfully.
12-07-2025 01:06:07 | INFO: status: 200 | Message: Exercise have been sent successfully.
12-07-2025 01:06:08 | INFO: status: 304 | Message: Available clients have been sent successfully. 
12-07-2025 01:06:08 | INFO: status: 200 | Message: Available clients have been sent successfully. 
12-07-2025 01:06:08 | INFO: status: 304 | Message: Clients has been sent successfully.
12-07-2025 01:06:08 | INFO: status: 200 | Message: Clients has been sent successfully.
12-07-2025 01:06:08 | INFO: status: 304 | Message: Program sent successfully.
12-07-2025 01:06:08 | INFO: status: 200 | Message: Program sent successfully.
12-07-2025 01:06:10 | INFO: status: 304 | Message: Exercise have been sent successfully.
12-07-2025 01:06:10 | INFO: status: 200 | Message: Exercise have been sent successfully.
12-07-2025 01:09:04 | INFO: status: 200 | Message: Program sent successfully.
12-07-2025 01:15:30 | INFO: status: 200 | Message: User sent successfully.
12-07-2025 01:15:30 | INFO: status: 304 | Message: User sent successfully.
12-07-2025 01:15:30 | INFO: status: 200 | Message: Available clients have been sent successfully. 
12-07-2025 01:15:30 | INFO: status: 304 | Message: Available clients have been sent successfully. 
12-07-2025 01:15:30 | INFO: status: 304 | Message: Clients has been sent successfully.
12-07-2025 01:15:30 | INFO: status: 200 | Message: Clients has been sent successfully.
12-07-2025 01:15:30 | INFO: status: 200 | Message: Program sent successfully.
12-07-2025 01:15:30 | INFO: status: 304 | Message: Program sent successfully.
12-07-2025 01:15:30 | INFO: status: 200 | Message: Clients has been sent successfully.
12-07-2025 01:15:30 | INFO: status: 200 | Message: Program sent successfully.
12-07-2025 01:29:45 | INFO: status: 200 | Message: Program created successfully.
12-07-2025 01:29:45 | INFO: status: 200 | Message: Available clients have been sent successfully. 
12-07-2025 01:29:45 | INFO: status: 304 | Message: Clients has been sent successfully.
12-07-2025 01:29:45 | INFO: status: 200 | Message: Clients has been sent successfully.
12-07-2025 01:29:45 | INFO: status: 304 | Message: Available clients have been sent successfully. 
12-07-2025 01:29:45 | INFO: status: 200 | Message: Program sent successfully.
12-07-2025 01:29:45 | INFO: status: 200 | Message: Program sent successfully.
12-07-2025 01:30:01 | INFO: status: 200 | Message: Program created successfully.
12-07-2025 01:30:02 | INFO: status: 200 | Message: Available clients have been sent successfully. 
12-07-2025 01:30:02 | INFO: status: 200 | Message: Clients has been sent successfully.
12-07-2025 01:30:02 | INFO: status: 304 | Message: Clients has been sent successfully.
12-07-2025 01:30:02 | INFO: status: 304 | Message: Available clients have been sent successfully. 
12-07-2025 01:30:02 | INFO: status: 200 | Message: Program sent successfully.
12-07-2025 01:30:02 | INFO: status: 200 | Message: Program sent successfully.
12-07-2025 01:30:15 | INFO: status: 200 | Message: Program created successfully.
12-07-2025 01:30:15 | INFO: status: 200 | Message: Available clients have been sent successfully. 
12-07-2025 01:30:15 | INFO: status: 304 | Message: Clients has been sent successfully.
12-07-2025 01:30:15 | INFO: status: 200 | Message: Clients has been sent successfully.
12-07-2025 01:30:15 | INFO: status: 304 | Message: Available clients have been sent successfully. 
12-07-2025 01:30:15 | INFO: status: 200 | Message: Program sent successfully.
12-07-2025 01:30:15 | INFO: status: 200 | Message: Program sent successfully.
12-07-2025 01:30:25 | INFO: status: 200 | Message: Program created successfully.
12-07-2025 01:30:26 | INFO: status: 304 | Message: Available clients have been sent successfully. 
12-07-2025 01:30:26 | INFO: status: 200 | Message: Clients has been sent successfully.
12-07-2025 01:30:26 | INFO: status: 304 | Message: Clients has been sent successfully.
12-07-2025 01:30:26 | INFO: status: 200 | Message: Available clients have been sent successfully. 
12-07-2025 01:30:26 | INFO: status: 200 | Message: Program sent successfully.
12-07-2025 01:30:26 | INFO: status: 200 | Message: Program sent successfully.
12-07-2025 01:35:42 | INFO: status: 304 | Message: Clients has been sent successfully.
12-07-2025 01:35:43 | INFO: status: 304 | Message: Clients has been sent successfully.
12-07-2025 01:36:19 | INFO: status: 200 | Message: Token provided.
12-07-2025 01:36:19 | INFO: status: 304 | Message: User sent successfully.
12-07-2025 01:36:19 | INFO: status: 200 | Message: Available clients have been sent successfully. 
12-07-2025 01:36:19 | INFO: status: 200 | Message: Clients has been sent successfully.
12-07-2025 01:36:19 | INFO: status: 304 | Message: Clients has been sent successfully.
12-07-2025 01:36:19 | INFO: status: 304 | Message: Available clients have been sent successfully. 
12-07-2025 01:36:19 | INFO: status: 304 | Message: Program sent successfully.
12-07-2025 01:36:19 | INFO: status: 200 | Message: Program sent successfully.
12-07-2025 12:41:22 | INFO: status: 200 | Message: User sent successfully.
12-07-2025 12:41:22 | INFO: status: 304 | Message: User sent successfully.
12-07-2025 12:41:23 | INFO: status: 304 | Message: Available clients have been sent successfully. 
12-07-2025 12:41:23 | INFO: status: 304 | Message: Clients has been sent successfully.
12-07-2025 12:41:23 | INFO: status: 200 | Message: Program sent successfully.
12-07-2025 12:41:23 | INFO: status: 304 | Message: Program sent successfully.
12-07-2025 12:41:23 | INFO: status: 200 | Message: Clients has been sent successfully.
12-07-2025 12:41:23 | INFO: status: 200 | Message: Program sent successfully.
12-07-2025 12:41:23 | INFO: status: 200 | Message: Clients has been sent successfully.
12-07-2025 12:41:23 | INFO: status: 200 | Message: Available clients have been sent successfully. 
12-07-2025 12:46:04 | INFO: status: 304 | Message: User sent successfully.
12-07-2025 12:46:05 | INFO: status: 304 | Message: User sent successfully.
12-07-2025 12:46:05 | INFO: status: 304 | Message: Available clients have been sent successfully. 
12-07-2025 12:46:05 | INFO: status: 304 | Message: Clients has been sent successfully.
12-07-2025 12:46:05 | INFO: status: 304 | Message: Program sent successfully.
12-07-2025 12:46:05 | INFO: status: 200 | Message: Clients has been sent successfully.
12-07-2025 12:46:05 | INFO: status: 304 | Message: Available clients have been sent successfully. 
12-07-2025 12:46:05 | INFO: status: 304 | Message: Clients has been sent successfully.
12-07-2025 12:46:05 | INFO: status: 200 | Message: Program sent successfully.
12-07-2025 12:46:05 | INFO: status: 304 | Message: Program sent successfully.
12-07-2025 13:12:46 | INFO: status: 200 | Message: Clients has been sent successfully.
12-07-2025 13:12:46 | INFO: status: 304 | Message: Clients has been sent successfully.
12-07-2025 13:13:21 | INFO: status: 304 | Message: Clients has been sent successfully.
12-07-2025 13:13:21 | INFO: status: 304 | Message: Available clients have been sent successfully. 
12-07-2025 13:13:21 | INFO: status: 304 | Message: Clients has been sent successfully.
12-07-2025 13:13:21 | INFO: status: 200 | Message: Available clients have been sent successfully. 
12-07-2025 13:13:21 | INFO: status: 304 | Message: Program sent successfully.
12-07-2025 13:13:21 | INFO: status: 200 | Message: Program sent successfully.
12-07-2025 13:17:18 | INFO: status: 200 | Message: Exercise have been sent successfully.
12-07-2025 13:17:18 | INFO: status: 304 | Message: Exercise have been sent successfully.
12-07-2025 13:21:09 | INFO: status: 200 | Message: User sent successfully.
12-07-2025 13:21:09 | INFO: status: 304 | Message: User sent successfully.
12-07-2025 13:21:09 | INFO: status: 304 | Message: Clients has been sent successfully.
12-07-2025 13:21:09 | INFO: status: 304 | Message: Available clients have been sent successfully. 
12-07-2025 13:21:09 | INFO: status: 200 | Message: Clients has been sent successfully.
12-07-2025 13:21:09 | INFO: status: 200 | Message: Available clients have been sent successfully. 
12-07-2025 13:21:09 | INFO: status: 200 | Message: Program sent successfully.
12-07-2025 13:21:10 | INFO: status: 304 | Message: Program sent successfully.
12-07-2025 13:21:10 | INFO: status: 200 | Message: Clients has been sent successfully.
12-07-2025 13:21:10 | INFO: status: 200 | Message: Program sent successfully.
12-07-2025 13:21:14 | INFO: status: 200 | Message: Exercise have been sent successfully.
12-07-2025 13:21:14 | INFO: status: 304 | Message: Exercise have been sent successfully.
12-07-2025 13:23:49 | INFO: status: 200 | Message: Clients has been sent successfully.
12-07-2025 13:23:49 | INFO: status: 200 | Message: Available clients have been sent successfully. 
12-07-2025 13:23:49 | INFO: status: 304 | Message: Available clients have been sent successfully. 
12-07-2025 13:23:49 | INFO: status: 304 | Message: Clients has been sent successfully.
12-07-2025 13:23:49 | INFO: status: 200 | Message: Program sent successfully.
12-07-2025 13:23:49 | INFO: status: 304 | Message: Program sent successfully.
12-07-2025 13:24:17 | INFO: status: 200 | Message: User 68556d0cba58878e4bae5595 assigned to trainer 68703beef075a9f0f876bd19
12-07-2025 13:24:17 | INFO: status: 200 | Message: Clients has been sent successfully.
12-07-2025 13:24:22 | INFO: status: 304 | Message: Clients has been sent successfully.
12-07-2025 13:24:22 | INFO: status: 200 | Message: Clients has been sent successfully.
12-07-2025 13:24:24 | INFO: status: 200 | Message: User 6850272305d6f4444352ba5a unassigned from trainer 68703beef075a9f0f876bd19
12-07-2025 13:24:26 | INFO: status: 200 | Message: User 6852c0a8ad7deeff3d9be485 unassigned from trainer 68703beef075a9f0f876bd19
12-07-2025 13:24:28 | INFO: status: 200 | Message: User 685019980c0b59a1bd118659 unassigned from trainer 68703beef075a9f0f876bd19
12-07-2025 13:24:29 | INFO: status: 200 | Message: Clients has been sent successfully.
12-07-2025 13:24:29 | INFO: status: 200 | Message: Clients has been sent successfully.
12-07-2025 13:24:29 | INFO: status: 200 | Message: Available clients have been sent successfully. 
12-07-2025 13:24:29 | INFO: status: 200 | Message: Available clients have been sent successfully. 
12-07-2025 13:24:29 | INFO: status: 304 | Message: Program sent successfully.
12-07-2025 13:24:29 | INFO: status: 200 | Message: Program sent successfully.
12-07-2025 13:42:38 | INFO: status: 200 | Message: User sent successfully.
12-07-2025 13:42:38 | INFO: status: 304 | Message: User sent successfully.
12-07-2025 13:47:39 | INFO: status: 304 | Message: User sent successfully.
12-07-2025 13:47:39 | INFO: status: 200 | Message: User sent successfully.
12-07-2025 14:05:19 | INFO: status: 304 | Message: User sent successfully.
12-07-2025 14:05:19 | INFO: status: 304 | Message: User sent successfully.
12-07-2025 14:17:20 | INFO: status: 304 | Message: User sent successfully.
12-07-2025 14:17:20 | INFO: status: 200 | Message: User sent successfully.
12-07-2025 14:18:26 | INFO: status: 200 | Message: User sent successfully.
12-07-2025 14:18:26 | INFO: status: 304 | Message: User sent successfully.
12-07-2025 14:19:33 | ERROR: status: 400 | Message: Trainer is not the owner
12-07-2025 14:21:49 | INFO: status: 200 | Message: Clients has been sent successfully.
12-07-2025 14:21:49 | INFO: status: 200 | Message: Available clients have been sent successfully. 
12-07-2025 14:21:49 | INFO: status: 200 | Message: Program sent successfully.
12-07-2025 14:21:49 | INFO: status: 304 | Message: Program sent successfully.
12-07-2025 14:21:49 | INFO: status: 304 | Message: Clients has been sent successfully.
12-07-2025 14:21:49 | INFO: status: 304 | Message: Available clients have been sent successfully. 
12-07-2025 14:21:59 | INFO: status: 200 | Message: User sent successfully.
12-07-2025 14:21:59 | INFO: status: 304 | Message: User sent successfully.
12-07-2025 14:22:00 | INFO: status: 304 | Message: Clients has been sent successfully.
12-07-2025 14:22:00 | INFO: status: 304 | Message: Available clients have been sent successfully. 
12-07-2025 14:22:00 | INFO: status: 200 | Message: Clients has been sent successfully.
12-07-2025 14:22:00 | INFO: status: 200 | Message: Available clients have been sent successfully. 
12-07-2025 14:22:00 | INFO: status: 304 | Message: Program sent successfully.
12-07-2025 14:22:00 | INFO: status: 200 | Message: Program sent successfully.
12-07-2025 14:22:00 | INFO: status: 200 | Message: Clients has been sent successfully.
12-07-2025 14:22:00 | INFO: status: 200 | Message: Program sent successfully.
12-07-2025 14:22:24 | ERROR: status: 400 | Message: Trainer is not the owner
12-07-2025 14:22:24 | ERROR: status: 400 | Message: Trainer is not the owner
12-07-2025 14:25:01 | ERROR: status: 400 | Message: Trainer is not the owner
12-07-2025 14:25:01 | INFO: status: 304 | Message: User sent successfully.
12-07-2025 14:25:01 | ERROR: status: 400 | Message: Trainer is not the owner
12-07-2025 14:25:01 | INFO: status: 200 | Message: User sent successfully.
12-07-2025 14:25:05 | INFO: status: 304 | Message: Clients has been sent successfully.
12-07-2025 14:25:05 | INFO: status: 200 | Message: Clients has been sent successfully.
12-07-2025 14:25:05 | INFO: status: 200 | Message: Available clients have been sent successfully. 
12-07-2025 14:25:05 | INFO: status: 304 | Message: Available clients have been sent successfully. 
12-07-2025 14:25:05 | INFO: status: 304 | Message: Program sent successfully.
12-07-2025 14:25:05 | INFO: status: 200 | Message: Program sent successfully.
12-07-2025 14:25:06 | ERROR: status: 400 | Message: Trainer is not the owner
12-07-2025 14:25:06 | ERROR: status: 400 | Message: Trainer is not the owner
12-07-2025 14:25:47 | ERROR: status: 400 | Message: Trainer is not the owner
12-07-2025 14:25:47 | INFO: status: 304 | Message: User sent successfully.
12-07-2025 14:25:47 | INFO: status: 200 | Message: User sent successfully.
12-07-2025 14:25:47 | ERROR: status: 400 | Message: Trainer is not the owner
12-07-2025 14:25:56 | INFO: status: 304 | Message: Clients has been sent successfully.
12-07-2025 14:25:56 | INFO: status: 200 | Message: Available clients have been sent successfully. 
12-07-2025 14:25:56 | INFO: status: 200 | Message: Clients has been sent successfully.
12-07-2025 14:25:56 | INFO: status: 304 | Message: Available clients have been sent successfully. 
12-07-2025 14:25:56 | INFO: status: 304 | Message: Program sent successfully.
12-07-2025 14:25:56 | INFO: status: 200 | Message: Program sent successfully.
12-07-2025 14:25:58 | ERROR: status: 400 | Message: Trainer is not the owner
12-07-2025 14:25:58 | ERROR: status: 400 | Message: Trainer is not the owner
12-07-2025 14:28:36 | INFO: status: 304 | Message: Clients has been sent successfully.
12-07-2025 14:28:36 | INFO: status: 304 | Message: Available clients have been sent successfully. 
12-07-2025 14:28:36 | INFO: status: 304 | Message: Program sent successfully.
12-07-2025 14:28:36 | INFO: status: 200 | Message: Program sent successfully.
12-07-2025 14:28:36 | INFO: status: 200 | Message: Available clients have been sent successfully. 
12-07-2025 14:28:36 | INFO: status: 200 | Message: Clients has been sent successfully.
12-07-2025 14:28:39 | ERROR: status: 400 | Message: Trainer is not the owner
12-07-2025 14:28:39 | ERROR: status: 400 | Message: Trainer is not the owner
12-07-2025 14:32:41 | INFO: status: 304 | Message: Clients has been sent successfully.
12-07-2025 14:32:41 | INFO: status: 200 | Message: Available clients have been sent successfully. 
12-07-2025 14:32:41 | INFO: status: 200 | Message: Program sent successfully.
12-07-2025 14:32:41 | INFO: status: 304 | Message: Program sent successfully.
12-07-2025 14:32:41 | INFO: status: 304 | Message: Available clients have been sent successfully. 
12-07-2025 14:32:41 | INFO: status: 200 | Message: Clients has been sent successfully.
12-07-2025 14:32:42 | ERROR: status: 400 | Message: Trainer is not the owner
12-07-2025 14:32:42 | ERROR: status: 400 | Message: Trainer is not the owner
12-07-2025 14:36:53 | INFO: status: 304 | Message: Clients has been sent successfully.
12-07-2025 14:36:53 | INFO: status: 304 | Message: Available clients have been sent successfully. 
12-07-2025 14:36:53 | INFO: status: 200 | Message: Program sent successfully.
12-07-2025 14:36:53 | INFO: status: 304 | Message: Program sent successfully.
12-07-2025 14:36:53 | INFO: status: 200 | Message: Clients has been sent successfully.
12-07-2025 14:36:53 | INFO: status: 200 | Message: Available clients have been sent successfully. 
12-07-2025 14:36:55 | ERROR: status: 400 | Message: Trainer is not the owner
12-07-2025 14:36:55 | ERROR: status: 400 | Message: Trainer is not the owner
12-07-2025 14:39:11 | INFO: status: 200 | Message: Program sent successfully.
12-07-2025 14:39:11 | INFO: status: 200 | Message: Program sent successfully.
12-07-2025 14:39:11 | INFO: status: 200 | Message: User sent successfully.
12-07-2025 14:39:11 | INFO: status: 304 | Message: User sent successfully.
12-07-2025 14:39:35 | INFO: status: 200 | Message: User sent successfully.
12-07-2025 14:39:35 | INFO: status: 200 | Message: Program sent successfully.
12-07-2025 14:39:35 | INFO: status: 304 | Message: Program sent successfully.
12-07-2025 14:39:35 | INFO: status: 304 | Message: User sent successfully.
12-07-2025 14:50:41 | INFO: status: 200 | Message: Clients has been sent successfully.
12-07-2025 14:50:41 | INFO: status: 200 | Message: Available clients have been sent successfully. 
12-07-2025 14:50:41 | INFO: status: 200 | Message: Program sent successfully.
12-07-2025 14:50:41 | INFO: status: 304 | Message: Program sent successfully.
12-07-2025 14:50:42 | INFO: status: 304 | Message: Available clients have been sent successfully. 
12-07-2025 14:50:42 | INFO: status: 304 | Message: Clients has been sent successfully.
12-07-2025 14:50:43 | INFO: status: 200 | Message: Program sent successfully.
12-07-2025 14:50:43 | INFO: status: 200 | Message: Program sent successfully.
12-07-2025 14:57:25 | INFO: status: 200 | Message: Available clients have been sent successfully. 
12-07-2025 14:57:25 | INFO: status: 304 | Message: Available clients have been sent successfully. 
12-07-2025 14:57:25 | INFO: status: 200 | Message: Clients has been sent successfully.
12-07-2025 14:57:25 | INFO: status: 304 | Message: Clients has been sent successfully.
12-07-2025 14:57:25 | INFO: status: 200 | Message: Program sent successfully.
12-07-2025 14:57:25 | INFO: status: 304 | Message: Program sent successfully.
12-07-2025 14:58:49 | INFO: status: 304 | Message: User sent successfully.
12-07-2025 14:58:49 | INFO: status: 304 | Message: User sent successfully.
12-07-2025 14:58:49 | INFO: status: 304 | Message: Available clients have been sent successfully. 
12-07-2025 14:58:49 | INFO: status: 304 | Message: Clients has been sent successfully.
12-07-2025 14:58:49 | INFO: status: 304 | Message: Program sent successfully.
12-07-2025 14:58:49 | INFO: status: 200 | Message: Clients has been sent successfully.
12-07-2025 14:58:49 | INFO: status: 304 | Message: Available clients have been sent successfully. 
12-07-2025 14:58:49 | INFO: status: 304 | Message: Clients has been sent successfully.
12-07-2025 14:58:49 | INFO: status: 200 | Message: Program sent successfully.
12-07-2025 14:58:50 | INFO: status: 304 | Message: Program sent successfully.
12-07-2025 14:58:56 | INFO: status: 304 | Message: Program sent successfully.
12-07-2025 14:58:57 | INFO: status: 304 | Message: Program sent successfully.
12-07-2025 14:58:59 | INFO: status: 304 | Message: Available clients have been sent successfully. 
12-07-2025 14:58:59 | INFO: status: 200 | Message: Clients has been sent successfully.
12-07-2025 14:58:59 | INFO: status: 304 | Message: Clients has been sent successfully.
12-07-2025 14:58:59 | INFO: status: 200 | Message: Available clients have been sent successfully. 
12-07-2025 14:58:59 | INFO: status: 200 | Message: Program sent successfully.
12-07-2025 14:58:59 | INFO: status: 304 | Message: Program sent successfully.
12-07-2025 15:02:18 | INFO: status: 304 | Message: Exercise have been sent successfully.
12-07-2025 15:02:18 | INFO: status: 304 | Message: Exercise have been sent successfully.
12-07-2025 15:04:29 | INFO: status: 200 | Message: Available clients have been sent successfully. 
12-07-2025 15:04:29 | INFO: status: 200 | Message: Clients has been sent successfully.
12-07-2025 15:04:29 | INFO: status: 304 | Message: Available clients have been sent successfully. 
12-07-2025 15:04:29 | INFO: status: 304 | Message: Clients has been sent successfully.
12-07-2025 15:04:29 | INFO: status: 200 | Message: Program sent successfully.
12-07-2025 15:04:29 | INFO: status: 304 | Message: Program sent successfully.
12-07-2025 15:04:30 | INFO: status: 200 | Message: Program sent successfully.
12-07-2025 15:04:30 | INFO: status: 200 | Message: Program sent successfully.
12-07-2025 20:08:26 | INFO: status: 304 | Message: Clients has been sent successfully.
12-07-2025 20:08:26 | INFO: status: 304 | Message: Available clients have been sent successfully. 
12-07-2025 20:08:26 | INFO: status: 200 | Message: Available clients have been sent successfully. 
12-07-2025 20:08:26 | INFO: status: 304 | Message: Program sent successfully.
12-07-2025 20:08:26 | INFO: status: 200 | Message: Clients has been sent successfully.
12-07-2025 20:08:26 | INFO: status: 200 | Message: Program sent successfully.
12-07-2025 20:44:18 | INFO: status: 200 | Message: Program sent successfully.
12-07-2025 20:44:18 | INFO: status: 304 | Message: Program sent successfully.
12-07-2025 20:47:14 | INFO: status: 304 | Message: Available clients have been sent successfully. 
12-07-2025 20:47:28 | INFO: status: 304 | Message: Available clients have been sent successfully. 
12-07-2025 20:50:35 | INFO: status: 304 | Message: Available clients have been sent successfully. 
12-07-2025 20:54:46 | INFO: status: 200 | Message: Program sent successfully.
12-07-2025 20:54:46 | INFO: status: 304 | Message: Program sent successfully.
12-07-2025 20:54:46 | INFO: status: 200 | Message: User sent successfully.
12-07-2025 20:54:46 | INFO: status: 304 | Message: User sent successfully.
12-07-2025 20:55:20 | INFO: status: 304 | Message: Program sent successfully.
12-07-2025 20:55:20 | INFO: status: 200 | Message: User sent successfully.
12-07-2025 20:55:20 | INFO: status: 304 | Message: User sent successfully.
12-07-2025 20:55:20 | INFO: status: 200 | Message: Program sent successfully.
12-07-2025 20:55:23 | INFO: status: 304 | Message: Available clients have been sent successfully. 
12-07-2025 20:55:23 | INFO: status: 304 | Message: Clients has been sent successfully.
12-07-2025 20:58:03 | INFO: status: 304 | Message: Clients has been sent successfully.
12-07-2025 20:58:03 | INFO: status: 304 | Message: Available clients have been sent successfully. 
12-07-2025 20:58:11 | INFO: status: 304 | Message: Program sent successfully.
12-07-2025 20:58:11 | INFO: status: 200 | Message: Program sent successfully.
12-07-2025 20:58:11 | INFO: status: 200 | Message: User sent successfully.
12-07-2025 20:58:11 | INFO: status: 304 | Message: User sent successfully.
12-07-2025 20:58:13 | INFO: status: 304 | Message: Clients has been sent successfully.
12-07-2025 20:58:13 | INFO: status: 304 | Message: Available clients have been sent successfully. 
12-07-2025 20:58:59 | INFO: status: 304 | Message: Clients has been sent successfully.
12-07-2025 20:58:59 | INFO: status: 304 | Message: Available clients have been sent successfully. 
12-07-2025 20:59:16 | INFO: status: 304 | Message: Clients has been sent successfully.
12-07-2025 20:59:16 | INFO: status: 304 | Message: Available clients have been sent successfully. 
12-07-2025 20:59:19 | INFO: status: 304 | Message: Clients has been sent successfully.
12-07-2025 20:59:19 | INFO: status: 304 | Message: Available clients have been sent successfully. 
12-07-2025 20:59:24 | INFO: status: 304 | Message: Clients has been sent successfully.
12-07-2025 20:59:24 | INFO: status: 304 | Message: Available clients have been sent successfully. 
12-07-2025 20:59:55 | INFO: status: 304 | Message: Clients has been sent successfully.
12-07-2025 20:59:55 | INFO: status: 304 | Message: Available clients have been sent successfully. 
12-07-2025 21:01:09 | INFO: status: 304 | Message: Program sent successfully.
12-07-2025 21:01:09 | INFO: status: 304 | Message: User sent successfully.
12-07-2025 21:01:09 | INFO: status: 200 | Message: User sent successfully.
12-07-2025 21:01:09 | INFO: status: 200 | Message: Program sent successfully.
12-07-2025 21:01:10 | INFO: status: 304 | Message: Available clients have been sent successfully. 
12-07-2025 21:01:10 | INFO: status: 304 | Message: Clients has been sent successfully.
12-07-2025 21:02:59 | INFO: status: 200 | Message: Program sent successfully.
12-07-2025 21:02:59 | INFO: status: 304 | Message: User sent successfully.
12-07-2025 21:02:59 | INFO: status: 200 | Message: User sent successfully.
12-07-2025 21:02:59 | INFO: status: 304 | Message: Program sent successfully.
12-07-2025 21:03:00 | INFO: status: 200 | Message: Clients has been sent successfully.
12-07-2025 21:03:00 | INFO: status: 304 | Message: Available clients have been sent successfully. 
12-07-2025 21:03:29 | INFO: status: 304 | Message: Clients has been sent successfully.
12-07-2025 21:03:29 | INFO: status: 304 | Message: Available clients have been sent successfully. 
12-07-2025 21:03:46 | INFO: status: 304 | Message: Clients has been sent successfully.
12-07-2025 21:03:46 | INFO: status: 304 | Message: Available clients have been sent successfully. 
12-07-2025 21:03:46 | INFO: status: 200 | Message: Clients has been sent successfully.
12-07-2025 21:03:46 | INFO: status: 200 | Message: Program sent successfully.
12-07-2025 21:03:47 | INFO: status: 200 | Message: Available clients have been sent successfully. 
12-07-2025 21:03:47 | INFO: status: 304 | Message: Program sent successfully.
12-07-2025 21:03:51 | INFO: status: 200 | Message: User 6850272305d6f4444352ba5a assigned to trainer 68703beef075a9f0f876bd19
12-07-2025 21:03:51 | INFO: status: 200 | Message: Clients has been sent successfully.
12-07-2025 21:03:54 | INFO: status: 200 | Message: User 685019980c0b59a1bd118659 assigned to trainer 68703beef075a9f0f876bd19
12-07-2025 21:03:54 | INFO: status: 200 | Message: Clients has been sent successfully.
12-07-2025 21:05:06 | INFO: status: 304 | Message: Clients has been sent successfully.
12-07-2025 21:05:06 | INFO: status: 200 | Message: Clients has been sent successfully.
12-07-2025 21:05:08 | INFO: status: 304 | Message: Clients has been sent successfully.
12-07-2025 21:05:08 | INFO: status: 200 | Message: Clients has been sent successfully.
12-07-2025 21:05:08 | INFO: status: 200 | Message: Available clients have been sent successfully. 
12-07-2025 21:05:08 | INFO: status: 200 | Message: Available clients have been sent successfully. 
12-07-2025 21:05:09 | INFO: status: 304 | Message: Program sent successfully.
12-07-2025 21:05:09 | INFO: status: 200 | Message: Program sent successfully.
12-07-2025 21:05:10 | INFO: status: 304 | Message: Program sent successfully.
12-07-2025 21:05:10 | INFO: status: 200 | Message: Program sent successfully.
12-07-2025 21:05:12 | INFO: status: 304 | Message: Available clients have been sent successfully. 
12-07-2025 21:05:12 | INFO: status: 304 | Message: Clients has been sent successfully.
12-07-2025 21:05:15 | INFO: status: 304 | Message: Clients has been sent successfully.
12-07-2025 21:05:15 | INFO: status: 304 | Message: Available clients have been sent successfully. 
12-07-2025 21:09:24 | INFO: status: 304 | Message: Clients has been sent successfully.
12-07-2025 21:09:24 | INFO: status: 304 | Message: Available clients have been sent successfully. 
12-07-2025 21:10:44 | INFO: status: 304 | Message: Clients has been sent successfully.
12-07-2025 21:10:44 | INFO: status: 304 | Message: Available clients have been sent successfully. 
12-07-2025 21:12:01 | INFO: status: 200 | Message: Program sent successfully.
12-07-2025 21:12:01 | INFO: status: 304 | Message: User sent successfully.
12-07-2025 21:12:01 | INFO: status: 200 | Message: User sent successfully.
12-07-2025 21:12:01 | INFO: status: 304 | Message: Program sent successfully.
12-07-2025 21:12:04 | INFO: status: 304 | Message: Clients has been sent successfully.
12-07-2025 21:12:04 | INFO: status: 304 | Message: Available clients have been sent successfully. 
12-07-2025 21:15:43 | INFO: status: 200 | Message: Program sent successfully.
12-07-2025 21:15:43 | INFO: status: 304 | Message: User sent successfully.
12-07-2025 21:15:43 | INFO: status: 304 | Message: Program sent successfully.
12-07-2025 21:15:43 | INFO: status: 200 | Message: User sent successfully.
12-07-2025 21:16:51 | INFO: status: 304 | Message: User sent successfully.
12-07-2025 21:16:51 | INFO: status: 200 | Message: User sent successfully.
12-07-2025 21:16:51 | INFO: status: 200 | Message: Program sent successfully.
12-07-2025 21:16:51 | INFO: status: 304 | Message: Program sent successfully.
12-07-2025 21:17:27 | INFO: status: 304 | Message: Clients has been sent successfully.
12-07-2025 21:17:27 | INFO: status: 304 | Message: Available clients have been sent successfully. 
12-07-2025 21:22:56 | INFO: status: 304 | Message: Clients has been sent successfully.
12-07-2025 21:22:56 | INFO: status: 304 | Message: Available clients have been sent successfully. 
12-07-2025 21:24:53 | INFO: status: 304 | Message: Clients has been sent successfully.
12-07-2025 21:24:53 | INFO: status: 304 | Message: Available clients have been sent successfully. 
12-07-2025 21:25:30 | INFO: status: 200 | Message: Program sent successfully.
12-07-2025 21:25:30 | INFO: status: 200 | Message: User sent successfully.
12-07-2025 21:25:30 | INFO: status: 304 | Message: User sent successfully.
12-07-2025 21:25:30 | INFO: status: 304 | Message: Program sent successfully.
12-07-2025 21:25:32 | INFO: status: 304 | Message: Clients has been sent successfully.
12-07-2025 21:25:32 | INFO: status: 304 | Message: Available clients have been sent successfully. 
12-07-2025 21:25:42 | INFO: status: 304 | Message: Clients has been sent successfully.
12-07-2025 21:25:42 | INFO: status: 304 | Message: Available clients have been sent successfully. 
12-07-2025 21:25:42 | INFO: status: 200 | Message: Clients has been sent successfully.
12-07-2025 21:25:42 | INFO: status: 200 | Message: Available clients have been sent successfully. 
12-07-2025 21:25:42 | INFO: status: 304 | Message: Program sent successfully.
12-07-2025 21:25:42 | INFO: status: 200 | Message: Program sent successfully.
12-07-2025 21:25:49 | INFO: status: 200 | Message: Program sent successfully.
12-07-2025 21:25:49 | INFO: status: 304 | Message: Program sent successfully.
12-07-2025 21:25:51 | INFO: status: 304 | Message: Clients has been sent successfully.
12-07-2025 21:25:51 | INFO: status: 304 | Message: Available clients have been sent successfully. 
12-07-2025 21:26:34 | INFO: status: 304 | Message: Clients has been sent successfully.
12-07-2025 21:26:34 | INFO: status: 304 | Message: Available clients have been sent successfully. 
12-07-2025 21:26:36 | INFO: status: 200 | Message: User assigned successfully.
12-07-2025 21:26:54 | INFO: status: 200 | Message: Clients has been sent successfully.
12-07-2025 21:26:54 | INFO: status: 304 | Message: Available clients have been sent successfully. 
12-07-2025 21:27:07 | INFO: status: 200 | Message: Program sent successfully.
12-07-2025 21:27:07 | INFO: status: 304 | Message: User sent successfully.
12-07-2025 21:27:07 | INFO: status: 200 | Message: Program sent successfully.
12-07-2025 21:27:07 | INFO: status: 304 | Message: User sent successfully.
12-07-2025 21:30:06 | INFO: status: 304 | Message: Clients has been sent successfully.
12-07-2025 21:30:06 | INFO: status: 304 | Message: Available clients have been sent successfully. 
12-07-2025 21:30:06 | INFO: status: 200 | Message: Program sent successfully.
12-07-2025 21:30:06 | INFO: status: 200 | Message: Program sent successfully.
12-07-2025 21:30:07 | INFO: status: 200 | Message: Clients has been sent successfully.
12-07-2025 21:30:07 | INFO: status: 200 | Message: Available clients have been sent successfully. 
12-07-2025 21:30:17 | INFO: status: 304 | Message: Clients has been sent successfully.
12-07-2025 21:30:17 | INFO: status: 200 | Message: Clients has been sent successfully.
12-07-2025 21:30:28 | INFO: status: 200 | Message: Exercise have been sent successfully.
12-07-2025 21:30:28 | INFO: status: 304 | Message: Exercise have been sent successfully.
12-07-2025 21:30:29 | INFO: status: 304 | Message: Clients has been sent successfully.
12-07-2025 21:30:29 | INFO: status: 304 | Message: Available clients have been sent successfully. 
12-07-2025 21:30:29 | INFO: status: 200 | Message: Available clients have been sent successfully. 
12-07-2025 21:30:29 | INFO: status: 200 | Message: Clients has been sent successfully.
12-07-2025 21:30:29 | INFO: status: 304 | Message: Program sent successfully.
12-07-2025 21:30:29 | INFO: status: 200 | Message: Program sent successfully.
12-07-2025 21:30:32 | INFO: status: 304 | Message: Program sent successfully.
12-07-2025 21:30:32 | INFO: status: 304 | Message: Program sent successfully.
12-07-2025 21:33:30 | INFO: status: 200 | Message: Clients has been sent successfully.
12-07-2025 21:33:30 | INFO: status: 304 | Message: Clients has been sent successfully.
12-07-2025 21:33:30 | INFO: status: 200 | Message: Available clients have been sent successfully. 
12-07-2025 21:33:30 | INFO: status: 304 | Message: Available clients have been sent successfully. 
12-07-2025 21:33:30 | INFO: status: 200 | Message: Program sent successfully.
12-07-2025 21:33:30 | INFO: status: 304 | Message: Program sent successfully.
12-07-2025 21:33:33 | INFO: status: 304 | Message: Program sent successfully.
12-07-2025 21:33:33 | INFO: status: 200 | Message: Program sent successfully.
12-07-2025 21:33:35 | INFO: status: 304 | Message: Clients has been sent successfully.
12-07-2025 21:33:35 | INFO: status: 304 | Message: Available clients have been sent successfully. 
12-07-2025 21:33:38 | INFO: status: 200 | Message: User assigned successfully.
12-07-2025 21:34:30 | INFO: status: 200 | Message: Clients has been sent successfully.
12-07-2025 21:34:30 | INFO: status: 304 | Message: Available clients have been sent successfully. 
12-07-2025 21:34:34 | INFO: status: 200 | Message: Program sent successfully.
12-07-2025 21:34:34 | INFO: status: 200 | Message: User sent successfully.
12-07-2025 21:34:34 | INFO: status: 304 | Message: User sent successfully.
12-07-2025 21:34:34 | INFO: status: 200 | Message: Program sent successfully.
12-07-2025 21:34:36 | INFO: status: 304 | Message: Clients has been sent successfully.
12-07-2025 21:34:36 | INFO: status: 200 | Message: Clients has been sent successfully.
12-07-2025 21:34:36 | INFO: status: 304 | Message: Available clients have been sent successfully. 
12-07-2025 21:34:36 | INFO: status: 200 | Message: Available clients have been sent successfully. 
12-07-2025 21:34:36 | INFO: status: 200 | Message: Program sent successfully.
12-07-2025 21:34:36 | INFO: status: 200 | Message: Program sent successfully.
12-07-2025 21:34:46 | INFO: status: 200 | Message: Program sent successfully.
12-07-2025 21:34:46 | INFO: status: 200 | Message: Program sent successfully.
12-07-2025 21:34:48 | INFO: status: 304 | Message: Clients has been sent successfully.
12-07-2025 21:34:48 | INFO: status: 304 | Message: Available clients have been sent successfully. 
12-07-2025 21:34:50 | INFO: status: 200 | Message: User assigned successfully.
12-07-2025 21:35:12 | INFO: status: 200 | Message: Program sent successfully.
12-07-2025 21:35:12 | INFO: status: 304 | Message: User sent successfully.
12-07-2025 21:35:12 | INFO: status: 200 | Message: User sent successfully.
12-07-2025 21:35:12 | INFO: status: 200 | Message: Program sent successfully.
12-07-2025 21:35:23 | INFO: status: 200 | Message: Clients has been sent successfully.
12-07-2025 21:35:23 | INFO: status: 200 | Message: Clients has been sent successfully.
12-07-2025 21:35:23 | INFO: status: 304 | Message: Available clients have been sent successfully. 
12-07-2025 21:35:23 | INFO: status: 200 | Message: Available clients have been sent successfully. 
12-07-2025 21:35:23 | INFO: status: 200 | Message: Program sent successfully.
12-07-2025 21:35:23 | INFO: status: 200 | Message: Program sent successfully.
12-07-2025 21:35:30 | INFO: status: 200 | Message: User 6852c0a8ad7deeff3d9be485 assigned to trainer 68703beef075a9f0f876bd19
12-07-2025 21:35:31 | INFO: status: 200 | Message: Clients has been sent successfully.
12-07-2025 21:35:33 | INFO: status: 200 | Message: Program sent successfully.
12-07-2025 21:35:33 | INFO: status: 304 | Message: Program sent successfully.
12-07-2025 21:35:36 | INFO: status: 304 | Message: Clients has been sent successfully.
12-07-2025 21:35:36 | INFO: status: 200 | Message: No available client found. 
12-07-2025 21:35:39 | INFO: status: 200 | Message: User assigned successfully.
12-07-2025 21:35:39 | INFO: status: 200 | Message: Program sent successfully.
12-07-2025 21:44:59 | INFO: status: 304 | Message: No available client found. 
12-07-2025 21:44:59 | INFO: status: 200 | Message: Clients has been sent successfully.
12-07-2025 21:44:59 | INFO: status: 200 | Message: Clients has been sent successfully.
12-07-2025 21:44:59 | INFO: status: 200 | Message: No available client found. 
12-07-2025 21:44:59 | INFO: status: 200 | Message: Program sent successfully.
12-07-2025 21:44:59 | INFO: status: 200 | Message: Program sent successfully.
12-07-2025 21:51:59 | INFO: status: 304 | Message: No available client found. 
12-07-2025 21:51:59 | INFO: status: 304 | Message: Clients has been sent successfully.
12-07-2025 21:51:59 | INFO: status: 304 | Message: Program sent successfully.
12-07-2025 22:07:52 | INFO: status: 304 | Message: Clients has been sent successfully.
12-07-2025 22:07:52 | INFO: status: 304 | Message: No available client found. 
12-07-2025 22:07:52 | INFO: status: 304 | Message: Program sent successfully.
12-07-2025 22:13:05 | INFO: status: 304 | Message: User sent successfully.
12-07-2025 22:13:05 | INFO: status: 200 | Message: User sent successfully.
12-07-2025 22:13:44 | INFO: status: 200 | Message: User sent successfully.
12-07-2025 22:13:44 | INFO: status: 304 | Message: User sent successfully.
12-07-2025 22:14:16 | INFO: status: 200 | Message: User sent successfully.
12-07-2025 22:14:16 | INFO: status: 304 | Message: User sent successfully.
12-07-2025 22:17:41 | INFO: status: 200 | Message: User sent successfully.
12-07-2025 22:17:41 | INFO: status: 304 | Message: User sent successfully.
12-07-2025 22:21:32 | INFO: status: 304 | Message: User sent successfully.
12-07-2025 22:21:32 | INFO: status: 304 | Message: User sent successfully.
12-07-2025 22:21:42 | INFO: status: 304 | Message: User sent successfully.
12-07-2025 22:21:42 | INFO: status: 200 | Message: User sent successfully.
12-07-2025 22:21:42 | INFO: status: 200 | Message: Clients has been sent successfully.
12-07-2025 22:21:42 | INFO: status: 200 | Message: No available client found. 
12-07-2025 22:21:42 | INFO: status: 304 | Message: No available client found. 
12-07-2025 22:21:42 | INFO: status: 304 | Message: Clients has been sent successfully.
12-07-2025 22:21:42 | INFO: status: 304 | Message: Program sent successfully.
12-07-2025 22:21:42 | INFO: status: 200 | Message: Program sent successfully.
12-07-2025 22:23:04 | INFO: status: 200 | Message: User sent successfully.
12-07-2025 22:23:04 | INFO: status: 304 | Message: User sent successfully.
12-07-2025 22:23:04 | INFO: status: 200 | Message: No available client found. 
12-07-2025 22:23:04 | INFO: status: 304 | Message: No available client found. 
12-07-2025 22:23:04 | INFO: status: 304 | Message: Clients has been sent successfully.
12-07-2025 22:23:04 | INFO: status: 200 | Message: Clients has been sent successfully.
12-07-2025 22:23:04 | INFO: status: 200 | Message: Program sent successfully.
12-07-2025 22:23:04 | INFO: status: 304 | Message: Program sent successfully.
12-07-2025 22:23:04 | INFO: status: 200 | Message: Clients has been sent successfully.
12-07-2025 22:23:05 | INFO: status: 200 | Message: Program sent successfully.
12-07-2025 22:23:20 | INFO: status: 304 | Message: Clients has been sent successfully.
12-07-2025 22:23:20 | INFO: status: 200 | Message: Clients has been sent successfully.
12-07-2025 22:23:22 | INFO: status: 304 | Message: Clients has been sent successfully.
12-07-2025 22:23:33 | INFO: status: 304 | Message: Clients has been sent successfully.
12-07-2025 22:24:48 | INFO: status: 304 | Message: Clients has been sent successfully.
12-07-2025 22:30:13 | ERROR: status: 400 | Message: User failed to register, email already in use.
12-07-2025 22:30:22 | INFO: status: 200 | Message: User registered successfully
12-07-2025 22:30:27 | INFO: status: 200 | Message: User registered successfully
12-07-2025 22:30:30 | INFO: status: 200 | Message: User registered successfully
12-07-2025 22:30:35 | INFO: status: 200 | Message: User registered successfully
12-07-2025 22:30:39 | INFO: status: 200 | Message: User sent successfully.
12-07-2025 22:30:39 | INFO: status: 304 | Message: User sent successfully.
12-07-2025 22:30:39 | INFO: status: 200 | Message: Available clients have been sent successfully. 
12-07-2025 22:30:39 | INFO: status: 304 | Message: Clients has been sent successfully.
12-07-2025 22:30:39 | INFO: status: 304 | Message: Program sent successfully.
12-07-2025 22:30:39 | INFO: status: 200 | Message: Available clients have been sent successfully. 
12-07-2025 22:30:39 | INFO: status: 304 | Message: Clients has been sent successfully.
12-07-2025 22:30:39 | INFO: status: 304 | Message: Program sent successfully.
12-07-2025 22:30:46 | INFO: status: 304 | Message: Clients has been sent successfully.
12-07-2025 22:32:06 | INFO: status: 304 | Message: Clients has been sent successfully.
12-07-2025 22:32:12 | INFO: status: 200 | Message: User 6872b7cefd93dd838ac5f5ce assigned to trainer 68703beef075a9f0f876bd19
12-07-2025 22:32:12 | INFO: status: 200 | Message: Clients has been sent successfully.
12-07-2025 22:32:15 | INFO: status: 200 | Message: User 6872b7d3fd93dd838ac5f5d1 assigned to trainer 68703beef075a9f0f876bd19
12-07-2025 22:32:15 | INFO: status: 200 | Message: Clients has been sent successfully.
12-07-2025 22:32:16 | INFO: status: 304 | Message: Clients has been sent successfully.
12-07-2025 22:33:59 | INFO: status: 304 | Message: Clients has been sent successfully.
12-07-2025 22:33:59 | INFO: status: 200 | Message: Available clients have been sent successfully. 
12-07-2025 22:33:59 | INFO: status: 304 | Message: Program sent successfully.
12-07-2025 22:34:04 | INFO: status: 304 | Message: Clients has been sent successfully.
12-07-2025 22:34:08 | INFO: status: 200 | Message: User assigned successfully.
12-07-2025 22:34:08 | INFO: status: 200 | Message: Program sent successfully.
12-07-2025 22:34:32 | INFO: status: 200 | Message: Program created successfully.
12-07-2025 22:34:32 | INFO: status: 304 | Message: Available clients have been sent successfully. 
12-07-2025 22:34:32 | INFO: status: 200 | Message: Available clients have been sent successfully. 
12-07-2025 22:34:32 | INFO: status: 200 | Message: Clients has been sent successfully.
12-07-2025 22:34:32 | INFO: status: 200 | Message: Clients has been sent successfully.
12-07-2025 22:34:32 | INFO: status: 200 | Message: Program sent successfully.
12-07-2025 22:34:32 | INFO: status: 200 | Message: Program sent successfully.
12-07-2025 22:34:34 | INFO: status: 304 | Message: Clients has been sent successfully.
12-07-2025 22:34:38 | INFO: status: 304 | Message: Clients has been sent successfully.
12-07-2025 22:34:40 | INFO: status: 200 | Message: User assigned successfully.
12-07-2025 22:34:40 | INFO: status: 200 | Message: Program sent successfully.
