26-07-2025 00:21:44 | INFO: status: 200 | Message: User sent successfully.
26-07-2025 00:21:44 | INFO: status: 304 | Message: User sent successfully.
26-07-2025 00:21:44 | INFO: status: 304 | Message: Delete requests have bees sent successfully.
26-07-2025 00:21:45 | INFO: status: 304 | Message: Delete requests have bees sent successfully.
26-07-2025 00:44:28 | INFO: status: 304 | Message: Delete requests have bees sent successfully.
26-07-2025 13:27:45 | INFO: status: 200 | Message: Token provided.
26-07-2025 13:27:45 | INFO: status: 200 | Message: User sent successfully.
26-07-2025 13:27:45 | INFO: status: 200 | Message: Clients has been sent successfully.
26-07-2025 13:27:45 | INFO: status: 200 | Message: Available clients have been sent successfully. 
26-07-2025 13:27:45 | INFO: status: 200 | Message: Program sent successfully.
26-07-2025 13:27:45 | INFO: status: 304 | Message: Program sent successfully.
26-07-2025 13:27:46 | INFO: status: 200 | Message: Available clients have been sent successfully. 
26-07-2025 13:27:46 | INFO: status: 200 | Message: Clients has been sent successfully.
26-07-2025 14:00:49 | INFO: status: 200 | Message: Clients has been sent successfully.
26-07-2025 14:00:49 | INFO: status: 304 | Message: Clients has been sent successfully.
26-07-2025 14:01:29 | INFO: status: 304 | Message: Clients has been sent successfully.
26-07-2025 14:01:29 | INFO: status: 200 | Message: Clients has been sent successfully.
26-07-2025 14:01:29 | INFO: status: 304 | Message: Available clients have been sent successfully. 
26-07-2025 14:01:29 | INFO: status: 200 | Message: Available clients have been sent successfully. 
26-07-2025 14:01:29 | INFO: status: 200 | Message: Program sent successfully.
26-07-2025 14:01:29 | INFO: status: 304 | Message: Program sent successfully.
26-07-2025 14:20:41 | INFO: status: 200 | Message: Exercise have been sent successfully.
26-07-2025 14:20:41 | INFO: status: 304 | Message: Exercise have been sent successfully.
26-07-2025 14:21:14 | INFO: status: 200 | Message: User sent successfully.
26-07-2025 14:21:14 | INFO: status: 304 | Message: User sent successfully.
26-07-2025 14:21:15 | INFO: status: 200 | Message: Available clients have been sent successfully. 
26-07-2025 14:21:15 | INFO: status: 200 | Message: Clients has been sent successfully.
26-07-2025 14:21:15 | INFO: status: 304 | Message: Clients has been sent successfully.
26-07-2025 14:21:15 | INFO: status: 304 | Message: Available clients have been sent successfully. 
26-07-2025 14:21:15 | INFO: status: 200 | Message: Program sent successfully.
26-07-2025 14:21:15 | INFO: status: 304 | Message: Program sent successfully.
26-07-2025 14:21:15 | INFO: status: 200 | Message: Clients has been sent successfully.
26-07-2025 14:21:15 | INFO: status: 200 | Message: Program sent successfully.
26-07-2025 14:21:17 | INFO: status: 304 | Message: Exercise have been sent successfully.
26-07-2025 14:21:17 | INFO: status: 200 | Message: Exercise have been sent successfully.
26-07-2025 14:21:19 | INFO: status: 200 | Message: User sent successfully.
26-07-2025 14:21:19 | INFO: status: 304 | Message: User sent successfully.
26-07-2025 14:21:19 | INFO: status: 304 | Message: Clients has been sent successfully.
26-07-2025 14:21:19 | INFO: status: 200 | Message: Available clients have been sent successfully. 
26-07-2025 14:21:19 | INFO: status: 200 | Message: Clients has been sent successfully.
26-07-2025 14:21:19 | INFO: status: 304 | Message: Available clients have been sent successfully. 
26-07-2025 14:21:19 | INFO: status: 304 | Message: Program sent successfully.
26-07-2025 14:21:19 | INFO: status: 200 | Message: Program sent successfully.
26-07-2025 14:21:21 | INFO: status: 304 | Message: Exercise have been sent successfully.
26-07-2025 14:21:21 | INFO: status: 200 | Message: Exercise have been sent successfully.
26-07-2025 14:22:56 | INFO: status: 304 | Message: Clients has been sent successfully.
26-07-2025 14:22:56 | INFO: status: 200 | Message: Clients has been sent successfully.
26-07-2025 14:23:00 | INFO: status: 304 | Message: Clients has been sent successfully.
26-07-2025 14:23:00 | INFO: status: 200 | Message: Clients has been sent successfully.
26-07-2025 14:23:00 | INFO: status: 304 | Message: Available clients have been sent successfully. 
26-07-2025 14:23:00 | INFO: status: 200 | Message: Available clients have been sent successfully. 
26-07-2025 14:23:00 | INFO: status: 304 | Message: Program sent successfully.
26-07-2025 14:23:00 | INFO: status: 200 | Message: Program sent successfully.
26-07-2025 14:30:18 | INFO: status: 200 | Message: User sent successfully.
26-07-2025 14:30:18 | INFO: status: 304 | Message: User sent successfully.
26-07-2025 14:30:18 | INFO: status: 200 | Message: Available clients have been sent successfully. 
26-07-2025 14:30:18 | INFO: status: 200 | Message: Clients has been sent successfully.
26-07-2025 14:30:18 | INFO: status: 304 | Message: Clients has been sent successfully.
26-07-2025 14:30:18 | INFO: status: 304 | Message: Available clients have been sent successfully. 
26-07-2025 14:30:18 | INFO: status: 304 | Message: Program sent successfully.
26-07-2025 14:30:18 | INFO: status: 200 | Message: Program sent successfully.
26-07-2025 14:43:13 | INFO: status: 200 | Message: User sent successfully.
26-07-2025 14:43:13 | INFO: status: 304 | Message: User sent successfully.
26-07-2025 14:43:13 | INFO: status: 304 | Message: Clients has been sent successfully.
26-07-2025 14:43:13 | INFO: status: 200 | Message: Clients has been sent successfully.
26-07-2025 14:43:13 | INFO: status: 200 | Message: Available clients have been sent successfully. 
26-07-2025 14:43:13 | INFO: status: 304 | Message: Available clients have been sent successfully. 
26-07-2025 14:43:13 | INFO: status: 304 | Message: Program sent successfully.
26-07-2025 14:43:13 | INFO: status: 200 | Message: Program sent successfully.
26-07-2025 14:54:04 | INFO: status: 200 | Message: Program sent successfully.
26-07-2025 14:54:04 | INFO: status: 304 | Message: Program sent successfully.
26-07-2025 14:54:06 | INFO: status: 200 | Message: Clients has been sent successfully.
26-07-2025 14:54:06 | INFO: status: 304 | Message: Clients has been sent successfully.
26-07-2025 14:54:06 | INFO: status: 304 | Message: Available clients have been sent successfully. 
26-07-2025 14:54:06 | INFO: status: 200 | Message: Available clients have been sent successfully. 
26-07-2025 14:54:06 | INFO: status: 200 | Message: Program sent successfully.
26-07-2025 14:54:06 | INFO: status: 304 | Message: Program sent successfully.
26-07-2025 20:57:28 | INFO: status: 200 | Message: User sent successfully.
26-07-2025 20:57:28 | INFO: status: 304 | Message: User sent successfully.
26-07-2025 20:57:28 | INFO: status: 200 | Message: Clients has been sent successfully.
26-07-2025 20:57:28 | INFO: status: 304 | Message: Clients has been sent successfully.
26-07-2025 20:57:28 | INFO: status: 304 | Message: Available clients have been sent successfully. 
26-07-2025 20:57:28 | INFO: status: 200 | Message: Program sent successfully.
26-07-2025 20:57:28 | INFO: status: 200 | Message: Available clients have been sent successfully. 
26-07-2025 20:57:28 | INFO: status: 304 | Message: Program sent successfully.
