21-07-2025 01:22:35 | INFO: status: 200 | Message: User updated successfully.
21-07-2025 01:22:35 | INFO: status: 200 | Message: Profile image removed successfully.
21-07-2025 01:22:35 | INFO: status: 200 | Message: User sent successfully.
21-07-2025 01:22:36 | INFO: status: 304 | Message: User sent successfully.
21-07-2025 01:27:22 | ERROR: status: 400 | Message: Falied to send delete request, Delete request already sent.
21-07-2025 01:28:30 | INFO: status: 200 | Message: Clients has been sent successfully.
21-07-2025 01:28:30 | INFO: status: 200 | Message: Available clients have been sent successfully. 
21-07-2025 01:28:30 | INFO: status: 304 | Message: Clients has been sent successfully.
21-07-2025 01:28:30 | INFO: status: 304 | Message: Available clients have been sent successfully. 
21-07-2025 01:28:31 | INFO: status: 304 | Message: Program sent successfully.
21-07-2025 01:28:31 | INFO: status: 200 | Message: Program sent successfully.
21-07-2025 01:28:37 | INFO: status: 200 | Message: Program sent successfully.
21-07-2025 01:28:37 | INFO: status: 200 | Message: Program sent successfully.
21-07-2025 01:28:37 | INFO: status: 200 | Message: Available clients have been sent successfully. 
21-07-2025 01:28:37 | INFO: status: 200 | Message: Available clients have been sent successfully. 
21-07-2025 01:28:37 | INFO: status: 200 | Message: Available clients have been sent successfully. 
21-07-2025 01:28:39 | INFO: status: 304 | Message: Exercise have been sent successfully.
21-07-2025 01:28:40 | INFO: status: 304 | Message: Exercise have been sent successfully.
21-07-2025 01:28:40 | INFO: status: 304 | Message: Clients has been sent successfully.
21-07-2025 01:28:40 | INFO: status: 304 | Message: Available clients have been sent successfully. 
21-07-2025 01:28:40 | INFO: status: 200 | Message: Available clients have been sent successfully. 
21-07-2025 01:28:40 | INFO: status: 304 | Message: Program sent successfully.
21-07-2025 01:28:40 | INFO: status: 200 | Message: Program sent successfully.
21-07-2025 01:28:41 | INFO: status: 200 | Message: Clients has been sent successfully.
21-07-2025 01:29:59 | INFO: status: 304 | Message: User sent successfully.
21-07-2025 01:29:59 | INFO: status: 304 | Message: User sent successfully.
21-07-2025 01:29:59 | INFO: status: 200 | Message: Clients has been sent successfully.
21-07-2025 01:29:59 | INFO: status: 200 | Message: Available clients have been sent successfully. 
21-07-2025 01:29:59 | INFO: status: 304 | Message: Clients has been sent successfully.
21-07-2025 01:29:59 | INFO: status: 304 | Message: Available clients have been sent successfully. 
21-07-2025 01:29:59 | INFO: status: 304 | Message: Program sent successfully.
21-07-2025 01:29:59 | INFO: status: 200 | Message: Clients has been sent successfully.
21-07-2025 01:29:59 | INFO: status: 200 | Message: Program sent successfully.
21-07-2025 01:29:59 | INFO: status: 304 | Message: Program sent successfully.
21-07-2025 01:30:04 | INFO: status: 200 | Message: User sent successfully.
21-07-2025 01:30:04 | INFO: status: 304 | Message: User sent successfully.
21-07-2025 01:30:04 | INFO: status: 304 | Message: Clients has been sent successfully.
21-07-2025 01:30:04 | INFO: status: 304 | Message: Available clients have been sent successfully. 
21-07-2025 01:30:04 | INFO: status: 200 | Message: Available clients have been sent successfully. 
21-07-2025 01:30:04 | INFO: status: 200 | Message: Clients has been sent successfully.
21-07-2025 01:30:04 | INFO: status: 304 | Message: Program sent successfully.
21-07-2025 01:30:04 | INFO: status: 200 | Message: Program sent successfully.
21-07-2025 01:30:04 | INFO: status: 200 | Message: Clients has been sent successfully.
21-07-2025 01:30:04 | INFO: status: 200 | Message: Program sent successfully.
21-07-2025 01:30:44 | INFO: status: 304 | Message: Available clients have been sent successfully. 
21-07-2025 01:30:44 | INFO: status: 304 | Message: Clients has been sent successfully.
21-07-2025 01:30:44 | INFO: status: 304 | Message: Program sent successfully.
21-07-2025 01:31:39 | INFO: status: 304 | Message: Program sent successfully.
21-07-2025 01:31:39 | INFO: status: 200 | Message: Program sent successfully.
21-07-2025 01:31:41 | INFO: status: 304 | Message: Available clients have been sent successfully. 
21-07-2025 01:31:41 | INFO: status: 200 | Message: Available clients have been sent successfully. 
21-07-2025 01:31:41 | INFO: status: 304 | Message: Clients has been sent successfully.
21-07-2025 01:31:41 | INFO: status: 200 | Message: Clients has been sent successfully.
21-07-2025 01:31:42 | INFO: status: 304 | Message: Program sent successfully.
21-07-2025 01:31:42 | INFO: status: 200 | Message: Program sent successfully.
21-07-2025 01:31:44 | INFO: status: 304 | Message: Program sent successfully.
21-07-2025 01:31:44 | INFO: status: 304 | Message: Program sent successfully.
21-07-2025 01:32:08 | INFO: status: 200 | Message: Clients has been sent successfully.
21-07-2025 01:32:08 | INFO: status: 200 | Message: Available clients have been sent successfully. 
21-07-2025 01:32:08 | INFO: status: 304 | Message: Available clients have been sent successfully. 
21-07-2025 01:32:08 | INFO: status: 304 | Message: Clients has been sent successfully.
21-07-2025 01:32:08 | INFO: status: 200 | Message: Program sent successfully.
21-07-2025 01:32:08 | INFO: status: 200 | Message: Program sent successfully.
21-07-2025 01:32:40 | INFO: status: 200 | Message: Program sent successfully.
21-07-2025 01:32:40 | INFO: status: 200 | Message: Program sent successfully.
21-07-2025 01:32:42 | INFO: status: 200 | Message: Available clients have been sent successfully. 
21-07-2025 01:32:42 | INFO: status: 200 | Message: Clients has been sent successfully.
21-07-2025 01:32:42 | INFO: status: 304 | Message: Clients has been sent successfully.
21-07-2025 01:32:42 | INFO: status: 304 | Message: Available clients have been sent successfully. 
21-07-2025 01:32:42 | INFO: status: 304 | Message: Program sent successfully.
21-07-2025 01:32:42 | INFO: status: 200 | Message: Program sent successfully.
21-07-2025 01:32:44 | INFO: status: 200 | Message: Program sent successfully.
21-07-2025 01:32:45 | INFO: status: 200 | Message: Program sent successfully.
21-07-2025 01:32:46 | INFO: status: 200 | Message: Clients has been sent successfully.
21-07-2025 01:32:46 | INFO: status: 200 | Message: Available clients have been sent successfully. 
21-07-2025 01:32:46 | INFO: status: 304 | Message: Clients has been sent successfully.
21-07-2025 01:32:46 | INFO: status: 304 | Message: Available clients have been sent successfully. 
21-07-2025 01:32:46 | INFO: status: 304 | Message: Program sent successfully.
21-07-2025 01:32:46 | INFO: status: 200 | Message: Program sent successfully.
21-07-2025 01:33:11 | INFO: status: 200 | Message: Program deleted successfully.
21-07-2025 01:33:19 | INFO: status: 304 | Message: Clients has been sent successfully.
21-07-2025 01:33:22 | INFO: status: 200 | Message: User assigned successfully.
21-07-2025 01:33:23 | INFO: status: 200 | Message: Program sent successfully.
21-07-2025 01:33:28 | INFO: status: 200 | Message: Program deleted successfully.
21-07-2025 01:33:29 | INFO: status: 200 | Message: Clients has been sent successfully.
21-07-2025 01:35:29 | INFO: status: 304 | Message: Clients has been sent successfully.
21-07-2025 01:35:33 | INFO: status: 200 | Message: User 68556d0cba58878e4bae5595 assigned to trainer 68703beef075a9f0f876bd19
21-07-2025 01:35:33 | INFO: status: 200 | Message: Clients has been sent successfully.
21-07-2025 01:35:35 | INFO: status: 304 | Message: Clients has been sent successfully.
21-07-2025 01:35:38 | INFO: status: 200 | Message: User assigned successfully.
21-07-2025 01:35:39 | INFO: status: 200 | Message: Program sent successfully.
21-07-2025 01:35:41 | ERROR: status: 400 | Message: Cannot delete program - program is assigned to user 68556d0cba58878e4bae5595
21-07-2025 01:35:59 | INFO: status: 200 | Message: Program sent successfully.
21-07-2025 01:36:18 | INFO: status: 200 | Message: Program sent successfully.
21-07-2025 01:36:20 | INFO: status: 200 | Message: Program sent successfully.
21-07-2025 01:36:23 | INFO: status: 200 | Message: Program sent successfully.
21-07-2025 01:37:58 | INFO: status: 200 | Message: Clients has been sent successfully.
21-07-2025 01:37:58 | INFO: status: 200 | Message: Clients has been sent successfully.
21-07-2025 01:37:58 | INFO: status: 304 | Message: Program sent successfully.
21-07-2025 01:37:58 | INFO: status: 200 | Message: Program sent successfully.
21-07-2025 01:37:58 | INFO: status: 200 | Message: Available clients have been sent successfully. 
21-07-2025 01:37:58 | INFO: status: 200 | Message: Available clients have been sent successfully. 
21-07-2025 01:39:59 | INFO: status: 200 | Message: Program sent successfully.
21-07-2025 01:40:00 | INFO: status: 200 | Message: Program sent successfully.
21-07-2025 01:40:04 | INFO: status: 304 | Message: Exercise have been sent successfully.
21-07-2025 01:40:04 | INFO: status: 304 | Message: Exercise have been sent successfully.
21-07-2025 01:40:04 | INFO: status: 304 | Message: Clients has been sent successfully.
21-07-2025 01:40:04 | INFO: status: 304 | Message: Clients has been sent successfully.
21-07-2025 01:40:05 | INFO: status: 304 | Message: Clients has been sent successfully.
21-07-2025 01:40:05 | INFO: status: 200 | Message: Clients has been sent successfully.
21-07-2025 01:40:05 | INFO: status: 200 | Message: Available clients have been sent successfully. 
21-07-2025 01:40:05 | INFO: status: 304 | Message: Available clients have been sent successfully. 
21-07-2025 01:40:05 | INFO: status: 304 | Message: Program sent successfully.
21-07-2025 01:40:05 | INFO: status: 304 | Message: Program sent successfully.
21-07-2025 01:40:08 | INFO: status: 304 | Message: Clients has been sent successfully.
21-07-2025 01:40:08 | INFO: status: 200 | Message: Clients has been sent successfully.
21-07-2025 01:40:11 | INFO: status: 304 | Message: Exercise have been sent successfully.
21-07-2025 01:40:11 | INFO: status: 304 | Message: Exercise have been sent successfully.
21-07-2025 01:40:11 | INFO: status: 200 | Message: Available clients have been sent successfully. 
21-07-2025 01:40:11 | INFO: status: 200 | Message: Clients has been sent successfully.
21-07-2025 01:40:11 | INFO: status: 304 | Message: Clients has been sent successfully.
21-07-2025 01:40:11 | INFO: status: 304 | Message: Available clients have been sent successfully. 
21-07-2025 01:40:11 | INFO: status: 304 | Message: Program sent successfully.
21-07-2025 01:40:11 | INFO: status: 200 | Message: Program sent successfully.
21-07-2025 01:44:34 | INFO: status: 304 | Message: User sent successfully.
21-07-2025 01:44:35 | INFO: status: 304 | Message: User sent successfully.
21-07-2025 01:44:35 | INFO: status: 200 | Message: Clients has been sent successfully.
21-07-2025 01:44:35 | INFO: status: 304 | Message: Available clients have been sent successfully. 
21-07-2025 01:44:35 | INFO: status: 304 | Message: Clients has been sent successfully.
21-07-2025 01:44:35 | INFO: status: 304 | Message: Program sent successfully.
21-07-2025 01:44:35 | INFO: status: 200 | Message: Program sent successfully.
21-07-2025 01:44:35 | INFO: status: 200 | Message: Available clients have been sent successfully. 
21-07-2025 01:44:35 | INFO: status: 200 | Message: Clients has been sent successfully.
21-07-2025 01:44:35 | INFO: status: 200 | Message: Program sent successfully.
21-07-2025 01:47:26 | ERROR: status: 400 | Message: User failed to register, email already in use.
21-07-2025 01:47:34 | INFO: status: 200 | Message: User registered successfully
21-07-2025 01:47:50 | INFO: status: 200 | Message: Token provided.
21-07-2025 01:47:50 | INFO: status: 200 | Message: User sent successfully.
21-07-2025 01:48:34 | INFO: status: 304 | Message: User sent successfully.
21-07-2025 01:48:34 | INFO: status: 200 | Message: User sent successfully.
21-07-2025 01:49:35 | INFO: status: 304 | Message: User sent successfully.
21-07-2025 01:49:35 | INFO: status: 200 | Message: User sent successfully.
21-07-2025 01:49:40 | INFO: status: 304 | Message: User sent successfully.
21-07-2025 01:49:40 | INFO: status: 200 | Message: User sent successfully.
21-07-2025 01:49:50 | INFO: status: 200 | Message: User sent successfully.
21-07-2025 01:49:50 | INFO: status: 304 | Message: User sent successfully.
21-07-2025 01:50:06 | INFO: status: 304 | Message: User sent successfully.
21-07-2025 01:50:06 | INFO: status: 200 | Message: User sent successfully.
21-07-2025 01:50:10 | ERROR: status: 400 | Message: Access denied, No token provided.
21-07-2025 01:50:10 | ERROR: status: 400 | Message: Access denied, No token provided.
21-07-2025 01:50:18 | ERROR: status: 400 | Message: Access denied, No token provided.
21-07-2025 01:50:18 | ERROR: status: 400 | Message: Access denied, No token provided.
21-07-2025 01:50:35 | INFO: status: 200 | Message: Token provided.
21-07-2025 01:50:35 | INFO: status: 200 | Message: User sent successfully.
21-07-2025 01:51:15 | ERROR: status: 400 | Message: Access denied, No token provided.
21-07-2025 01:51:15 | ERROR: status: 400 | Message: Access denied, No token provided.
21-07-2025 01:51:48 | ERROR: status: 400 | Message: Access denied, No token provided.
21-07-2025 01:51:48 | ERROR: status: 400 | Message: Access denied, No token provided.
21-07-2025 01:52:20 | ERROR: status: 400 | Message: Access denied, No token provided.
21-07-2025 01:52:20 | ERROR: status: 400 | Message: Access denied, No token provided.
21-07-2025 01:52:28 | ERROR: status: 400 | Message: Access denied, No token provided.
21-07-2025 01:52:28 | ERROR: status: 400 | Message: Access denied, No token provided.
21-07-2025 01:52:40 | ERROR: status: 400 | Message: Access denied, No token provided.
21-07-2025 01:52:40 | ERROR: status: 400 | Message: Access denied, No token provided.
21-07-2025 01:52:44 | ERROR: status: 400 | Message: Access denied, No token provided.
21-07-2025 01:52:44 | ERROR: status: 400 | Message: Access denied, No token provided.
21-07-2025 01:52:53 | INFO: status: 200 | Message: User sent successfully.
21-07-2025 01:52:53 | INFO: status: 200 | Message: User sent successfully.
21-07-2025 01:53:02 | INFO: status: 200 | Message: User sent successfully.
21-07-2025 01:53:02 | INFO: status: 304 | Message: User sent successfully.
21-07-2025 01:53:28 | INFO: status: 200 | Message: User sent successfully.
21-07-2025 01:53:28 | INFO: status: 304 | Message: User sent successfully.
21-07-2025 01:54:06 | INFO: status: 304 | Message: User sent successfully.
21-07-2025 01:54:07 | INFO: status: 200 | Message: User sent successfully.
21-07-2025 01:54:43 | INFO: status: 200 | Message: User sent successfully.
21-07-2025 01:54:43 | INFO: status: 304 | Message: User sent successfully.
21-07-2025 01:55:40 | INFO: status: 304 | Message: User sent successfully.
21-07-2025 01:55:40 | INFO: status: 200 | Message: User sent successfully.
21-07-2025 01:56:11 | INFO: status: 304 | Message: User sent successfully.
21-07-2025 01:56:11 | INFO: status: 200 | Message: User sent successfully.
21-07-2025 01:56:16 | INFO: status: 200 | Message: User sent successfully.
21-07-2025 01:56:16 | INFO: status: 304 | Message: User sent successfully.
21-07-2025 01:56:42 | INFO: status: 200 | Message: User sent successfully.
21-07-2025 01:56:42 | INFO: status: 304 | Message: User sent successfully.
21-07-2025 01:57:00 | INFO: status: 200 | Message: Token provided.
21-07-2025 01:57:01 | INFO: status: 200 | Message: User sent successfully.
21-07-2025 01:57:01 | INFO: status: 200 | Message: Clients has been sent successfully.
21-07-2025 01:57:01 | INFO: status: 200 | Message: Available clients have been sent successfully. 
21-07-2025 01:57:01 | INFO: status: 304 | Message: Clients has been sent successfully.
21-07-2025 01:57:01 | INFO: status: 200 | Message: Available clients have been sent successfully. 
21-07-2025 01:57:01 | INFO: status: 200 | Message: Program sent successfully.
21-07-2025 01:57:01 | INFO: status: 304 | Message: Program sent successfully.
21-07-2025 01:57:07 | INFO: status: 304 | Message: Exercise have been sent successfully.
21-07-2025 01:57:08 | INFO: status: 304 | Message: Exercise have been sent successfully.
21-07-2025 01:57:08 | INFO: status: 304 | Message: Clients has been sent successfully.
21-07-2025 01:57:08 | INFO: status: 200 | Message: Clients has been sent successfully.
21-07-2025 01:57:09 | INFO: status: 304 | Message: Clients has been sent successfully.
21-07-2025 01:57:09 | INFO: status: 304 | Message: Available clients have been sent successfully. 
21-07-2025 01:57:09 | INFO: status: 200 | Message: Available clients have been sent successfully. 
21-07-2025 01:57:09 | INFO: status: 200 | Message: Clients has been sent successfully.
21-07-2025 01:57:09 | INFO: status: 304 | Message: Program sent successfully.
21-07-2025 01:57:09 | INFO: status: 200 | Message: Program sent successfully.
