25-05-2025 09:26:10 | ERROR: status: 500 | Message: Program validation failed: title: Path `title` is required.
25-05-2025 09:31:49 | ERROR: status: 400 | Message: Reps must be a number.
25-05-2025 10:09:10 | ERROR: status: 400 | Message: Access denied, No token provided.
25-05-2025 10:09:40 | INFO: status: 200 | Message: Exersice have been sent successfully.
25-05-2025 10:23:41 | INFO: status: 200 | Message: Exersice have been sent successfully.
25-05-2025 10:23:56 | INFO: status: 200 | Message: Exersice have been sent successfully.
25-05-2025 10:24:01 | ERROR: status: 403 | Message: Access denied.
25-05-2025 10:24:07 | INFO: status: 200 | Message: Exersice have been sent successfully.
25-05-2025 10:24:14 | ERROR: status: 400 | Message: Exersice not found.
25-05-2025 10:24:20 | ERROR: status: 400 | Message: Exersice not found.
25-05-2025 10:24:23 | INFO: status: 200 | Message: Exersice have been sent successfully.
25-05-2025 12:09:36 | INFO: status: 200 | Message: Exersice have been updated successfully.
25-05-2025 12:10:04 | INFO: status: 200 | Message: Exersice have been updated successfully.
25-05-2025 12:10:55 | INFO: status: 200 | Message: Exersice have been updated successfully.
25-05-2025 12:11:23 | INFO: status: 200 | Message: Exersice have been updated successfully.
25-05-2025 12:24:30 | ERROR: status: 400 | Message: "value" must have at least 1 key
25-05-2025 12:26:44 | ERROR: status: 400 | Message: "value" must have at least 1 key
25-05-2025 12:28:58 | INFO: status: 200 | Message: Exersice have been updated successfully.
25-05-2025 12:29:05 | INFO: status: 200 | Message: Exersice have been updated successfully.
25-05-2025 12:30:58 | ERROR: status: 500 | Message: Cannot convert undefined or null to object
25-05-2025 12:31:35 | ERROR: status: 500 | Message: Cannot convert undefined or null to object
25-05-2025 12:34:05 | INFO: status: 200 | Message: Exersice have been updated successfully.
25-05-2025 12:36:23 | INFO: status: 200 | Message: Exersice have been updated successfully.
25-05-2025 12:51:44 | ERROR: status: 500 | Message: Date.new is not a function
25-05-2025 12:52:04 | ERROR: status: 500 | Message: Exercise validation failed: updatedBy: Cast to ObjectId failed for value "1748166724145" (type number) at path "updatedBy" because of "BSONError"
25-05-2025 12:52:33 | ERROR: status: 500 | Message: Exercise validation failed: updatedBy: Cast to ObjectId failed for value "Sun May 25 2025 12:52:33 GMT+0300 (Israel Daylight Time)" (type string) at path "updatedBy" because of "BSONError"
25-05-2025 12:53:16 | INFO: status: 200 | Message: Exersice have been updated successfully.
25-05-2025 13:12:24 | ERROR: status: 403 | Message: Access denied.
25-05-2025 13:12:50 | ERROR: status: 200 | Message: Exercise have been deleted successfully.
25-05-2025 13:13:14 | INFO: status: 200 | Message: Exersice have been sent successfully.
25-05-2025 13:14:29 | ERROR: status: 400 | Message: "image" is not allowed
25-05-2025 13:17:19 | ERROR: status: 403 | Message: Access denied.
25-05-2025 13:17:44 | ERROR: status: 500 | Message: Cannot read properties of undefined (reading 'password')
25-05-2025 13:18:43 | ERROR: status: 500 | Message: Cannot read properties of undefined (reading 'password')
25-05-2025 13:19:15 | ERROR: status: 500 | Message: Cannot read properties of undefined (reading 'password')
25-05-2025 13:30:13 | INFO: status: 200 | Message: A new trainer user created successfully.
25-05-2025 13:30:29 | ERROR: status: 400 | Message: "image" is not allowed
25-05-2025 13:31:09 | ERROR: status: 400 | Message: "image" is not allowed
25-05-2025 13:35:37 | ERROR: status: 400 | Message: Message: Failed to register the trainer, email already in use.
25-05-2025 13:35:48 | INFO: status: 200 | Message: A new trainer user created successfully.
25-05-2025 13:45:18 | INFO: status: 200 | Message: A new trainer user created successfully.
25-05-2025 14:37:13 | ERROR: status: 400 | Message: "bio" is not allowed
25-05-2025 14:38:23 | ERROR: status: 400 | Message: "bio" is not allowed
25-05-2025 14:41:25 | ERROR: status: 400 | Message: "bio" is not allowed
25-05-2025 14:50:14 | ERROR: status: 400 | Message: "trainer" is not allowed
25-05-2025 14:52:02 | ERROR: status: 400 | Message: "trainer" is not allowed
25-05-2025 14:52:10 | ERROR: status: 400 | Message: "trainer" is not allowed
25-05-2025 14:54:26 | ERROR: status: 400 | Message: "trainer" is not allowed
25-05-2025 14:56:42 | ERROR: status: 400 | Message: User ID is required.
25-05-2025 14:57:22 | ERROR: status: 400 | Message: Clients must be an array.
25-05-2025 14:58:21 | ERROR: status: 400 | Message: Clients must be an array.
25-05-2025 15:01:10 | ERROR: status: 400 | Message: Message: Failed to register the trainer, email already in use.
25-05-2025 15:01:19 | INFO: status: 200 | Message: A new trainer user created successfully.
25-05-2025 15:04:54 | INFO: status: 200 | Message: A new trainer user created successfully.
25-05-2025 15:34:51 | INFO: status: 200 | Message: Token provided.
25-05-2025 15:40:39 | ERROR: status: 400 | Message: Access denied, No token provided.
25-05-2025 15:40:56 | ERROR: status: 500 | Message: Cannot destructure property 'trainerId' of 'req.body' as it is undefined.
25-05-2025 15:41:32 | INFO: status: 200 | Message: Exersice have been sent successfully.
25-05-2025 15:41:41 | ERROR: status: 500 | Message: Cannot destructure property 'trainerId' of 'req.body' as it is undefined.
25-05-2025 15:42:53 | INFO: status: 200 | Message: Exersice have been sent successfully.
25-05-2025 15:42:57 | ERROR: status: 500 | Message: Cannot destructure property 'trainerId' of 'req.body' as it is undefined.
25-05-2025 15:43:07 | ERROR: status: 500 | Message: Cannot destructure property 'trainerId' of 'req.body' as it is undefined.
25-05-2025 15:47:23 | ERROR: status: 400 | Message: "trainerId" is required.
25-05-2025 15:48:20 | ERROR: status: 400 | Message: "trainerId" is required.
25-05-2025 15:48:27 | ERROR: status: 500 | Message: Cannot read properties of null (reading 'toString')
25-05-2025 15:53:36 | ERROR: status: 500 | Message: Cannot read properties of undefined (reading 'trainerId')
25-05-2025 15:53:43 | ERROR: status: 500 | Message: Cannot read properties of undefined (reading 'trainerId')
25-05-2025 15:54:15 | ERROR: status: 400 | Message: Invalid trainer ID.
25-05-2025 15:56:11 | INFO: status: 200 | Message: A new trainer user created successfully.
25-05-2025 15:56:57 | INFO: status: 200 | Message: Token provided.
25-05-2025 15:57:53 | ERROR: status: 400 | Message: Invalid trainer ID.
25-05-2025 15:58:54 | ERROR: status: 400 | Message: Invalid trainer ID.
25-05-2025 16:07:03 | ERROR: status: 400 | Message: Invalid trainer ID.
25-05-2025 16:10:56 | ERROR: status: 400 | Message: Invalid trainer ID.
25-05-2025 16:13:39 | INFO: status: 200 | Message: Token provided.
25-05-2025 16:13:48 | ERROR: status: 400 | Message: Invalid trainer ID.
25-05-2025 16:14:08 | ERROR: status: 400 | Message: Invalid trainer ID.
25-05-2025 16:15:28 | INFO: status: 200 | Message: A new trainer user created successfully.
25-05-2025 16:19:27 | INFO: status: 200 | Message: A new trainer user created successfully.
25-05-2025 16:21:49 | ERROR: status: 400 | Message: Message: Failed to register the trainer, email already in use.
25-05-2025 16:21:54 | INFO: status: 200 | Message: A new trainer user created successfully.
25-05-2025 16:24:39 | INFO: status: 200 | Message: A new trainer user created successfully.
25-05-2025 16:26:22 | INFO: status: 200 | Message: A new trainer user created successfully.
25-05-2025 16:30:19 | INFO: status: 200 | Message: User registered successfully
25-05-2025 16:31:44 | INFO: status: 200 | Message: Token provided.
25-05-2025 16:32:12 | INFO: status: 200 | Message: A new trainer user created successfully.
25-05-2025 16:33:37 | INFO: status: 200 | Message: User registered successfully
25-05-2025 16:34:26 | ERROR: status: 400 | Message: failed to login, User not found.
25-05-2025 16:34:40 | INFO: status: 200 | Message: Token provided.
25-05-2025 16:34:50 | ERROR: status: 400 | Message: Invalid trainer ID.
25-05-2025 16:35:43 | ERROR: status: 400 | Message: Invalid trainer ID.
25-05-2025 16:40:43 | INFO: status: 200 | Message: User 68331c316af62b32b76b613d assigned to trainer 68331bdc6af62b32b76b6139
25-05-2025 16:44:07 | ERROR: status: 400 | Message: User already assigned to this trainer.
25-05-2025 16:46:32 | INFO: status: 200 | Message: A new trainer user created successfully.
25-05-2025 16:47:04 | INFO: status: 200 | Message: Token provided.
25-05-2025 16:47:14 | INFO: status: 200 | Message: User 68331c316af62b32b76b613d assigned to trainer 68331f386c786cf0fd15f586
25-05-2025 16:50:31 | ERROR: status: 400 | Message: User already assigned to trainer.
25-05-2025 16:54:16 | ERROR: status: 403 | Message: Access denied.
25-05-2025 16:54:32 | INFO: status: 200 | Message: Token provided.
25-05-2025 16:54:40 | INFO: status: 200 | Message: User 68331c316af62b32b76b613d unassigned from trainer 68331f386c786cf0fd15f586
25-05-2025 16:59:26 | INFO: status: 200 | Message: A new trainer user created successfully.
25-05-2025 17:00:01 | ERROR: status: 400 | Message: User failed to register, email already in use.
25-05-2025 17:00:10 | INFO: status: 200 | Message: Token provided.
25-05-2025 17:01:00 | INFO: status: 200 | Message: User 68331c316af62b32b76b613d assigned to trainer 6833223e3e6f130391ca2b1f
25-05-2025 17:01:24 | INFO: status: 200 | Message: Token provided.
25-05-2025 17:01:36 | INFO: status: 200 | Message: User 68331c316af62b32b76b613d unassigned from trainer 6833223e3e6f130391ca2b1f
25-05-2025 17:02:35 | ERROR: status: 400 | Message: User is not assigned to any trainer.
25-05-2025 17:06:53 | INFO: status: 200 | Message: Token provided.
25-05-2025 17:07:05 | INFO: status: 200 | Message: User 68331c316af62b32b76b613d assigned to trainer 6833223e3e6f130391ca2b1f
25-05-2025 17:07:12 | INFO: status: 200 | Message: Token provided.
25-05-2025 17:07:20 | INFO: status: 200 | Message: User 68331c316af62b32b76b613d unassigned from trainer 6833223e3e6f130391ca2b1f
25-05-2025 17:09:59 | INFO: status: 200 | Message: User 68331c316af62b32b76b613d assigned to trainer 6833223e3e6f130391ca2b1f
25-05-2025 17:10:03 | ERROR: status: 400 | Message: User already assigned to trainer.
25-05-2025 17:10:07 | ERROR: status: 403 | Message: Unauthorized unassign attempt by trainer.
25-05-2025 17:10:35 | INFO: status: 200 | Message: Token provided.
25-05-2025 17:10:42 | INFO: status: 200 | Message: User 68331c316af62b32b76b613d unassigned from trainer 6833223e3e6f130391ca2b1f
25-05-2025 17:49:14 | ERROR: status: 400 | Message: User is not assigned to any trainer.
