27-07-2025 19:20:04 | INFO: status: 200 | Message: Token provided.
27-07-2025 19:20:04 | INFO: status: 304 | Message: User sent successfully.
27-07-2025 19:20:04 | INFO: status: 304 | Message: Clients has been sent successfully.
27-07-2025 19:20:04 | INFO: status: 304 | Message: Available clients have been sent successfully. 
27-07-2025 19:20:04 | INFO: status: 304 | Message: Program sent successfully.
27-07-2025 19:20:04 | INFO: status: 200 | Message: Program sent successfully.
27-07-2025 19:20:05 | INFO: status: 200 | Message: Available clients have been sent successfully. 
27-07-2025 19:20:05 | INFO: status: 200 | Message: Clients has been sent successfully.
27-07-2025 19:20:39 | INFO: status: 304 | Message: Exercise have been sent successfully.
27-07-2025 19:20:39 | INFO: status: 304 | Message: Exercise have been sent successfully.
27-07-2025 19:21:04 | INFO: status: 304 | Message: Clients has been sent successfully.
27-07-2025 19:21:04 | INFO: status: 200 | Message: Clients has been sent successfully.
27-07-2025 19:29:03 | INFO: status: 304 | Message: Exercise have been sent successfully.
27-07-2025 19:29:03 | INFO: status: 200 | Message: Exercise have been sent successfully.
27-07-2025 19:38:19 | INFO: status: 304 | Message: User sent successfully.
27-07-2025 19:38:19 | INFO: status: 200 | Message: User sent successfully.
27-07-2025 19:38:19 | INFO: status: 304 | Message: Clients has been sent successfully.
27-07-2025 19:38:19 | INFO: status: 304 | Message: Available clients have been sent successfully. 
27-07-2025 19:38:19 | INFO: status: 200 | Message: Clients has been sent successfully.
27-07-2025 19:38:19 | INFO: status: 304 | Message: Program sent successfully.
27-07-2025 19:38:19 | INFO: status: 200 | Message: Program sent successfully.
27-07-2025 19:38:20 | INFO: status: 200 | Message: Available clients have been sent successfully. 
27-07-2025 19:38:30 | INFO: status: 200 | Message: Exercise have been sent successfully.
27-07-2025 19:38:30 | INFO: status: 304 | Message: Exercise have been sent successfully.
27-07-2025 19:38:38 | INFO: status: 304 | Message: Clients has been sent successfully.
27-07-2025 19:38:38 | INFO: status: 200 | Message: Clients has been sent successfully.
27-07-2025 19:44:42 | INFO: status: 304 | Message: Clients has been sent successfully.
27-07-2025 19:44:42 | INFO: status: 200 | Message: Clients has been sent successfully.
27-07-2025 19:44:45 | INFO: status: 304 | Message: Exercise have been sent successfully.
27-07-2025 19:44:45 | INFO: status: 200 | Message: Exercise have been sent successfully.
27-07-2025 19:44:48 | INFO: status: 304 | Message: Available clients have been sent successfully. 
27-07-2025 19:44:48 | INFO: status: 200 | Message: Available clients have been sent successfully. 
27-07-2025 19:44:48 | INFO: status: 200 | Message: Clients has been sent successfully.
27-07-2025 19:44:48 | INFO: status: 304 | Message: Clients has been sent successfully.
27-07-2025 19:44:48 | INFO: status: 304 | Message: Program sent successfully.
27-07-2025 19:44:48 | INFO: status: 200 | Message: Program sent successfully.
27-07-2025 19:44:49 | INFO: status: 304 | Message: Clients has been sent successfully.
27-07-2025 19:44:49 | INFO: status: 200 | Message: Clients has been sent successfully.
27-07-2025 19:45:04 | INFO: status: 304 | Message: Exercise have been sent successfully.
27-07-2025 19:45:04 | INFO: status: 200 | Message: Exercise have been sent successfully.
27-07-2025 19:45:44 | INFO: status: 304 | Message: Clients has been sent successfully.
27-07-2025 19:45:44 | INFO: status: 200 | Message: Clients has been sent successfully.
27-07-2025 19:45:44 | INFO: status: 200 | Message: Available clients have been sent successfully. 
27-07-2025 19:45:44 | INFO: status: 304 | Message: Available clients have been sent successfully. 
27-07-2025 19:45:44 | INFO: status: 304 | Message: Program sent successfully.
27-07-2025 19:45:44 | INFO: status: 200 | Message: Program sent successfully.
27-07-2025 19:45:45 | INFO: status: 304 | Message: Clients has been sent successfully.
27-07-2025 19:45:45 | INFO: status: 200 | Message: Clients has been sent successfully.
27-07-2025 19:47:13 | INFO: status: 200 | Message: Exercise have been sent successfully.
27-07-2025 19:47:13 | INFO: status: 304 | Message: Exercise have been sent successfully.
27-07-2025 19:53:23 | INFO: status: 304 | Message: Exercise have been sent successfully.
27-07-2025 19:53:23 | INFO: status: 200 | Message: Exercise have been sent successfully.
27-07-2025 19:53:43 | INFO: status: 304 | Message: User sent successfully.
27-07-2025 19:53:43 | INFO: status: 200 | Message: User sent successfully.
27-07-2025 19:53:43 | INFO: status: 304 | Message: Available clients have been sent successfully. 
27-07-2025 19:53:43 | INFO: status: 200 | Message: Clients has been sent successfully.
27-07-2025 19:53:43 | INFO: status: 200 | Message: Available clients have been sent successfully. 
27-07-2025 19:53:43 | INFO: status: 304 | Message: Clients has been sent successfully.
27-07-2025 19:53:44 | INFO: status: 304 | Message: Program sent successfully.
27-07-2025 19:53:44 | INFO: status: 200 | Message: Program sent successfully.
27-07-2025 19:55:25 | INFO: status: 304 | Message: Clients has been sent successfully.
27-07-2025 19:55:25 | INFO: status: 200 | Message: Clients has been sent successfully.
27-07-2025 19:55:29 | INFO: status: 304 | Message: Exercise have been sent successfully.
27-07-2025 19:55:29 | INFO: status: 200 | Message: Exercise have been sent successfully.
27-07-2025 19:56:21 | INFO: status: 304 | Message: Clients has been sent successfully.
27-07-2025 19:56:21 | INFO: status: 200 | Message: Clients has been sent successfully.
27-07-2025 19:56:22 | INFO: status: 304 | Message: Clients has been sent successfully.
27-07-2025 19:56:22 | INFO: status: 200 | Message: Clients has been sent successfully.
27-07-2025 19:56:22 | INFO: status: 200 | Message: Available clients have been sent successfully. 
27-07-2025 19:56:22 | INFO: status: 304 | Message: Available clients have been sent successfully. 
27-07-2025 19:56:22 | INFO: status: 200 | Message: Program sent successfully.
27-07-2025 19:56:22 | INFO: status: 304 | Message: Program sent successfully.
27-07-2025 19:56:23 | INFO: status: 304 | Message: Exercise have been sent successfully.
27-07-2025 19:56:23 | INFO: status: 200 | Message: Exercise have been sent successfully.
27-07-2025 19:56:23 | INFO: status: 304 | Message: Clients has been sent successfully.
27-07-2025 19:56:23 | INFO: status: 200 | Message: Clients has been sent successfully.
27-07-2025 19:56:24 | INFO: status: 200 | Message: Exercise have been sent successfully.
27-07-2025 19:56:24 | INFO: status: 304 | Message: Exercise have been sent successfully.
27-07-2025 19:56:24 | INFO: status: 304 | Message: Clients has been sent successfully.
27-07-2025 19:56:24 | INFO: status: 304 | Message: Available clients have been sent successfully. 
27-07-2025 19:56:24 | INFO: status: 200 | Message: Clients has been sent successfully.
27-07-2025 19:56:24 | INFO: status: 200 | Message: Available clients have been sent successfully. 
27-07-2025 19:56:24 | INFO: status: 304 | Message: Program sent successfully.
27-07-2025 19:56:24 | INFO: status: 200 | Message: Program sent successfully.
27-07-2025 19:56:24 | INFO: status: 304 | Message: Clients has been sent successfully.
27-07-2025 19:56:24 | INFO: status: 200 | Message: Clients has been sent successfully.
27-07-2025 19:56:26 | INFO: status: 200 | Message: Exercise have been sent successfully.
27-07-2025 19:56:26 | INFO: status: 304 | Message: Exercise have been sent successfully.
27-07-2025 19:56:30 | INFO: status: 304 | Message: Clients has been sent successfully.
27-07-2025 19:56:30 | INFO: status: 304 | Message: Available clients have been sent successfully. 
27-07-2025 19:56:30 | INFO: status: 200 | Message: Available clients have been sent successfully. 
27-07-2025 19:56:30 | INFO: status: 200 | Message: Clients has been sent successfully.
27-07-2025 19:56:30 | INFO: status: 304 | Message: Program sent successfully.
27-07-2025 19:56:30 | INFO: status: 200 | Message: Program sent successfully.
27-07-2025 19:56:36 | INFO: status: 304 | Message: Clients has been sent successfully.
27-07-2025 19:56:42 | INFO: status: 304 | Message: Clients has been sent successfully.
27-07-2025 19:58:34 | INFO: status: 304 | Message: Exercise have been sent successfully.
27-07-2025 19:58:34 | INFO: status: 200 | Message: Exercise have been sent successfully.
27-07-2025 19:58:37 | INFO: status: 304 | Message: Clients has been sent successfully.
27-07-2025 19:58:37 | INFO: status: 200 | Message: Clients has been sent successfully.
27-07-2025 20:01:33 | INFO: status: 304 | Message: User sent successfully.
27-07-2025 20:01:33 | INFO: status: 200 | Message: User sent successfully.
27-07-2025 20:01:33 | INFO: status: 304 | Message: Available clients have been sent successfully. 
27-07-2025 20:01:33 | INFO: status: 304 | Message: Clients has been sent successfully.
27-07-2025 20:01:33 | INFO: status: 200 | Message: Clients has been sent successfully.
27-07-2025 20:01:33 | INFO: status: 200 | Message: Available clients have been sent successfully. 
27-07-2025 20:01:33 | INFO: status: 200 | Message: Program sent successfully.
27-07-2025 20:01:33 | INFO: status: 304 | Message: Program sent successfully.
27-07-2025 20:01:34 | INFO: status: 304 | Message: Clients has been sent successfully.
27-07-2025 20:01:34 | INFO: status: 200 | Message: Clients has been sent successfully.
27-07-2025 20:05:27 | INFO: status: 304 | Message: Clients has been sent successfully.
27-07-2025 20:05:27 | INFO: status: 200 | Message: Clients has been sent successfully.
27-07-2025 20:05:29 | ERROR: status: 400 | Message: Program not found.
27-07-2025 20:05:29 | ERROR: status: 400 | Message: Program not found.
27-07-2025 20:05:31 | INFO: status: 200 | Message: Clients has been sent successfully.
27-07-2025 20:05:31 | INFO: status: 304 | Message: Clients has been sent successfully.
27-07-2025 20:05:35 | INFO: status: 304 | Message: Program sent successfully.
27-07-2025 20:05:35 | INFO: status: 304 | Message: Available clients have been sent successfully. 
27-07-2025 20:05:35 | INFO: status: 304 | Message: Program sent successfully.
27-07-2025 20:05:35 | INFO: status: 304 | Message: Available clients have been sent successfully. 
27-07-2025 20:05:36 | INFO: status: 200 | Message: Available clients have been sent successfully. 
27-07-2025 20:05:38 | INFO: status: 304 | Message: Clients has been sent successfully.
27-07-2025 20:05:38 | INFO: status: 200 | Message: Clients has been sent successfully.
27-07-2025 20:05:41 | INFO: status: 304 | Message: Clients has been sent successfully.
27-07-2025 20:05:41 | INFO: status: 200 | Message: Clients has been sent successfully.
27-07-2025 20:05:52 | INFO: status: 304 | Message: Available clients have been sent successfully. 
27-07-2025 20:05:52 | INFO: status: 200 | Message: Clients has been sent successfully.
27-07-2025 20:05:52 | INFO: status: 200 | Message: Available clients have been sent successfully. 
27-07-2025 20:05:52 | INFO: status: 304 | Message: Clients has been sent successfully.
27-07-2025 20:05:52 | INFO: status: 304 | Message: Program sent successfully.
27-07-2025 20:05:52 | INFO: status: 200 | Message: Program sent successfully.
27-07-2025 20:27:11 | INFO: status: 304 | Message: User sent successfully.
27-07-2025 20:27:11 | INFO: status: 200 | Message: User sent successfully.
27-07-2025 20:27:11 | INFO: status: 200 | Message: Clients has been sent successfully.
27-07-2025 20:27:11 | INFO: status: 304 | Message: Clients has been sent successfully.
27-07-2025 20:27:11 | INFO: status: 304 | Message: Available clients have been sent successfully. 
27-07-2025 20:27:11 | INFO: status: 200 | Message: Available clients have been sent successfully. 
27-07-2025 20:27:11 | INFO: status: 304 | Message: Program sent successfully.
27-07-2025 20:27:11 | INFO: status: 200 | Message: Program sent successfully.
27-07-2025 20:27:13 | INFO: status: 304 | Message: Clients has been sent successfully.
27-07-2025 20:27:13 | INFO: status: 200 | Message: Clients has been sent successfully.
27-07-2025 20:31:02 | INFO: status: 304 | Message: Exercise have been sent successfully.
27-07-2025 20:31:02 | INFO: status: 200 | Message: Exercise have been sent successfully.
27-07-2025 20:54:01 | INFO: status: 200 | Message: User updated successfully.
27-07-2025 20:54:01 | INFO: status: 200 | Message: User image have been changes successfully.
27-07-2025 20:54:01 | INFO: status: 200 | Message: User sent successfully.
27-07-2025 20:54:02 | INFO: status: 304 | Message: User sent successfully.
27-07-2025 20:56:50 | INFO: status: 200 | Message: Token provided.
27-07-2025 20:56:50 | INFO: status: 304 | Message: User sent successfully.
27-07-2025 20:56:50 | INFO: status: 304 | Message: Clients has been sent successfully.
27-07-2025 20:56:50 | INFO: status: 304 | Message: Available clients have been sent successfully. 
27-07-2025 20:56:50 | INFO: status: 304 | Message: Program sent successfully.
27-07-2025 20:56:50 | INFO: status: 304 | Message: Available clients have been sent successfully. 
27-07-2025 20:56:50 | INFO: status: 304 | Message: Clients has been sent successfully.
27-07-2025 20:56:50 | INFO: status: 304 | Message: Program sent successfully.
27-07-2025 21:01:34 | INFO: status: 304 | Message: User sent successfully.
27-07-2025 21:01:34 | INFO: status: 200 | Message: User sent successfully.
27-07-2025 21:01:34 | INFO: status: 304 | Message: Clients has been sent successfully.
27-07-2025 21:01:34 | INFO: status: 304 | Message: Available clients have been sent successfully. 
27-07-2025 21:01:34 | INFO: status: 200 | Message: Available clients have been sent successfully. 
27-07-2025 21:01:34 | INFO: status: 200 | Message: Clients has been sent successfully.
27-07-2025 21:01:34 | INFO: status: 304 | Message: Program sent successfully.
27-07-2025 21:01:34 | INFO: status: 200 | Message: Program sent successfully.
27-07-2025 21:02:52 | INFO: status: 200 | Message: User updated successfully.
27-07-2025 21:02:52 | INFO: status: 200 | Message: Profile image removed successfully.
27-07-2025 21:02:53 | INFO: status: 200 | Message: User sent successfully.
27-07-2025 21:02:53 | INFO: status: 304 | Message: User sent successfully.
27-07-2025 21:03:00 | INFO: status: 200 | Message: User updated successfully.
27-07-2025 21:03:00 | INFO: status: 200 | Message: User image have been changes successfully.
27-07-2025 21:03:01 | INFO: status: 200 | Message: User sent successfully.
27-07-2025 21:03:01 | INFO: status: 304 | Message: User sent successfully.
27-07-2025 21:34:04 | ERROR: status: 400 | Message: failed to login, password not matching.
27-07-2025 21:40:30 | INFO: status: 200 | Message: Token provided.
27-07-2025 21:40:30 | INFO: status: 304 | Message: User sent successfully.
27-07-2025 21:40:31 | INFO: status: 304 | Message: Available clients have been sent successfully. 
27-07-2025 21:40:31 | INFO: status: 304 | Message: Clients has been sent successfully.
27-07-2025 21:40:31 | INFO: status: 200 | Message: Available clients have been sent successfully. 
27-07-2025 21:40:31 | INFO: status: 200 | Message: Program sent successfully.
27-07-2025 21:40:31 | INFO: status: 304 | Message: Program sent successfully.
27-07-2025 21:40:31 | INFO: status: 304 | Message: Clients has been sent successfully.
27-07-2025 21:41:59 | INFO: status: 200 | Message: Token provided.
27-07-2025 21:41:59 | INFO: status: 200 | Message: User sent successfully.
27-07-2025 21:42:00 | INFO: status: 304 | Message: Delete requests have bees sent successfully.
27-07-2025 21:42:00 | INFO: status: 304 | Message: Delete requests have bees sent successfully.
27-07-2025 21:52:21 | INFO: status: 304 | Message: Delete requests have bees sent successfully.
27-07-2025 21:52:21 | INFO: status: 200 | Message: Delete requests have bees sent successfully.
27-07-2025 21:54:12 | INFO: status: 200 | Message: Delete requests have bees sent successfully.
27-07-2025 21:54:12 | INFO: status: 304 | Message: Delete requests have bees sent successfully.
27-07-2025 21:55:09 | INFO: status: 304 | Message: Delete requests have bees sent successfully.
27-07-2025 21:55:09 | INFO: status: 200 | Message: Delete requests have bees sent successfully.
27-07-2025 21:55:25 | INFO: status: 200 | Message: Delete requests have bees sent successfully.
27-07-2025 21:55:25 | INFO: status: 304 | Message: Delete requests have bees sent successfully.
27-07-2025 21:57:22 | INFO: status: 304 | Message: Delete requests have bees sent successfully.
27-07-2025 21:57:22 | INFO: status: 200 | Message: Delete requests have bees sent successfully.
27-07-2025 22:18:16 | INFO: status: 304 | Message: Delete requests have bees sent successfully.
27-07-2025 22:18:16 | INFO: status: 304 | Message: Delete requests have bees sent successfully.
27-07-2025 22:21:03 | INFO: status: 304 | Message: User sent successfully.
27-07-2025 22:21:03 | INFO: status: 304 | Message: User sent successfully.
27-07-2025 22:21:03 | INFO: status: 304 | Message: Delete requests have bees sent successfully.
27-07-2025 22:21:03 | INFO: status: 200 | Message: Delete requests have bees sent successfully.
27-07-2025 22:21:03 | INFO: status: 200 | Message: Delete requests have bees sent successfully.
27-07-2025 22:21:08 | INFO: status: 304 | Message: User sent successfully.
27-07-2025 22:21:08 | INFO: status: 200 | Message: User sent successfully.
27-07-2025 22:21:08 | INFO: status: 304 | Message: Delete requests have bees sent successfully.
27-07-2025 22:21:08 | INFO: status: 200 | Message: Delete requests have bees sent successfully.
27-07-2025 22:21:19 | INFO: status: 304 | Message: User sent successfully.
27-07-2025 22:21:19 | INFO: status: 200 | Message: User sent successfully.
27-07-2025 22:21:20 | INFO: status: 200 | Message: Delete requests have bees sent successfully.
27-07-2025 22:21:20 | INFO: status: 304 | Message: Delete requests have bees sent successfully.
27-07-2025 22:22:00 | INFO: status: 304 | Message: User sent successfully.
27-07-2025 22:22:00 | INFO: status: 200 | Message: User sent successfully.
27-07-2025 22:22:01 | INFO: status: 200 | Message: Delete requests have bees sent successfully.
27-07-2025 22:22:01 | INFO: status: 304 | Message: Delete requests have bees sent successfully.
27-07-2025 22:22:26 | INFO: status: 304 | Message: Delete requests have bees sent successfully.
27-07-2025 22:22:26 | INFO: status: 200 | Message: Delete requests have bees sent successfully.
27-07-2025 22:22:28 | INFO: status: 304 | Message: User sent successfully.
27-07-2025 22:22:28 | INFO: status: 200 | Message: User sent successfully.
27-07-2025 22:22:28 | INFO: status: 304 | Message: User sent successfully.
27-07-2025 22:22:28 | INFO: status: 200 | Message: User sent successfully.
27-07-2025 22:22:28 | INFO: status: 304 | Message: Delete requests have bees sent successfully.
27-07-2025 22:22:28 | INFO: status: 200 | Message: Delete requests have bees sent successfully.
27-07-2025 22:22:33 | INFO: status: 200 | Message: Delete requests have bees sent successfully.
27-07-2025 22:22:33 | INFO: status: 304 | Message: Delete requests have bees sent successfully.
27-07-2025 22:23:20 | INFO: status: 200 | Message: Trainer delete request rejected. TrainerID: 68703beef075a9f0f876bd19
27-07-2025 22:23:20 | ERROR: status: 200 | Message: Delete request answared by reject.
27-07-2025 22:23:20 | INFO: status: 200 | Message: Delete requests have bees sent successfully.
27-07-2025 22:25:09 | INFO: status: 200 | Message: User sent successfully.
27-07-2025 22:25:09 | INFO: status: 304 | Message: User sent successfully.
27-07-2025 22:25:09 | INFO: status: 304 | Message: Delete requests have bees sent successfully.
27-07-2025 22:25:09 | INFO: status: 200 | Message: Delete requests have bees sent successfully.
27-07-2025 22:27:22 | INFO: status: 304 | Message: User sent successfully.
27-07-2025 22:27:22 | INFO: status: 200 | Message: User sent successfully.
27-07-2025 22:27:22 | INFO: status: 200 | Message: Delete requests have bees sent successfully.
27-07-2025 22:27:22 | INFO: status: 304 | Message: Delete requests have bees sent successfully.
27-07-2025 22:27:22 | INFO: status: 200 | Message: Delete requests have bees sent successfully.
27-07-2025 22:28:07 | INFO: status: 304 | Message: User sent successfully.
27-07-2025 22:28:07 | INFO: status: 200 | Message: User sent successfully.
27-07-2025 22:28:08 | INFO: status: 304 | Message: Delete requests have bees sent successfully.
27-07-2025 22:28:08 | INFO: status: 200 | Message: Delete requests have bees sent successfully.
27-07-2025 22:28:08 | INFO: status: 200 | Message: Delete requests have bees sent successfully.
27-07-2025 22:28:13 | INFO: status: 200 | Message: User sent successfully.
27-07-2025 22:28:13 | INFO: status: 304 | Message: User sent successfully.
27-07-2025 22:28:13 | INFO: status: 304 | Message: Delete requests have bees sent successfully.
27-07-2025 22:28:13 | INFO: status: 200 | Message: Delete requests have bees sent successfully.
27-07-2025 22:29:37 | INFO: status: 304 | Message: User sent successfully.
27-07-2025 22:29:37 | INFO: status: 200 | Message: User sent successfully.
27-07-2025 22:29:38 | INFO: status: 304 | Message: Delete requests have bees sent successfully.
27-07-2025 22:29:38 | INFO: status: 200 | Message: Delete requests have bees sent successfully.
27-07-2025 22:29:38 | INFO: status: 200 | Message: Delete requests have bees sent successfully.
27-07-2025 22:29:41 | INFO: status: 200 | Message: Exercise have been sent successfully.
27-07-2025 22:29:41 | INFO: status: 200 | Message: Exercise have been sent successfully.
27-07-2025 22:32:38 | INFO: status: 304 | Message: Exercise have been sent successfully.
27-07-2025 22:32:38 | INFO: status: 200 | Message: Exercise have been sent successfully.
27-07-2025 22:32:41 | INFO: status: 304 | Message: Exercise have been sent successfully.
27-07-2025 22:32:41 | INFO: status: 200 | Message: Exercise have been sent successfully.
27-07-2025 22:35:50 | INFO: status: 200 | Message: Token provided.
27-07-2025 22:35:51 | INFO: status: 200 | Message: User sent successfully.
27-07-2025 22:35:51 | INFO: status: 304 | Message: Available clients have been sent successfully. 
27-07-2025 22:35:51 | INFO: status: 304 | Message: Clients has been sent successfully.
27-07-2025 22:35:51 | INFO: status: 304 | Message: Program sent successfully.
27-07-2025 22:35:51 | INFO: status: 200 | Message: Program sent successfully.
27-07-2025 22:35:51 | INFO: status: 200 | Message: Clients has been sent successfully.
27-07-2025 22:35:51 | INFO: status: 200 | Message: Available clients have been sent successfully. 
27-07-2025 22:38:24 | INFO: status: 200 | Message: Exercise have been sent successfully.
27-07-2025 22:38:24 | INFO: status: 200 | Message: Exercise have been sent successfully.
27-07-2025 22:38:26 | INFO: status: 200 | Message: Exercise have been sent successfully.
27-07-2025 22:38:26 | INFO: status: 304 | Message: Exercise have been sent successfully.
27-07-2025 22:40:11 | INFO: status: 304 | Message: Exercise have been sent successfully.
27-07-2025 22:40:11 | INFO: status: 200 | Message: Exercise have been sent successfully.
27-07-2025 22:40:13 | INFO: status: 304 | Message: Exercise have been sent successfully.
27-07-2025 22:40:13 | INFO: status: 200 | Message: Exercise have been sent successfully.
27-07-2025 22:41:08 | INFO: status: 304 | Message: Exercise have been sent successfully.
27-07-2025 22:41:08 | INFO: status: 200 | Message: Exercise have been sent successfully.
27-07-2025 22:41:09 | INFO: status: 304 | Message: Exercise have been sent successfully.
27-07-2025 22:41:09 | INFO: status: 200 | Message: Exercise have been sent successfully.
27-07-2025 22:42:16 | INFO: status: 304 | Message: Exercise have been sent successfully.
27-07-2025 22:42:16 | INFO: status: 200 | Message: Exercise have been sent successfully.
27-07-2025 22:42:17 | INFO: status: 200 | Message: Clients has been sent successfully.
27-07-2025 22:42:17 | INFO: status: 304 | Message: Clients has been sent successfully.
27-07-2025 22:42:17 | INFO: status: 304 | Message: Available clients have been sent successfully. 
27-07-2025 22:42:17 | INFO: status: 200 | Message: Available clients have been sent successfully. 
27-07-2025 22:42:18 | INFO: status: 304 | Message: Program sent successfully.
27-07-2025 22:42:18 | INFO: status: 200 | Message: Program sent successfully.
27-07-2025 22:42:19 | INFO: status: 304 | Message: Clients has been sent successfully.
27-07-2025 22:42:19 | INFO: status: 200 | Message: Clients has been sent successfully.
27-07-2025 22:42:21 | INFO: status: 304 | Message: Exercise have been sent successfully.
27-07-2025 22:42:21 | INFO: status: 200 | Message: Exercise have been sent successfully.
27-07-2025 22:42:22 | INFO: status: 304 | Message: Exercise have been sent successfully.
27-07-2025 22:42:22 | INFO: status: 200 | Message: Exercise have been sent successfully.
27-07-2025 22:42:33 | INFO: status: 304 | Message: Exercise have been sent successfully.
27-07-2025 22:42:33 | INFO: status: 200 | Message: Exercise have been sent successfully.
27-07-2025 22:43:11 | INFO: status: 200 | Message: Exercise have been sent successfully.
27-07-2025 22:43:11 | INFO: status: 200 | Message: Exercise have been sent successfully.
27-07-2025 22:43:18 | INFO: status: 304 | Message: Exercise have been sent successfully.
27-07-2025 22:43:18 | INFO: status: 200 | Message: Exercise have been sent successfully.
27-07-2025 22:43:25 | INFO: status: 304 | Message: Exercise have been sent successfully.
27-07-2025 22:43:25 | INFO: status: 200 | Message: Exercise have been sent successfully.
27-07-2025 22:43:37 | INFO: status: 304 | Message: Exercise have been sent successfully.
27-07-2025 22:43:37 | INFO: status: 200 | Message: Exercise have been sent successfully.
27-07-2025 22:46:28 | INFO: status: 304 | Message: Exercise have been sent successfully.
27-07-2025 22:46:28 | INFO: status: 200 | Message: Exercise have been sent successfully.
27-07-2025 22:46:29 | INFO: status: 304 | Message: Available clients have been sent successfully. 
27-07-2025 22:46:29 | INFO: status: 200 | Message: Available clients have been sent successfully. 
27-07-2025 22:46:29 | INFO: status: 304 | Message: Clients has been sent successfully.
27-07-2025 22:46:29 | INFO: status: 200 | Message: Clients has been sent successfully.
27-07-2025 22:46:29 | INFO: status: 304 | Message: Program sent successfully.
27-07-2025 22:46:29 | INFO: status: 200 | Message: Program sent successfully.
27-07-2025 22:46:30 | INFO: status: 304 | Message: Exercise have been sent successfully.
27-07-2025 22:46:30 | INFO: status: 200 | Message: Exercise have been sent successfully.
27-07-2025 22:46:30 | INFO: status: 304 | Message: Clients has been sent successfully.
27-07-2025 22:46:31 | INFO: status: 200 | Message: Clients has been sent successfully.
27-07-2025 22:46:32 | INFO: status: 304 | Message: Exercise have been sent successfully.
27-07-2025 22:46:32 | INFO: status: 200 | Message: Exercise have been sent successfully.
27-07-2025 22:46:37 | ERROR: status: 200 | Message: Exercise have been deleted successfully.
27-07-2025 22:46:40 | ERROR: status: 200 | Message: Exercise have been deleted successfully.
27-07-2025 22:47:40 | INFO: status: 200 | Message: Exercise have been sent successfully.
27-07-2025 22:54:54 | INFO: status: 304 | Message: Clients has been sent successfully.
27-07-2025 22:54:54 | INFO: status: 304 | Message: Available clients have been sent successfully. 
27-07-2025 22:54:54 | INFO: status: 304 | Message: Program sent successfully.
27-07-2025 22:54:54 | INFO: status: 200 | Message: Program sent successfully.
27-07-2025 22:54:54 | INFO: status: 200 | Message: Clients has been sent successfully.
27-07-2025 22:54:54 | INFO: status: 200 | Message: Available clients have been sent successfully. 
27-07-2025 22:54:55 | INFO: status: 304 | Message: Clients has been sent successfully.
27-07-2025 22:54:55 | INFO: status: 200 | Message: Clients has been sent successfully.
27-07-2025 22:54:59 | ERROR: status: 400 | Message: Program not found.
27-07-2025 22:54:59 | ERROR: status: 400 | Message: Program not found.
27-07-2025 22:55:01 | INFO: status: 200 | Message: Clients has been sent successfully.
27-07-2025 22:55:01 | INFO: status: 304 | Message: Clients has been sent successfully.
27-07-2025 22:55:18 | ERROR: status: 403 | Message: User has programs assigned to them.
27-07-2025 22:55:24 | INFO: status: 304 | Message: Program sent successfully.
27-07-2025 22:55:24 | INFO: status: 200 | Message: Program sent successfully.
27-07-2025 22:55:24 | INFO: status: 200 | Message: Available clients have been sent successfully. 
27-07-2025 22:55:24 | INFO: status: 304 | Message: Available clients have been sent successfully. 
27-07-2025 22:55:24 | INFO: status: 200 | Message: Available clients have been sent successfully. 
27-07-2025 22:55:26 | INFO: status: 304 | Message: Clients has been sent successfully.
27-07-2025 22:55:26 | INFO: status: 200 | Message: Clients has been sent successfully.
27-07-2025 22:55:34 | INFO: status: 304 | Message: Clients has been sent successfully.
27-07-2025 22:55:34 | INFO: status: 200 | Message: Clients has been sent successfully.
27-07-2025 22:55:36 | INFO: status: 304 | Message: Clients has been sent successfully.
27-07-2025 22:55:36 | INFO: status: 200 | Message: Clients has been sent successfully.
27-07-2025 22:55:36 | INFO: status: 304 | Message: Available clients have been sent successfully. 
27-07-2025 22:55:36 | INFO: status: 200 | Message: Available clients have been sent successfully. 
27-07-2025 22:55:36 | INFO: status: 200 | Message: Program sent successfully.
27-07-2025 22:55:36 | INFO: status: 304 | Message: Program sent successfully.
27-07-2025 22:55:45 | INFO: status: 200 | Message: Program sent successfully.
27-07-2025 22:55:53 | INFO: status: 304 | Message: Program sent successfully.
27-07-2025 22:55:53 | ERROR: status: 400 | Message: Client not found.
27-07-2025 22:55:53 | ERROR: status: 400 | Message: Client not found.
27-07-2025 22:55:53 | INFO: status: 304 | Message: Program sent successfully.
27-07-2025 22:55:53 | ERROR: status: 400 | Message: Client not found.
27-07-2025 22:56:04 | INFO: status: 200 | Message: Clients has been sent successfully.
27-07-2025 22:56:04 | INFO: status: 200 | Message: Clients has been sent successfully.
27-07-2025 22:56:04 | INFO: status: 304 | Message: Available clients have been sent successfully. 
27-07-2025 22:56:04 | INFO: status: 200 | Message: Available clients have been sent successfully. 
27-07-2025 22:56:04 | INFO: status: 304 | Message: Program sent successfully.
27-07-2025 22:56:04 | INFO: status: 200 | Message: Program sent successfully.
27-07-2025 22:56:05 | INFO: status: 304 | Message: Clients has been sent successfully.
27-07-2025 22:56:20 | INFO: status: 304 | Message: Program sent successfully.
27-07-2025 22:56:20 | INFO: status: 200 | Message: Program sent successfully.
27-07-2025 22:56:20 | ERROR: status: 400 | Message: Client not found.
27-07-2025 22:56:20 | ERROR: status: 400 | Message: Client not found.
27-07-2025 22:56:20 | ERROR: status: 400 | Message: Client not found.
27-07-2025 22:56:28 | INFO: status: 304 | Message: Available clients have been sent successfully. 
27-07-2025 22:56:28 | INFO: status: 200 | Message: Clients has been sent successfully.
27-07-2025 22:56:28 | INFO: status: 304 | Message: Clients has been sent successfully.
27-07-2025 22:56:28 | INFO: status: 200 | Message: Available clients have been sent successfully. 
27-07-2025 22:56:28 | INFO: status: 304 | Message: Program sent successfully.
27-07-2025 22:56:28 | INFO: status: 200 | Message: Program sent successfully.
27-07-2025 22:56:47 | INFO: status: 200 | Message: Program sent successfully.
27-07-2025 22:56:47 | INFO: status: 200 | Message: Program sent successfully.
27-07-2025 22:56:55 | INFO: status: 200 | Message: Available clients have been sent successfully. 
27-07-2025 22:56:55 | INFO: status: 304 | Message: Available clients have been sent successfully. 
27-07-2025 22:56:55 | INFO: status: 200 | Message: Clients has been sent successfully.
27-07-2025 22:56:55 | INFO: status: 304 | Message: Clients has been sent successfully.
27-07-2025 22:56:55 | INFO: status: 304 | Message: Program sent successfully.
27-07-2025 22:56:56 | INFO: status: 200 | Message: Program sent successfully.
27-07-2025 22:56:57 | INFO: status: 304 | Message: Exercise have been sent successfully.
27-07-2025 22:56:57 | INFO: status: 200 | Message: Exercise have been sent successfully.
27-07-2025 22:57:02 | INFO: status: 304 | Message: Clients has been sent successfully.
27-07-2025 22:57:02 | INFO: status: 200 | Message: Clients has been sent successfully.
27-07-2025 22:57:04 | INFO: status: 304 | Message: Exercise have been sent successfully.
27-07-2025 22:57:04 | INFO: status: 200 | Message: Exercise have been sent successfully.
27-07-2025 22:57:34 | INFO: status: 200 | Message: Token provided.
27-07-2025 22:57:34 | INFO: status: 200 | Message: User sent successfully.
27-07-2025 22:57:34 | INFO: status: 304 | Message: Delete requests have bees sent successfully.
27-07-2025 22:57:34 | INFO: status: 200 | Message: Delete requests have bees sent successfully.
27-07-2025 22:57:40 | INFO: status: 200 | Message: Exercise have been sent successfully.
27-07-2025 22:57:40 | INFO: status: 200 | Message: Exercise have been sent successfully.
27-07-2025 22:59:11 | INFO: status: 304 | Message: User sent successfully.
27-07-2025 22:59:11 | INFO: status: 304 | Message: User sent successfully.
27-07-2025 22:59:11 | INFO: status: 200 | Message: Delete requests have bees sent successfully.
27-07-2025 22:59:11 | INFO: status: 304 | Message: Delete requests have bees sent successfully.
27-07-2025 22:59:11 | INFO: status: 200 | Message: Delete requests have bees sent successfully.
27-07-2025 22:59:14 | INFO: status: 200 | Message: Exercise have been sent successfully.
27-07-2025 22:59:14 | INFO: status: 200 | Message: Exercise have been sent successfully.
27-07-2025 23:00:37 | INFO: status: 304 | Message: Exercise have been sent successfully.
27-07-2025 23:00:37 | INFO: status: 304 | Message: Exercise have been sent successfully.
27-07-2025 23:02:47 | INFO: status: 304 | Message: Exercise have been sent successfully.
27-07-2025 23:02:48 | INFO: status: 304 | Message: Exercise have been sent successfully.
27-07-2025 23:02:55 | INFO: status: 304 | Message: User sent successfully.
27-07-2025 23:02:55 | INFO: status: 200 | Message: User sent successfully.
27-07-2025 23:02:55 | INFO: status: 304 | Message: Delete requests have bees sent successfully.
27-07-2025 23:02:55 | INFO: status: 200 | Message: Delete requests have bees sent successfully.
27-07-2025 23:02:55 | INFO: status: 304 | Message: Delete requests have bees sent successfully.
27-07-2025 23:03:05 | INFO: status: 200 | Message: User sent successfully.
27-07-2025 23:03:05 | INFO: status: 304 | Message: User sent successfully.
27-07-2025 23:03:05 | INFO: status: 200 | Message: Delete requests have bees sent successfully.
27-07-2025 23:03:05 | INFO: status: 304 | Message: Delete requests have bees sent successfully.
27-07-2025 23:03:09 | INFO: status: 304 | Message: User sent successfully.
27-07-2025 23:03:09 | INFO: status: 200 | Message: User sent successfully.
27-07-2025 23:03:09 | INFO: status: 200 | Message: Delete requests have bees sent successfully.
27-07-2025 23:03:09 | INFO: status: 304 | Message: Delete requests have bees sent successfully.
27-07-2025 23:03:11 | INFO: status: 200 | Message: User sent successfully.
27-07-2025 23:03:11 | INFO: status: 304 | Message: User sent successfully.
27-07-2025 23:03:11 | INFO: status: 200 | Message: Delete requests have bees sent successfully.
27-07-2025 23:03:11 | INFO: status: 304 | Message: Delete requests have bees sent successfully.
27-07-2025 23:03:13 | INFO: status: 304 | Message: User sent successfully.
27-07-2025 23:03:13 | INFO: status: 200 | Message: User sent successfully.
27-07-2025 23:03:13 | INFO: status: 200 | Message: Delete requests have bees sent successfully.
27-07-2025 23:03:13 | INFO: status: 304 | Message: Delete requests have bees sent successfully.
27-07-2025 23:04:08 | INFO: status: 304 | Message: Exercise have been sent successfully.
27-07-2025 23:04:08 | INFO: status: 304 | Message: Exercise have been sent successfully.
27-07-2025 23:04:30 | INFO: status: 304 | Message: Exercise have been sent successfully.
27-07-2025 23:04:30 | INFO: status: 200 | Message: Exercise have been sent successfully.
27-07-2025 23:04:35 | INFO: status: 304 | Message: User sent successfully.
27-07-2025 23:04:35 | INFO: status: 200 | Message: User sent successfully.
27-07-2025 23:04:35 | INFO: status: 200 | Message: Delete requests have bees sent successfully.
27-07-2025 23:04:35 | INFO: status: 304 | Message: Delete requests have bees sent successfully.
27-07-2025 23:04:35 | INFO: status: 304 | Message: Delete requests have bees sent successfully.
27-07-2025 23:04:40 | INFO: status: 304 | Message: Exercise have been sent successfully.
27-07-2025 23:04:40 | INFO: status: 304 | Message: Exercise have been sent successfully.
27-07-2025 23:04:44 | INFO: status: 304 | Message: Exercise have been sent successfully.
27-07-2025 23:04:44 | INFO: status: 304 | Message: Exercise have been sent successfully.
27-07-2025 23:04:46 | INFO: status: 304 | Message: Exercise have been sent successfully.
27-07-2025 23:04:46 | INFO: status: 304 | Message: Exercise have been sent successfully.
27-07-2025 23:04:47 | INFO: status: 304 | Message: Exercise have been sent successfully.
27-07-2025 23:04:47 | INFO: status: 200 | Message: Exercise have been sent successfully.
27-07-2025 23:04:57 | ERROR: status: 400 | Message: Access denied, trainer is not the owner.
27-07-2025 23:07:19 | INFO: status: 200 | Message: Exercise have been updated successfully.
27-07-2025 23:07:20 | INFO: status: 200 | Message: Exercise have been sent successfully.
27-07-2025 23:07:20 | INFO: status: 200 | Message: Exercise have been sent successfully.
27-07-2025 23:07:27 | INFO: status: 304 | Message: Exercise have been sent successfully.
27-07-2025 23:07:27 | INFO: status: 304 | Message: Exercise have been sent successfully.
27-07-2025 23:07:29 | INFO: status: 304 | Message: Exercise have been sent successfully.
27-07-2025 23:07:30 | INFO: status: 304 | Message: Exercise have been sent successfully.
27-07-2025 23:07:31 | INFO: status: 200 | Message: Exercise have been sent successfully.
27-07-2025 23:07:31 | INFO: status: 304 | Message: Exercise have been sent successfully.
27-07-2025 23:07:35 | INFO: status: 200 | Message: Exercise have been updated successfully.
27-07-2025 23:07:37 | INFO: status: 304 | Message: Exercise have been sent successfully.
27-07-2025 23:07:37 | INFO: status: 304 | Message: Exercise have been sent successfully.
27-07-2025 23:07:38 | INFO: status: 304 | Message: Exercise have been sent successfully.
27-07-2025 23:07:38 | INFO: status: 304 | Message: Exercise have been sent successfully.
27-07-2025 23:08:34 | INFO: status: 304 | Message: Exercise have been sent successfully.
27-07-2025 23:08:34 | INFO: status: 200 | Message: Exercise have been sent successfully.
27-07-2025 23:08:36 | INFO: status: 304 | Message: Exercise have been sent successfully.
27-07-2025 23:08:36 | INFO: status: 304 | Message: Exercise have been sent successfully.
27-07-2025 23:08:39 | ERROR: status: 500 | Message: path is not defined
27-07-2025 23:09:14 | INFO: status: 200 | Message: Exercise have been updated successfully.
27-07-2025 23:09:15 | INFO: status: 200 | Message: Exercise have been sent successfully.
27-07-2025 23:09:15 | INFO: status: 200 | Message: Exercise have been sent successfully.
27-07-2025 23:09:17 | INFO: status: 304 | Message: Exercise have been sent successfully.
27-07-2025 23:09:17 | INFO: status: 304 | Message: Exercise have been sent successfully.
27-07-2025 23:09:20 | INFO: status: 304 | Message: Exercise have been sent successfully.
27-07-2025 23:09:20 | INFO: status: 200 | Message: Exercise have been sent successfully.
27-07-2025 23:09:45 | INFO: status: 200 | Message: Exercise have been sent successfully.
27-07-2025 23:09:45 | INFO: status: 304 | Message: Exercise have been sent successfully.
27-07-2025 23:09:49 | INFO: status: 200 | Message: Exercise have been updated successfully.
27-07-2025 23:09:50 | INFO: status: 200 | Message: Exercise have been sent successfully.
27-07-2025 23:09:50 | INFO: status: 200 | Message: Exercise have been sent successfully.
27-07-2025 23:09:51 | INFO: status: 304 | Message: Exercise have been sent successfully.
27-07-2025 23:09:51 | INFO: status: 200 | Message: Exercise have been sent successfully.
27-07-2025 23:09:53 | INFO: status: 304 | Message: Exercise have been sent successfully.
27-07-2025 23:09:53 | INFO: status: 200 | Message: Exercise have been sent successfully.
27-07-2025 23:12:06 | INFO: status: 200 | Message: Delete requests have bees sent successfully.
27-07-2025 23:12:06 | INFO: status: 304 | Message: Delete requests have bees sent successfully.
27-07-2025 23:12:26 | INFO: status: 304 | Message: Exercise have been sent successfully.
27-07-2025 23:12:26 | INFO: status: 304 | Message: Exercise have been sent successfully.
