14-07-2025 10:38:51 | INFO: status: 304 | Message: Clients has been sent successfully.
14-07-2025 10:38:51 | INFO: status: 200 | Message: Available clients have been sent successfully. 
14-07-2025 10:38:51 | INFO: status: 200 | Message: Clients has been sent successfully.
14-07-2025 10:38:51 | INFO: status: 304 | Message: Program sent successfully.
14-07-2025 10:38:51 | INFO: status: 304 | Message: Available clients have been sent successfully. 
14-07-2025 10:38:51 | INFO: status: 200 | Message: Program sent successfully.
14-07-2025 10:40:09 | INFO: status: 200 | Message: Exercise have been sent successfully.
14-07-2025 10:40:09 | INFO: status: 304 | Message: Exercise have been sent successfully.
14-07-2025 19:54:18 | INFO: status: 304 | Message: Clients has been sent successfully.
14-07-2025 19:54:18 | INFO: status: 200 | Message: Clients has been sent successfully.
14-07-2025 19:54:18 | INFO: status: 200 | Message: Available clients have been sent successfully. 
14-07-2025 19:54:18 | INFO: status: 304 | Message: Program sent successfully.
14-07-2025 19:54:18 | INFO: status: 304 | Message: Available clients have been sent successfully. 
14-07-2025 19:54:18 | INFO: status: 200 | Message: Program sent successfully.
14-07-2025 19:54:32 | INFO: status: 304 | Message: Clients has been sent successfully.
14-07-2025 19:54:34 | INFO: status: 200 | Message: User assigned successfully.
14-07-2025 19:54:34 | INFO: status: 200 | Message: Program sent successfully.
14-07-2025 19:56:58 | INFO: status: 200 | Message: Program sent successfully.
14-07-2025 19:56:58 | INFO: status: 200 | Message: Program sent successfully.
14-07-2025 19:57:18 | INFO: status: 304 | Message: Exercise have been sent successfully.
14-07-2025 19:57:18 | INFO: status: 304 | Message: Exercise have been sent successfully.
14-07-2025 19:57:24 | INFO: status: 200 | Message: Available clients have been sent successfully. 
14-07-2025 19:57:24 | INFO: status: 200 | Message: Clients has been sent successfully.
14-07-2025 19:57:24 | INFO: status: 200 | Message: Program sent successfully.
14-07-2025 19:57:24 | INFO: status: 304 | Message: Program sent successfully.
14-07-2025 19:57:25 | INFO: status: 304 | Message: Available clients have been sent successfully. 
14-07-2025 19:57:25 | INFO: status: 200 | Message: Clients has been sent successfully.
14-07-2025 19:57:25 | INFO: status: 304 | Message: Exercise have been sent successfully.
14-07-2025 19:57:25 | INFO: status: 304 | Message: Exercise have been sent successfully.
14-07-2025 19:57:33 | INFO: status: 304 | Message: Available clients have been sent successfully. 
14-07-2025 19:57:33 | INFO: status: 304 | Message: Available clients have been sent successfully. 
14-07-2025 19:57:33 | INFO: status: 304 | Message: Clients has been sent successfully.
14-07-2025 19:57:33 | INFO: status: 304 | Message: Program sent successfully.
14-07-2025 19:57:33 | INFO: status: 304 | Message: Clients has been sent successfully.
14-07-2025 19:57:33 | INFO: status: 304 | Message: Program sent successfully.
14-07-2025 19:57:45 | INFO: status: 200 | Message: User 685019980c0b59a1bd118659 assigned to trainer 68703beef075a9f0f876bd19
14-07-2025 19:57:45 | INFO: status: 200 | Message: Clients has been sent successfully.
14-07-2025 19:57:49 | INFO: status: 304 | Message: Clients has been sent successfully.
14-07-2025 19:57:51 | INFO: status: 200 | Message: User assigned successfully.
14-07-2025 19:57:52 | INFO: status: 200 | Message: Program sent successfully.
14-07-2025 19:57:53 | INFO: status: 200 | Message: Clients has been sent successfully.
14-07-2025 19:58:23 | INFO: status: 200 | Message: Program sent successfully.
14-07-2025 19:58:23 | INFO: status: 200 | Message: Program sent successfully.
14-07-2025 20:00:48 | INFO: status: 304 | Message: User sent successfully.
14-07-2025 20:00:48 | INFO: status: 304 | Message: User sent successfully.
14-07-2025 20:01:06 | INFO: status: 200 | Message: User sent successfully.
14-07-2025 20:01:06 | INFO: status: 304 | Message: User sent successfully.
14-07-2025 20:01:41 | INFO: status: 304 | Message: User sent successfully.
14-07-2025 20:01:41 | INFO: status: 200 | Message: User sent successfully.
14-07-2025 20:01:49 | INFO: status: 304 | Message: Clients has been sent successfully.
14-07-2025 20:01:49 | INFO: status: 200 | Message: Available clients have been sent successfully. 
14-07-2025 20:01:49 | INFO: status: 200 | Message: Available clients have been sent successfully. 
14-07-2025 20:01:49 | INFO: status: 200 | Message: Clients has been sent successfully.
14-07-2025 20:01:49 | INFO: status: 200 | Message: Program sent successfully.
14-07-2025 20:01:49 | INFO: status: 304 | Message: Program sent successfully.
14-07-2025 20:02:37 | INFO: status: 304 | Message: Clients has been sent successfully.
14-07-2025 20:02:37 | INFO: status: 200 | Message: Clients has been sent successfully.
14-07-2025 20:02:37 | INFO: status: 200 | Message: Available clients have been sent successfully. 
14-07-2025 20:02:37 | INFO: status: 304 | Message: Available clients have been sent successfully. 
14-07-2025 20:02:37 | INFO: status: 304 | Message: Program sent successfully.
14-07-2025 20:02:37 | INFO: status: 200 | Message: Program sent successfully.
14-07-2025 20:02:38 | INFO: status: 200 | Message: Program sent successfully.
14-07-2025 20:02:38 | INFO: status: 200 | Message: Program sent successfully.
14-07-2025 20:03:21 | INFO: status: 200 | Message: User sent successfully.
14-07-2025 20:03:21 | INFO: status: 304 | Message: User sent successfully.
14-07-2025 20:03:21 | INFO: status: 304 | Message: Available clients have been sent successfully. 
14-07-2025 20:03:21 | INFO: status: 200 | Message: Clients has been sent successfully.
14-07-2025 20:03:21 | INFO: status: 200 | Message: Available clients have been sent successfully. 
14-07-2025 20:03:21 | INFO: status: 304 | Message: Clients has been sent successfully.
14-07-2025 20:03:21 | INFO: status: 304 | Message: Program sent successfully.
14-07-2025 20:03:21 | INFO: status: 200 | Message: Program sent successfully.
14-07-2025 20:03:21 | INFO: status: 200 | Message: Clients has been sent successfully.
14-07-2025 20:03:21 | INFO: status: 200 | Message: Program sent successfully.
14-07-2025 20:03:45 | INFO: status: 304 | Message: User sent successfully.
14-07-2025 20:03:45 | INFO: status: 200 | Message: Program sent successfully.
14-07-2025 20:03:45 | INFO: status: 304 | Message: Program sent successfully.
14-07-2025 20:03:45 | INFO: status: 200 | Message: User sent successfully.
14-07-2025 20:03:55 | INFO: status: 304 | Message: Clients has been sent successfully.
14-07-2025 20:03:55 | INFO: status: 304 | Message: Available clients have been sent successfully. 
14-07-2025 20:03:55 | INFO: status: 200 | Message: Clients has been sent successfully.
14-07-2025 20:03:55 | INFO: status: 200 | Message: Available clients have been sent successfully. 
14-07-2025 20:03:55 | INFO: status: 200 | Message: Program sent successfully.
14-07-2025 20:03:55 | INFO: status: 304 | Message: Program sent successfully.
14-07-2025 20:03:56 | INFO: status: 200 | Message: Program sent successfully.
14-07-2025 20:03:56 | INFO: status: 304 | Message: Program sent successfully.
14-07-2025 20:06:23 | INFO: status: 304 | Message: Clients has been sent successfully.
14-07-2025 20:06:23 | INFO: status: 200 | Message: Available clients have been sent successfully. 
14-07-2025 20:06:23 | INFO: status: 200 | Message: Clients has been sent successfully.
14-07-2025 20:06:23 | INFO: status: 304 | Message: Available clients have been sent successfully. 
14-07-2025 20:06:23 | INFO: status: 304 | Message: Program sent successfully.
14-07-2025 20:06:23 | INFO: status: 200 | Message: Program sent successfully.
14-07-2025 20:06:41 | INFO: status: 200 | Message: Program sent successfully.
14-07-2025 20:06:41 | INFO: status: 304 | Message: User sent successfully.
14-07-2025 20:06:41 | INFO: status: 304 | Message: Program sent successfully.
14-07-2025 20:06:41 | INFO: status: 200 | Message: User sent successfully.
14-07-2025 20:06:41 | INFO: status: 304 | Message: Available clients have been sent successfully. 
14-07-2025 20:06:41 | INFO: status: 304 | Message: Clients has been sent successfully.
14-07-2025 20:06:41 | INFO: status: 200 | Message: Available clients have been sent successfully. 
14-07-2025 20:06:41 | INFO: status: 200 | Message: Clients has been sent successfully.
14-07-2025 20:06:41 | INFO: status: 200 | Message: Program sent successfully.
14-07-2025 20:06:42 | INFO: status: 304 | Message: Program sent successfully.
14-07-2025 20:06:43 | INFO: status: 304 | Message: Program sent successfully.
14-07-2025 20:06:43 | INFO: status: 304 | Message: Available clients have been sent successfully. 
14-07-2025 20:06:43 | INFO: status: 304 | Message: Clients has been sent successfully.
14-07-2025 20:06:43 | INFO: status: 200 | Message: Program sent successfully.
14-07-2025 20:06:43 | INFO: status: 200 | Message: Program sent successfully.
14-07-2025 20:06:43 | INFO: status: 304 | Message: Program sent successfully.
14-07-2025 20:06:43 | INFO: status: 200 | Message: Clients has been sent successfully.
14-07-2025 20:09:36 | INFO: status: 200 | Message: Token provided.
14-07-2025 20:09:36 | INFO: status: 304 | Message: User sent successfully.
14-07-2025 20:09:36 | INFO: status: 200 | Message: Clients has been sent successfully.
14-07-2025 20:09:36 | INFO: status: 304 | Message: Available clients have been sent successfully. 
14-07-2025 20:09:36 | INFO: status: 304 | Message: Program sent successfully.
14-07-2025 20:09:36 | INFO: status: 200 | Message: Program sent successfully.
14-07-2025 20:09:36 | INFO: status: 304 | Message: Clients has been sent successfully.
14-07-2025 20:09:36 | INFO: status: 200 | Message: Available clients have been sent successfully. 
14-07-2025 20:09:43 | INFO: status: 200 | Message: Program sent successfully.
14-07-2025 20:09:43 | INFO: status: 304 | Message: Program sent successfully.
14-07-2025 20:10:15 | INFO: status: 200 | Message: User sent successfully.
14-07-2025 20:10:15 | INFO: status: 304 | Message: User sent successfully.
14-07-2025 20:10:17 | INFO: status: 304 | Message: Available clients have been sent successfully. 
14-07-2025 20:10:17 | INFO: status: 200 | Message: Available clients have been sent successfully. 
14-07-2025 20:10:17 | INFO: status: 304 | Message: Clients has been sent successfully.
14-07-2025 20:10:17 | INFO: status: 200 | Message: Clients has been sent successfully.
14-07-2025 20:10:17 | INFO: status: 304 | Message: Program sent successfully.
14-07-2025 20:10:17 | INFO: status: 200 | Message: Program sent successfully.
14-07-2025 20:10:18 | INFO: status: 304 | Message: Clients has been sent successfully.
14-07-2025 20:10:18 | INFO: status: 304 | Message: Available clients have been sent successfully. 
14-07-2025 20:10:18 | INFO: status: 200 | Message: Available clients have been sent successfully. 
14-07-2025 20:10:18 | INFO: status: 200 | Message: Clients has been sent successfully.
14-07-2025 20:10:19 | INFO: status: 200 | Message: Program sent successfully.
14-07-2025 20:10:19 | INFO: status: 304 | Message: Program sent successfully.
14-07-2025 20:10:19 | INFO: status: 304 | Message: Program sent successfully.
14-07-2025 20:10:19 | INFO: status: 200 | Message: Program sent successfully.
14-07-2025 20:10:50 | INFO: status: 200 | Message: Program sent successfully.
14-07-2025 20:10:50 | INFO: status: 304 | Message: Program sent successfully.
14-07-2025 20:10:50 | INFO: status: 200 | Message: Available clients have been sent successfully. 
14-07-2025 20:10:50 | INFO: status: 200 | Message: Clients has been sent successfully.
14-07-2025 20:10:50 | INFO: status: 304 | Message: Program sent successfully.
14-07-2025 20:10:50 | INFO: status: 200 | Message: Program sent successfully.
14-07-2025 20:10:50 | INFO: status: 304 | Message: Clients has been sent successfully.
14-07-2025 20:10:50 | INFO: status: 304 | Message: Available clients have been sent successfully. 
14-07-2025 20:11:10 | INFO: status: 200 | Message: Program sent successfully.
14-07-2025 20:11:10 | INFO: status: 304 | Message: Program sent successfully.
14-07-2025 20:11:10 | INFO: status: 304 | Message: User sent successfully.
14-07-2025 20:11:10 | INFO: status: 200 | Message: User sent successfully.
14-07-2025 20:11:10 | INFO: status: 304 | Message: Available clients have been sent successfully. 
14-07-2025 20:11:10 | INFO: status: 304 | Message: Clients has been sent successfully.
14-07-2025 20:11:10 | INFO: status: 200 | Message: Available clients have been sent successfully. 
14-07-2025 20:11:10 | INFO: status: 200 | Message: Clients has been sent successfully.
14-07-2025 20:11:11 | INFO: status: 304 | Message: Program sent successfully.
14-07-2025 20:11:11 | INFO: status: 200 | Message: Program sent successfully.
14-07-2025 20:12:47 | INFO: status: 200 | Message: Program sent successfully.
14-07-2025 20:12:47 | INFO: status: 304 | Message: Program sent successfully.
14-07-2025 20:13:22 | INFO: status: 200 | Message: User sent successfully.
14-07-2025 20:13:22 | INFO: status: 304 | Message: User sent successfully.
14-07-2025 20:13:22 | INFO: status: 200 | Message: Available clients have been sent successfully. 
14-07-2025 20:13:22 | INFO: status: 304 | Message: Clients has been sent successfully.
14-07-2025 20:13:22 | INFO: status: 200 | Message: Clients has been sent successfully.
14-07-2025 20:13:22 | INFO: status: 304 | Message: Available clients have been sent successfully. 
14-07-2025 20:13:22 | INFO: status: 200 | Message: Program sent successfully.
14-07-2025 20:13:22 | INFO: status: 304 | Message: Program sent successfully.
14-07-2025 20:13:24 | INFO: status: 304 | Message: Program sent successfully.
14-07-2025 20:13:24 | INFO: status: 200 | Message: Program sent successfully.
14-07-2025 20:13:24 | INFO: status: 304 | Message: Available clients have been sent successfully. 
14-07-2025 20:13:24 | INFO: status: 200 | Message: Available clients have been sent successfully. 
14-07-2025 20:13:24 | INFO: status: 200 | Message: Clients has been sent successfully.
14-07-2025 20:13:24 | INFO: status: 304 | Message: Clients has been sent successfully.
14-07-2025 20:13:24 | INFO: status: 304 | Message: Program sent successfully.
14-07-2025 20:13:24 | INFO: status: 200 | Message: Program sent successfully.
14-07-2025 20:13:33 | INFO: status: 200 | Message: Program sent successfully.
14-07-2025 20:13:33 | INFO: status: 304 | Message: Program sent successfully.
14-07-2025 20:16:19 | INFO: status: 200 | Message: Program sent successfully.
14-07-2025 20:16:19 | INFO: status: 304 | Message: User sent successfully.
14-07-2025 20:16:19 | INFO: status: 304 | Message: Program sent successfully.
14-07-2025 20:16:19 | INFO: status: 200 | Message: User sent successfully.
14-07-2025 20:16:20 | INFO: status: 200 | Message: Clients has been sent successfully.
14-07-2025 20:16:20 | INFO: status: 304 | Message: Clients has been sent successfully.
14-07-2025 20:16:20 | INFO: status: 200 | Message: Available clients have been sent successfully. 
14-07-2025 20:16:20 | INFO: status: 304 | Message: Available clients have been sent successfully. 
14-07-2025 20:16:20 | INFO: status: 200 | Message: Program sent successfully.
14-07-2025 20:16:20 | INFO: status: 304 | Message: Program sent successfully.
14-07-2025 20:16:21 | INFO: status: 304 | Message: Program sent successfully.
14-07-2025 20:16:21 | INFO: status: 200 | Message: Program sent successfully.
14-07-2025 20:16:27 | INFO: status: 304 | Message: Available clients have been sent successfully. 
14-07-2025 20:16:27 | INFO: status: 304 | Message: Clients has been sent successfully.
14-07-2025 20:16:27 | INFO: status: 200 | Message: Clients has been sent successfully.
14-07-2025 20:16:27 | INFO: status: 200 | Message: Available clients have been sent successfully. 
14-07-2025 20:16:27 | INFO: status: 304 | Message: Program sent successfully.
14-07-2025 20:16:27 | INFO: status: 200 | Message: Program sent successfully.
14-07-2025 21:27:01 | INFO: status: 304 | Message: Program sent successfully.
14-07-2025 21:27:01 | INFO: status: 200 | Message: Program sent successfully.
14-07-2025 22:01:02 | INFO: status: 200 | Message: Program sent successfully.
14-07-2025 22:01:02 | INFO: status: 304 | Message: Program sent successfully.
14-07-2025 22:01:02 | INFO: status: 200 | Message: User sent successfully.
14-07-2025 22:01:02 | INFO: status: 304 | Message: Clients has been sent successfully.
14-07-2025 22:01:02 | INFO: status: 200 | Message: Clients has been sent successfully.
14-07-2025 22:01:02 | INFO: status: 200 | Message: Program sent successfully.
14-07-2025 22:01:02 | INFO: status: 304 | Message: Program sent successfully.
14-07-2025 22:01:02 | INFO: status: 200 | Message: Available clients have been sent successfully. 
14-07-2025 22:01:02 | INFO: status: 304 | Message: User sent successfully.
14-07-2025 22:01:03 | INFO: status: 304 | Message: Available clients have been sent successfully. 
14-07-2025 22:01:03 | INFO: status: 304 | Message: Clients has been sent successfully.
14-07-2025 22:01:03 | INFO: status: 304 | Message: Program sent successfully.
14-07-2025 22:01:05 | INFO: status: 304 | Message: User sent successfully.
14-07-2025 22:01:05 | INFO: status: 200 | Message: User sent successfully.
14-07-2025 22:01:05 | INFO: status: 304 | Message: Available clients have been sent successfully. 
14-07-2025 22:01:05 | INFO: status: 304 | Message: Clients has been sent successfully.
14-07-2025 22:01:05 | INFO: status: 200 | Message: Clients has been sent successfully.
14-07-2025 22:01:05 | INFO: status: 304 | Message: Program sent successfully.
14-07-2025 22:01:05 | INFO: status: 200 | Message: Program sent successfully.
14-07-2025 22:01:06 | INFO: status: 200 | Message: Available clients have been sent successfully. 
14-07-2025 22:02:16 | INFO: status: 200 | Message: User sent successfully.
14-07-2025 22:02:16 | INFO: status: 304 | Message: User sent successfully.
14-07-2025 22:02:16 | INFO: status: 200 | Message: Clients has been sent successfully.
14-07-2025 22:02:16 | INFO: status: 200 | Message: Available clients have been sent successfully. 
14-07-2025 22:02:16 | INFO: status: 304 | Message: Clients has been sent successfully.
14-07-2025 22:02:16 | INFO: status: 304 | Message: Available clients have been sent successfully. 
14-07-2025 22:02:16 | INFO: status: 200 | Message: Program sent successfully.
14-07-2025 22:02:17 | INFO: status: 304 | Message: Program sent successfully.
14-07-2025 22:02:17 | INFO: status: 200 | Message: Clients has been sent successfully.
14-07-2025 22:02:17 | INFO: status: 200 | Message: Program sent successfully.
14-07-2025 22:13:46 | INFO: status: 200 | Message: Program sent successfully.
14-07-2025 22:13:46 | INFO: status: 304 | Message: Program sent successfully.
14-07-2025 22:14:42 | INFO: status: 304 | Message: Program sent successfully.
14-07-2025 22:14:42 | INFO: status: 304 | Message: User sent successfully.
14-07-2025 22:14:42 | INFO: status: 200 | Message: User sent successfully.
14-07-2025 22:14:42 | INFO: status: 200 | Message: Program sent successfully.
14-07-2025 22:14:43 | INFO: status: 200 | Message: Available clients have been sent successfully. 
14-07-2025 22:14:43 | INFO: status: 200 | Message: Clients has been sent successfully.
14-07-2025 22:14:43 | INFO: status: 304 | Message: Available clients have been sent successfully. 
14-07-2025 22:14:43 | INFO: status: 304 | Message: Clients has been sent successfully.
14-07-2025 22:14:43 | INFO: status: 200 | Message: Program sent successfully.
14-07-2025 22:14:43 | INFO: status: 304 | Message: Program sent successfully.
14-07-2025 22:14:44 | INFO: status: 304 | Message: Program sent successfully.
14-07-2025 22:14:44 | INFO: status: 304 | Message: Program sent successfully.
14-07-2025 22:15:20 | INFO: status: 200 | Message: Program sent successfully.
14-07-2025 22:15:20 | INFO: status: 304 | Message: User sent successfully.
14-07-2025 22:15:20 | INFO: status: 200 | Message: User sent successfully.
14-07-2025 22:15:20 | INFO: status: 304 | Message: Program sent successfully.
14-07-2025 22:15:21 | INFO: status: 200 | Message: Clients has been sent successfully.
14-07-2025 22:15:21 | INFO: status: 200 | Message: Available clients have been sent successfully. 
14-07-2025 22:15:21 | INFO: status: 304 | Message: Available clients have been sent successfully. 
14-07-2025 22:15:21 | INFO: status: 304 | Message: Clients has been sent successfully.
14-07-2025 22:15:21 | INFO: status: 200 | Message: Program sent successfully.
14-07-2025 22:15:21 | INFO: status: 304 | Message: Program sent successfully.
14-07-2025 22:16:38 | INFO: status: 304 | Message: User sent successfully.
14-07-2025 22:16:38 | INFO: status: 200 | Message: User sent successfully.
14-07-2025 22:16:39 | INFO: status: 304 | Message: Clients has been sent successfully.
14-07-2025 22:16:39 | INFO: status: 200 | Message: Available clients have been sent successfully. 
14-07-2025 22:16:39 | INFO: status: 304 | Message: Program sent successfully.
14-07-2025 22:16:39 | INFO: status: 200 | Message: Program sent successfully.
14-07-2025 22:16:39 | INFO: status: 200 | Message: Clients has been sent successfully.
14-07-2025 22:16:39 | INFO: status: 200 | Message: Program sent successfully.
14-07-2025 22:16:39 | INFO: status: 200 | Message: Clients has been sent successfully.
14-07-2025 22:16:39 | INFO: status: 304 | Message: Available clients have been sent successfully. 
14-07-2025 22:16:40 | INFO: status: 200 | Message: Program sent successfully.
14-07-2025 22:16:40 | INFO: status: 304 | Message: Program sent successfully.
14-07-2025 22:17:17 | INFO: status: 200 | Message: Program sent successfully.
14-07-2025 22:17:17 | INFO: status: 200 | Message: User sent successfully.
14-07-2025 22:17:17 | INFO: status: 304 | Message: User sent successfully.
14-07-2025 22:17:17 | INFO: status: 304 | Message: Program sent successfully.
14-07-2025 22:17:17 | INFO: status: 304 | Message: Clients has been sent successfully.
14-07-2025 22:17:17 | INFO: status: 200 | Message: Clients has been sent successfully.
14-07-2025 22:17:17 | INFO: status: 200 | Message: Available clients have been sent successfully. 
14-07-2025 22:17:17 | INFO: status: 304 | Message: Program sent successfully.
14-07-2025 22:17:17 | INFO: status: 304 | Message: Available clients have been sent successfully. 
14-07-2025 22:17:17 | INFO: status: 304 | Message: Program sent successfully.
14-07-2025 22:20:06 | INFO: status: 200 | Message: Program sent successfully.
14-07-2025 22:20:06 | INFO: status: 304 | Message: Program sent successfully.
14-07-2025 22:41:46 | INFO: status: 200 | Message: Program sent successfully.
14-07-2025 22:41:46 | INFO: status: 200 | Message: User sent successfully.
14-07-2025 22:41:46 | INFO: status: 304 | Message: Program sent successfully.
14-07-2025 22:41:46 | INFO: status: 304 | Message: User sent successfully.
14-07-2025 22:41:47 | INFO: status: 200 | Message: Clients has been sent successfully.
14-07-2025 22:41:47 | INFO: status: 304 | Message: Clients has been sent successfully.
14-07-2025 22:41:47 | INFO: status: 304 | Message: Available clients have been sent successfully. 
14-07-2025 22:41:47 | INFO: status: 200 | Message: Program sent successfully.
14-07-2025 22:41:47 | INFO: status: 200 | Message: Available clients have been sent successfully. 
14-07-2025 22:41:47 | INFO: status: 304 | Message: Program sent successfully.
14-07-2025 22:42:15 | INFO: status: 200 | Message: Program sent successfully.
14-07-2025 22:42:15 | INFO: status: 304 | Message: Program sent successfully.
14-07-2025 22:44:51 | INFO: status: 200 | Message: User sent successfully.
14-07-2025 22:44:51 | INFO: status: 200 | Message: Program sent successfully.
14-07-2025 22:44:51 | INFO: status: 304 | Message: User sent successfully.
14-07-2025 22:44:51 | INFO: status: 304 | Message: Program sent successfully.
14-07-2025 22:44:51 | INFO: status: 200 | Message: Available clients have been sent successfully. 
14-07-2025 22:44:51 | INFO: status: 200 | Message: Available clients have been sent successfully. 
14-07-2025 22:44:51 | INFO: status: 200 | Message: Available clients have been sent successfully. 
14-07-2025 22:45:28 | INFO: status: 304 | Message: Program sent successfully.
14-07-2025 22:45:28 | INFO: status: 200 | Message: User sent successfully.
14-07-2025 22:45:28 | INFO: status: 304 | Message: User sent successfully.
14-07-2025 22:45:28 | INFO: status: 200 | Message: Program sent successfully.
14-07-2025 22:45:28 | INFO: status: 304 | Message: Available clients have been sent successfully. 
14-07-2025 22:45:28 | INFO: status: 200 | Message: Available clients have been sent successfully. 
14-07-2025 22:45:28 | INFO: status: 200 | Message: Program sent successfully.
14-07-2025 22:45:28 | INFO: status: 304 | Message: Program sent successfully.
14-07-2025 22:45:29 | INFO: status: 304 | Message: Clients has been sent successfully.
14-07-2025 22:45:29 | INFO: status: 304 | Message: Available clients have been sent successfully. 
14-07-2025 22:45:29 | INFO: status: 200 | Message: Clients has been sent successfully.
14-07-2025 22:45:29 | INFO: status: 200 | Message: Program sent successfully.
14-07-2025 22:45:29 | INFO: status: 200 | Message: Available clients have been sent successfully. 
14-07-2025 22:45:29 | INFO: status: 200 | Message: Clients has been sent successfully.
14-07-2025 22:45:30 | INFO: status: 304 | Message: Program sent successfully.
14-07-2025 22:45:30 | INFO: status: 200 | Message: Program sent successfully.
14-07-2025 22:45:30 | INFO: status: 200 | Message: Available clients have been sent successfully. 
14-07-2025 22:45:30 | INFO: status: 304 | Message: Available clients have been sent successfully. 
14-07-2025 22:45:30 | INFO: status: 200 | Message: Available clients have been sent successfully. 
14-07-2025 22:45:53 | INFO: status: 304 | Message: Program sent successfully.
14-07-2025 22:45:53 | INFO: status: 200 | Message: Program sent successfully.
14-07-2025 22:45:53 | INFO: status: 200 | Message: User sent successfully.
14-07-2025 22:45:53 | INFO: status: 304 | Message: User sent successfully.
14-07-2025 22:45:53 | INFO: status: 200 | Message: Available clients have been sent successfully. 
14-07-2025 22:45:53 | INFO: status: 200 | Message: Available clients have been sent successfully. 
14-07-2025 22:45:53 | INFO: status: 200 | Message: Clients has been sent successfully.
14-07-2025 22:45:53 | INFO: status: 304 | Message: Available clients have been sent successfully. 
14-07-2025 22:45:53 | INFO: status: 200 | Message: Available clients have been sent successfully. 
14-07-2025 22:45:53 | INFO: status: 200 | Message: Program sent successfully.
14-07-2025 22:45:53 | INFO: status: 304 | Message: Clients has been sent successfully.
14-07-2025 22:45:53 | INFO: status: 304 | Message: Available clients have been sent successfully. 
14-07-2025 22:45:53 | INFO: status: 304 | Message: Program sent successfully.
14-07-2025 22:46:50 | INFO: status: 304 | Message: Program sent successfully.
14-07-2025 22:46:50 | INFO: status: 200 | Message: Program sent successfully.
14-07-2025 22:46:50 | INFO: status: 200 | Message: Available clients have been sent successfully. 
14-07-2025 22:46:50 | INFO: status: 200 | Message: Available clients have been sent successfully. 
14-07-2025 22:46:50 | INFO: status: 200 | Message: Available clients have been sent successfully. 
14-07-2025 23:38:48 | INFO: status: 200 | Message: Program sent successfully.
14-07-2025 23:38:48 | ERROR: status: 500 | Message: Cast to ObjectId failed for value "null" (type string) at path "_id" for model "User"
14-07-2025 23:38:50 | INFO: status: 200 | Message: Clients has been sent successfully.
14-07-2025 23:38:51 | INFO: status: 304 | Message: Available clients have been sent successfully. 
14-07-2025 23:38:53 | INFO: status: 200 | Message: User assigned successfully.
14-07-2025 23:38:54 | INFO: status: 200 | Message: Program sent successfully.
14-07-2025 23:38:54 | INFO: status: 304 | Message: Available clients have been sent successfully. 
14-07-2025 23:39:51 | INFO: status: 304 | Message: Available clients have been sent successfully. 
14-07-2025 23:39:56 | INFO: status: 200 | Message: Program sent successfully.
14-07-2025 23:39:56 | ERROR: status: 500 | Message: Cast to ObjectId failed for value "null" (type string) at path "_id" for model "User"
14-07-2025 23:39:58 | INFO: status: 304 | Message: Clients has been sent successfully.
14-07-2025 23:39:58 | INFO: status: 304 | Message: Available clients have been sent successfully. 
14-07-2025 23:39:59 | INFO: status: 200 | Message: User assigned successfully.
14-07-2025 23:39:59 | INFO: status: 200 | Message: Program sent successfully.
14-07-2025 23:40:00 | INFO: status: 304 | Message: Available clients have been sent successfully. 
14-07-2025 23:42:12 | INFO: status: 304 | Message: Available clients have been sent successfully. 
14-07-2025 23:42:16 | INFO: status: 200 | Message: Program sent successfully.
14-07-2025 23:42:20 | INFO: status: 304 | Message: Clients has been sent successfully.
14-07-2025 23:42:20 | INFO: status: 304 | Message: Available clients have been sent successfully. 
14-07-2025 23:42:21 | INFO: status: 200 | Message: User assigned successfully.
14-07-2025 23:42:22 | INFO: status: 200 | Message: Program sent successfully.
14-07-2025 23:42:22 | INFO: status: 304 | Message: Available clients have been sent successfully. 
