13-07-2025 19:29:49 | INFO: status: 304 | Message: Program sent successfully.
13-07-2025 19:29:49 | INFO: status: 200 | Message: Program sent successfully.
13-07-2025 19:30:23 | INFO: status: 304 | Message: Clients has been sent successfully.
13-07-2025 19:30:23 | INFO: status: 200 | Message: Available clients have been sent successfully. 
13-07-2025 19:30:23 | INFO: status: 304 | Message: Available clients have been sent successfully. 
13-07-2025 19:30:23 | INFO: status: 200 | Message: Program sent successfully.
13-07-2025 19:30:23 | INFO: status: 200 | Message: Clients has been sent successfully.
13-07-2025 19:30:23 | INFO: status: 304 | Message: Program sent successfully.
13-07-2025 19:43:31 | INFO: status: 200 | Message: User sent successfully.
13-07-2025 19:43:31 | INFO: status: 304 | Message: User sent successfully.
13-07-2025 19:43:31 | INFO: status: 304 | Message: Clients has been sent successfully.
13-07-2025 19:43:31 | INFO: status: 200 | Message: Clients has been sent successfully.
13-07-2025 19:43:31 | INFO: status: 200 | Message: Program sent successfully.
13-07-2025 19:43:31 | INFO: status: 304 | Message: Program sent successfully.
13-07-2025 19:43:31 | INFO: status: 200 | Message: Clients has been sent successfully.
13-07-2025 19:43:31 | INFO: status: 200 | Message: Program sent successfully.
13-07-2025 19:43:32 | INFO: status: 304 | Message: Available clients have been sent successfully. 
13-07-2025 19:43:32 | INFO: status: 200 | Message: Available clients have been sent successfully. 
13-07-2025 20:01:22 | INFO: status: 200 | Message: User sent successfully.
13-07-2025 20:01:22 | INFO: status: 304 | Message: User sent successfully.
13-07-2025 20:01:22 | INFO: status: 200 | Message: Available clients have been sent successfully. 
13-07-2025 20:01:22 | INFO: status: 304 | Message: Clients has been sent successfully.
13-07-2025 20:01:22 | INFO: status: 304 | Message: Available clients have been sent successfully. 
13-07-2025 20:01:22 | INFO: status: 200 | Message: Clients has been sent successfully.
13-07-2025 20:01:22 | INFO: status: 200 | Message: Program sent successfully.
13-07-2025 20:01:22 | INFO: status: 304 | Message: Program sent successfully.
13-07-2025 20:01:22 | INFO: status: 200 | Message: Clients has been sent successfully.
13-07-2025 20:01:22 | INFO: status: 200 | Message: Program sent successfully.
13-07-2025 20:03:40 | INFO: status: 304 | Message: User sent successfully.
13-07-2025 20:03:40 | INFO: status: 200 | Message: User sent successfully.
13-07-2025 20:03:40 | INFO: status: 304 | Message: Clients has been sent successfully.
13-07-2025 20:03:40 | INFO: status: 304 | Message: Available clients have been sent successfully. 
13-07-2025 20:03:40 | INFO: status: 200 | Message: Available clients have been sent successfully. 
13-07-2025 20:03:40 | INFO: status: 200 | Message: Clients has been sent successfully.
13-07-2025 20:03:40 | INFO: status: 304 | Message: Program sent successfully.
13-07-2025 20:03:40 | INFO: status: 200 | Message: Program sent successfully.
13-07-2025 20:04:10 | INFO: status: 304 | Message: User sent successfully.
13-07-2025 20:04:10 | INFO: status: 200 | Message: User sent successfully.
13-07-2025 20:04:10 | INFO: status: 304 | Message: Clients has been sent successfully.
13-07-2025 20:04:10 | INFO: status: 200 | Message: Clients has been sent successfully.
13-07-2025 20:04:10 | INFO: status: 200 | Message: Available clients have been sent successfully. 
13-07-2025 20:04:10 | INFO: status: 304 | Message: Available clients have been sent successfully. 
13-07-2025 20:04:10 | INFO: status: 304 | Message: Program sent successfully.
13-07-2025 20:04:10 | INFO: status: 200 | Message: Program sent successfully.
13-07-2025 20:04:58 | INFO: status: 304 | Message: User sent successfully.
13-07-2025 20:04:58 | INFO: status: 200 | Message: User sent successfully.
13-07-2025 20:04:58 | INFO: status: 200 | Message: Clients has been sent successfully.
13-07-2025 20:04:58 | INFO: status: 304 | Message: Clients has been sent successfully.
13-07-2025 20:04:58 | INFO: status: 304 | Message: Available clients have been sent successfully. 
13-07-2025 20:04:58 | INFO: status: 200 | Message: Available clients have been sent successfully. 
13-07-2025 20:04:58 | INFO: status: 304 | Message: Program sent successfully.
13-07-2025 20:04:58 | INFO: status: 200 | Message: Program sent successfully.
13-07-2025 20:05:04 | INFO: status: 304 | Message: User sent successfully.
13-07-2025 20:05:04 | INFO: status: 200 | Message: User sent successfully.
13-07-2025 20:05:04 | INFO: status: 304 | Message: Clients has been sent successfully.
13-07-2025 20:05:04 | INFO: status: 304 | Message: Available clients have been sent successfully. 
13-07-2025 20:05:04 | INFO: status: 200 | Message: Available clients have been sent successfully. 
13-07-2025 20:05:04 | INFO: status: 200 | Message: Clients has been sent successfully.
13-07-2025 20:05:04 | INFO: status: 304 | Message: Program sent successfully.
13-07-2025 20:05:04 | INFO: status: 200 | Message: Program sent successfully.
13-07-2025 20:15:19 | INFO: status: 200 | Message: Program sent successfully.
13-07-2025 20:15:19 | INFO: status: 200 | Message: Program sent successfully.
13-07-2025 20:16:32 | ERROR: status: 500 | Message: Cast to ObjectId failed for value "undefined" (type string) at path "_id" for model "User"
13-07-2025 20:16:52 | INFO: status: 200 | Message: Program sent successfully.
13-07-2025 20:16:52 | INFO: status: 304 | Message: User sent successfully.
13-07-2025 20:16:52 | INFO: status: 304 | Message: Program sent successfully.
13-07-2025 20:16:52 | INFO: status: 200 | Message: User sent successfully.
13-07-2025 20:18:53 | ERROR: status: 500 | Message: Cast to ObjectId failed for value "undefined" (type string) at path "_id" for model "User"
13-07-2025 20:20:36 | ERROR: status: 500 | Message: Cast to ObjectId failed for value "undefined" (type string) at path "_id" for model "User"
13-07-2025 20:55:20 | ERROR: status: 500 | Message: Cast to ObjectId failed for value "[object Object]" (type string) at path "_id" for model "Program"
13-07-2025 20:56:18 | INFO: status: 200 | Message: Program sent successfully.
13-07-2025 20:57:44 | INFO: status: 200 | Message: Clients has been sent successfully.
13-07-2025 20:57:44 | INFO: status: 304 | Message: Available clients have been sent successfully. 
13-07-2025 20:57:54 | INFO: status: 200 | Message: Clients has been sent successfully.
13-07-2025 20:57:54 | INFO: status: 200 | Message: Available clients have been sent successfully. 
13-07-2025 20:57:54 | INFO: status: 200 | Message: Program sent successfully.
13-07-2025 20:57:54 | INFO: status: 200 | Message: Program sent successfully.
13-07-2025 20:57:54 | INFO: status: 304 | Message: Clients has been sent successfully.
13-07-2025 20:57:54 | INFO: status: 304 | Message: Available clients have been sent successfully. 
13-07-2025 20:58:53 | INFO: status: 304 | Message: User sent successfully.
13-07-2025 20:58:53 | INFO: status: 200 | Message: User sent successfully.
13-07-2025 20:58:53 | INFO: status: 304 | Message: Available clients have been sent successfully. 
13-07-2025 20:58:53 | INFO: status: 200 | Message: Available clients have been sent successfully. 
13-07-2025 20:58:53 | INFO: status: 200 | Message: Clients has been sent successfully.
13-07-2025 20:58:53 | INFO: status: 304 | Message: Clients has been sent successfully.
13-07-2025 20:58:53 | INFO: status: 304 | Message: Program sent successfully.
13-07-2025 20:58:53 | INFO: status: 200 | Message: Program sent successfully.
13-07-2025 20:59:17 | INFO: status: 304 | Message: Clients has been sent successfully.
13-07-2025 21:02:21 | INFO: status: 200 | Message: User sent successfully.
13-07-2025 21:02:21 | INFO: status: 304 | Message: User sent successfully.
13-07-2025 21:02:21 | INFO: status: 200 | Message: Available clients have been sent successfully. 
13-07-2025 21:02:21 | INFO: status: 200 | Message: Clients has been sent successfully.
13-07-2025 21:02:22 | INFO: status: 304 | Message: Program sent successfully.
13-07-2025 21:02:22 | INFO: status: 200 | Message: Program sent successfully.
13-07-2025 21:02:22 | INFO: status: 200 | Message: Clients has been sent successfully.
13-07-2025 21:02:22 | INFO: status: 200 | Message: Program sent successfully.
13-07-2025 21:02:22 | INFO: status: 200 | Message: Clients has been sent successfully.
13-07-2025 21:02:22 | INFO: status: 304 | Message: Available clients have been sent successfully. 
13-07-2025 21:02:27 | INFO: status: 200 | Message: Program sent successfully.
13-07-2025 21:02:27 | INFO: status: 200 | Message: Program sent successfully.
13-07-2025 21:02:31 | INFO: status: 200 | Message: Program sent successfully.
13-07-2025 21:02:32 | INFO: status: 200 | Message: Clients has been sent successfully.
13-07-2025 21:02:32 | INFO: status: 304 | Message: Available clients have been sent successfully. 
13-07-2025 21:02:44 | INFO: status: 200 | Message: Available clients have been sent successfully. 
13-07-2025 21:02:44 | INFO: status: 304 | Message: Clients has been sent successfully.
13-07-2025 21:02:44 | INFO: status: 200 | Message: Clients has been sent successfully.
13-07-2025 21:02:44 | INFO: status: 304 | Message: Available clients have been sent successfully. 
13-07-2025 21:02:44 | INFO: status: 200 | Message: Program sent successfully.
13-07-2025 21:02:44 | INFO: status: 200 | Message: Program sent successfully.
13-07-2025 21:02:48 | INFO: status: 304 | Message: Clients has been sent successfully.
13-07-2025 21:03:33 | INFO: status: 304 | Message: Clients has been sent successfully.
13-07-2025 21:03:41 | INFO: status: 304 | Message: Clients has been sent successfully.
13-07-2025 21:03:43 | INFO: status: 200 | Message: User assigned successfully.
13-07-2025 21:03:43 | INFO: status: 200 | Message: Program sent successfully.
13-07-2025 21:03:50 | INFO: status: 200 | Message: Program sent successfully.
13-07-2025 21:03:50 | INFO: status: 200 | Message: Program sent successfully.
13-07-2025 21:03:52 | INFO: status: 200 | Message: Program sent successfully.
13-07-2025 21:03:54 | INFO: status: 200 | Message: Available clients have been sent successfully. 
13-07-2025 21:03:54 | INFO: status: 200 | Message: Clients has been sent successfully.
13-07-2025 21:03:54 | INFO: status: 304 | Message: Available clients have been sent successfully. 
13-07-2025 21:03:54 | INFO: status: 304 | Message: Clients has been sent successfully.
13-07-2025 21:03:54 | INFO: status: 200 | Message: Program sent successfully.
13-07-2025 21:03:54 | INFO: status: 200 | Message: Program sent successfully.
13-07-2025 21:03:56 | INFO: status: 304 | Message: Clients has been sent successfully.
13-07-2025 21:03:58 | INFO: status: 200 | Message: User assigned successfully.
13-07-2025 21:03:58 | INFO: status: 200 | Message: Program sent successfully.
13-07-2025 21:04:51 | INFO: status: 304 | Message: Program sent successfully.
13-07-2025 21:04:51 | INFO: status: 200 | Message: Program sent successfully.
13-07-2025 21:07:18 | INFO: status: 200 | Message: Clients has been sent successfully.
13-07-2025 21:07:18 | INFO: status: 304 | Message: Available clients have been sent successfully. 
13-07-2025 21:07:24 | INFO: status: 304 | Message: Clients has been sent successfully.
13-07-2025 21:07:24 | INFO: status: 304 | Message: Available clients have been sent successfully. 
13-07-2025 21:07:24 | INFO: status: 200 | Message: Available clients have been sent successfully. 
13-07-2025 21:07:24 | INFO: status: 200 | Message: Clients has been sent successfully.
13-07-2025 21:07:24 | INFO: status: 200 | Message: Program sent successfully.
13-07-2025 21:07:24 | INFO: status: 304 | Message: Program sent successfully.
13-07-2025 21:07:27 | INFO: status: 304 | Message: Clients has been sent successfully.
13-07-2025 21:07:52 | INFO: status: 304 | Message: Program sent successfully.
13-07-2025 21:07:52 | INFO: status: 304 | Message: Program sent successfully.
13-07-2025 21:53:12 | INFO: status: 304 | Message: Clients has been sent successfully.
13-07-2025 21:53:12 | INFO: status: 304 | Message: Available clients have been sent successfully. 
13-07-2025 21:53:12 | INFO: status: 200 | Message: Available clients have been sent successfully. 
13-07-2025 21:53:12 | INFO: status: 200 | Message: Clients has been sent successfully.
13-07-2025 21:53:12 | INFO: status: 304 | Message: Program sent successfully.
13-07-2025 21:53:12 | INFO: status: 200 | Message: Program sent successfully.
13-07-2025 22:03:16 | INFO: status: 200 | Message: User sent successfully.
13-07-2025 22:03:16 | INFO: status: 304 | Message: User sent successfully.
13-07-2025 22:03:43 | INFO: status: 304 | Message: User sent successfully.
13-07-2025 22:03:43 | INFO: status: 200 | Message: User sent successfully.
13-07-2025 22:04:00 | INFO: status: 200 | Message: User sent successfully.
13-07-2025 22:04:00 | INFO: status: 304 | Message: User sent successfully.
13-07-2025 22:04:01 | INFO: status: 304 | Message: Clients has been sent successfully.
13-07-2025 22:04:01 | INFO: status: 200 | Message: Clients has been sent successfully.
13-07-2025 22:04:01 | INFO: status: 200 | Message: Available clients have been sent successfully. 
13-07-2025 22:04:01 | INFO: status: 304 | Message: Available clients have been sent successfully. 
13-07-2025 22:04:01 | INFO: status: 304 | Message: Program sent successfully.
13-07-2025 22:04:01 | INFO: status: 200 | Message: Program sent successfully.
13-07-2025 22:04:01 | INFO: status: 200 | Message: Clients has been sent successfully.
13-07-2025 22:04:01 | INFO: status: 200 | Message: Program sent successfully.
13-07-2025 22:09:46 | INFO: status: 304 | Message: User sent successfully.
13-07-2025 22:09:46 | INFO: status: 304 | Message: User sent successfully.
13-07-2025 22:09:46 | INFO: status: 304 | Message: Clients has been sent successfully.
13-07-2025 22:09:46 | INFO: status: 200 | Message: Clients has been sent successfully.
13-07-2025 22:09:46 | INFO: status: 200 | Message: Available clients have been sent successfully. 
13-07-2025 22:09:46 | INFO: status: 200 | Message: Program sent successfully.
13-07-2025 22:09:46 | INFO: status: 304 | Message: Program sent successfully.
13-07-2025 22:09:46 | INFO: status: 304 | Message: Available clients have been sent successfully. 
13-07-2025 22:09:46 | INFO: status: 200 | Message: Clients has been sent successfully.
13-07-2025 22:09:46 | INFO: status: 200 | Message: Program sent successfully.
13-07-2025 22:09:51 | INFO: status: 200 | Message: User sent successfully.
13-07-2025 22:09:51 | INFO: status: 304 | Message: User sent successfully.
13-07-2025 22:09:51 | INFO: status: 304 | Message: Available clients have been sent successfully. 
13-07-2025 22:09:51 | INFO: status: 200 | Message: Clients has been sent successfully.
13-07-2025 22:09:51 | INFO: status: 200 | Message: Available clients have been sent successfully. 
13-07-2025 22:09:51 | INFO: status: 304 | Message: Clients has been sent successfully.
13-07-2025 22:09:51 | INFO: status: 304 | Message: Program sent successfully.
13-07-2025 22:09:51 | INFO: status: 200 | Message: Program sent successfully.
13-07-2025 22:09:51 | INFO: status: 200 | Message: Clients has been sent successfully.
13-07-2025 22:09:51 | INFO: status: 200 | Message: Program sent successfully.
13-07-2025 22:18:57 | INFO: status: 200 | Message: User sent successfully.
13-07-2025 22:18:57 | INFO: status: 304 | Message: User sent successfully.
13-07-2025 22:18:58 | INFO: status: 200 | Message: Clients has been sent successfully.
13-07-2025 22:18:58 | INFO: status: 304 | Message: Available clients have been sent successfully. 
13-07-2025 22:18:58 | INFO: status: 200 | Message: Available clients have been sent successfully. 
13-07-2025 22:18:58 | INFO: status: 304 | Message: Clients has been sent successfully.
13-07-2025 22:18:58 | INFO: status: 304 | Message: Program sent successfully.
13-07-2025 22:18:58 | INFO: status: 200 | Message: Program sent successfully.
13-07-2025 22:18:58 | INFO: status: 200 | Message: Clients has been sent successfully.
13-07-2025 22:18:58 | INFO: status: 200 | Message: Program sent successfully.
13-07-2025 22:19:10 | ERROR: status: 500 | Message: Cast to ObjectId failed for value "undefined" (type string) at path "_id" for model "User"
13-07-2025 22:20:10 | INFO: status: 304 | Message: Clients has been sent successfully.
13-07-2025 22:27:22 | INFO: status: 200 | Message: Program sent successfully.
13-07-2025 22:27:45 | INFO: status: 200 | Message: Program sent successfully.
13-07-2025 22:28:05 | INFO: status: 200 | Message: Clients has been sent successfully.
13-07-2025 22:28:13 | INFO: status: 200 | Message: Program sent successfully.
13-07-2025 22:28:14 | INFO: status: 200 | Message: Clients has been sent successfully.
13-07-2025 22:29:52 | INFO: status: 200 | Message: Program sent successfully.
13-07-2025 22:31:07 | INFO: status: 200 | Message: Clients has been sent successfully.
13-07-2025 22:31:10 | INFO: status: 200 | Message: User assigned successfully.
13-07-2025 22:31:10 | INFO: status: 200 | Message: Program sent successfully.
13-07-2025 22:31:12 | INFO: status: 200 | Message: Clients has been sent successfully.
13-07-2025 22:31:15 | INFO: status: 200 | Message: User assigned successfully.
13-07-2025 22:31:15 | INFO: status: 200 | Message: Program sent successfully.
13-07-2025 22:33:01 | INFO: status: 200 | Message: Token provided.
13-07-2025 22:33:01 | INFO: status: 304 | Message: User sent successfully.
13-07-2025 22:33:02 | INFO: status: 200 | Message: Clients has been sent successfully.
13-07-2025 22:33:02 | INFO: status: 304 | Message: Available clients have been sent successfully. 
13-07-2025 22:33:02 | INFO: status: 200 | Message: Clients has been sent successfully.
13-07-2025 22:33:02 | INFO: status: 200 | Message: Available clients have been sent successfully. 
13-07-2025 22:33:02 | INFO: status: 304 | Message: Program sent successfully.
13-07-2025 22:33:02 | INFO: status: 200 | Message: Program sent successfully.
13-07-2025 22:33:37 | INFO: status: 200 | Message: Program created successfully.
13-07-2025 22:33:37 | INFO: status: 304 | Message: Available clients have been sent successfully. 
13-07-2025 22:33:37 | INFO: status: 304 | Message: Clients has been sent successfully.
13-07-2025 22:33:37 | INFO: status: 200 | Message: Clients has been sent successfully.
13-07-2025 22:33:37 | INFO: status: 200 | Message: Available clients have been sent successfully. 
13-07-2025 22:33:37 | INFO: status: 200 | Message: Program sent successfully.
13-07-2025 22:33:37 | INFO: status: 200 | Message: Program sent successfully.
13-07-2025 22:33:58 | INFO: status: 200 | Message: User 6872b7d6fd93dd838ac5f5d4 assigned to trainer 68703beef075a9f0f876bd19
13-07-2025 22:33:58 | INFO: status: 200 | Message: Clients has been sent successfully.
13-07-2025 22:34:02 | INFO: status: 304 | Message: Clients has been sent successfully.
13-07-2025 22:34:02 | INFO: status: 304 | Message: Clients has been sent successfully.
13-07-2025 22:34:08 | INFO: status: 200 | Message: User 685019980c0b59a1bd118659 unassigned from trainer 68703beef075a9f0f876bd19
13-07-2025 22:34:10 | INFO: status: 200 | Message: Available clients have been sent successfully. 
13-07-2025 22:34:10 | INFO: status: 200 | Message: Available clients have been sent successfully. 
13-07-2025 22:34:10 | INFO: status: 200 | Message: Clients has been sent successfully.
13-07-2025 22:34:10 | INFO: status: 200 | Message: Clients has been sent successfully.
13-07-2025 22:34:10 | INFO: status: 304 | Message: Program sent successfully.
13-07-2025 22:34:10 | INFO: status: 200 | Message: Program sent successfully.
13-07-2025 22:34:28 | INFO: status: 200 | Message: Program sent successfully.
13-07-2025 22:34:28 | INFO: status: 200 | Message: Program sent successfully.
13-07-2025 22:34:37 | INFO: status: 304 | Message: Clients has been sent successfully.
13-07-2025 22:34:37 | INFO: status: 304 | Message: Available clients have been sent successfully. 
13-07-2025 22:34:37 | INFO: status: 200 | Message: Available clients have been sent successfully. 
13-07-2025 22:34:37 | INFO: status: 200 | Message: Clients has been sent successfully.
13-07-2025 22:34:37 | INFO: status: 304 | Message: Program sent successfully.
13-07-2025 22:34:37 | INFO: status: 200 | Message: Program sent successfully.
13-07-2025 22:34:47 | INFO: status: 304 | Message: Exercise have been sent successfully.
13-07-2025 22:34:47 | INFO: status: 304 | Message: Exercise have been sent successfully.
13-07-2025 22:34:54 | INFO: status: 304 | Message: Clients has been sent successfully.
13-07-2025 22:34:54 | INFO: status: 200 | Message: Clients has been sent successfully.
13-07-2025 22:34:54 | INFO: status: 304 | Message: Available clients have been sent successfully. 
13-07-2025 22:34:54 | INFO: status: 200 | Message: Available clients have been sent successfully. 
13-07-2025 22:34:54 | INFO: status: 304 | Message: Program sent successfully.
13-07-2025 22:34:54 | INFO: status: 200 | Message: Program sent successfully.
13-07-2025 22:34:59 | INFO: status: 304 | Message: Exercise have been sent successfully.
13-07-2025 22:34:59 | INFO: status: 304 | Message: Exercise have been sent successfully.
13-07-2025 22:35:14 | INFO: status: 304 | Message: User sent successfully.
13-07-2025 22:35:14 | INFO: status: 304 | Message: User sent successfully.
13-07-2025 22:35:14 | INFO: status: 200 | Message: Available clients have been sent successfully. 
13-07-2025 22:35:14 | INFO: status: 304 | Message: Available clients have been sent successfully. 
13-07-2025 22:35:14 | INFO: status: 304 | Message: Clients has been sent successfully.
13-07-2025 22:35:14 | INFO: status: 200 | Message: Clients has been sent successfully.
13-07-2025 22:35:14 | INFO: status: 304 | Message: Program sent successfully.
13-07-2025 22:35:14 | INFO: status: 304 | Message: Program sent successfully.
13-07-2025 22:35:15 | INFO: status: 200 | Message: Clients has been sent successfully.
13-07-2025 22:35:15 | INFO: status: 200 | Message: Program sent successfully.
13-07-2025 22:35:20 | INFO: status: 304 | Message: Clients has been sent successfully.
13-07-2025 22:35:40 | INFO: status: 304 | Message: Clients has been sent successfully.
13-07-2025 22:35:47 | INFO: status: 200 | Message: User assigned successfully.
13-07-2025 22:35:47 | INFO: status: 200 | Message: Program sent successfully.
13-07-2025 22:36:00 | INFO: status: 304 | Message: Program sent successfully.
13-07-2025 22:36:00 | INFO: status: 304 | Message: Program sent successfully.
13-07-2025 22:36:04 | INFO: status: 200 | Message: Program sent successfully.
13-07-2025 22:36:06 | INFO: status: 200 | Message: Clients has been sent successfully.
13-07-2025 22:36:06 | INFO: status: 304 | Message: Available clients have been sent successfully. 
13-07-2025 22:36:09 | INFO: status: 200 | Message: User assigned successfully.
13-07-2025 22:36:09 | INFO: status: 200 | Message: Program sent successfully.
13-07-2025 22:36:12 | INFO: status: 200 | Message: Clients has been sent successfully.
13-07-2025 22:36:12 | INFO: status: 304 | Message: Available clients have been sent successfully. 
13-07-2025 22:36:12 | INFO: status: 200 | Message: Clients has been sent successfully.
13-07-2025 22:36:12 | INFO: status: 200 | Message: Available clients have been sent successfully. 
13-07-2025 22:36:12 | INFO: status: 200 | Message: Program sent successfully.
13-07-2025 22:36:12 | INFO: status: 200 | Message: Program sent successfully.
13-07-2025 22:38:25 | INFO: status: 304 | Message: Exercise have been sent successfully.
13-07-2025 22:38:25 | INFO: status: 304 | Message: Exercise have been sent successfully.
13-07-2025 22:38:32 | INFO: status: 200 | Message: User sent successfully.
13-07-2025 22:38:32 | INFO: status: 304 | Message: User sent successfully.
13-07-2025 22:38:32 | INFO: status: 304 | Message: Available clients have been sent successfully. 
13-07-2025 22:38:32 | INFO: status: 304 | Message: Clients has been sent successfully.
13-07-2025 22:38:32 | INFO: status: 304 | Message: Program sent successfully.
13-07-2025 22:38:32 | INFO: status: 304 | Message: Clients has been sent successfully.
13-07-2025 22:38:32 | INFO: status: 304 | Message: Available clients have been sent successfully. 
13-07-2025 22:38:33 | INFO: status: 304 | Message: Program sent successfully.
13-07-2025 22:38:36 | INFO: status: 304 | Message: Exercise have been sent successfully.
13-07-2025 22:38:36 | INFO: status: 304 | Message: Exercise have been sent successfully.
13-07-2025 22:40:05 | INFO: status: 200 | Message: Token provided.
13-07-2025 22:40:05 | INFO: status: 304 | Message: User sent successfully.
13-07-2025 22:40:06 | INFO: status: 200 | Message: Clients has been sent successfully.
13-07-2025 22:40:06 | INFO: status: 200 | Message: Available clients have been sent successfully. 
13-07-2025 22:40:06 | INFO: status: 200 | Message: Program sent successfully.
13-07-2025 22:40:06 | INFO: status: 304 | Message: Program sent successfully.
13-07-2025 22:40:06 | INFO: status: 304 | Message: Available clients have been sent successfully. 
13-07-2025 22:40:06 | INFO: status: 304 | Message: Clients has been sent successfully.
13-07-2025 22:40:35 | INFO: status: 304 | Message: User sent successfully.
13-07-2025 22:40:35 | INFO: status: 200 | Message: User sent successfully.
13-07-2025 22:40:35 | INFO: status: 200 | Message: Clients has been sent successfully.
13-07-2025 22:40:35 | INFO: status: 304 | Message: Clients has been sent successfully.
13-07-2025 22:40:35 | INFO: status: 200 | Message: Available clients have been sent successfully. 
13-07-2025 22:40:35 | INFO: status: 304 | Message: Available clients have been sent successfully. 
13-07-2025 22:40:35 | INFO: status: 200 | Message: Program sent successfully.
13-07-2025 22:40:35 | INFO: status: 304 | Message: Program sent successfully.
13-07-2025 22:40:35 | INFO: status: 200 | Message: Clients has been sent successfully.
13-07-2025 22:40:35 | INFO: status: 200 | Message: Program sent successfully.
13-07-2025 22:40:45 | INFO: status: 304 | Message: Exercise have been sent successfully.
13-07-2025 22:40:45 | INFO: status: 200 | Message: Exercise have been sent successfully.
