25-07-2025 18:16:20 | INFO: status: 304 | Message: User sent successfully.
25-07-2025 18:16:20 | INFO: status: 200 | Message: User sent successfully.
25-07-2025 18:16:20 | INFO: status: 304 | Message: Clients has been sent successfully.
25-07-2025 18:16:20 | INFO: status: 304 | Message: Available clients have been sent successfully. 
25-07-2025 18:16:20 | INFO: status: 304 | Message: Program sent successfully.
25-07-2025 18:16:20 | INFO: status: 200 | Message: Program sent successfully.
25-07-2025 18:16:20 | INFO: status: 304 | Message: Clients has been sent successfully.
25-07-2025 18:16:20 | INFO: status: 304 | Message: Available clients have been sent successfully. 
25-07-2025 18:16:20 | INFO: status: 200 | Message: Clients has been sent successfully.
25-07-2025 18:16:20 | INFO: status: 200 | Message: Program sent successfully.
25-07-2025 18:16:28 | INFO: status: 304 | Message: Exercise have been sent successfully.
25-07-2025 18:16:28 | INFO: status: 304 | Message: Exercise have been sent successfully.
25-07-2025 18:16:29 | INFO: status: 304 | Message: Clients has been sent successfully.
25-07-2025 18:16:30 | INFO: status: 304 | Message: Clients has been sent successfully.
25-07-2025 18:18:18 | INFO: status: 304 | Message: Exercise have been sent successfully.
25-07-2025 18:18:18 | INFO: status: 304 | Message: Exercise have been sent successfully.
25-07-2025 18:18:19 | INFO: status: 304 | Message: Clients has been sent successfully.
25-07-2025 18:18:19 | INFO: status: 200 | Message: Clients has been sent successfully.
25-07-2025 18:18:19 | INFO: status: 304 | Message: Available clients have been sent successfully. 
25-07-2025 18:18:19 | INFO: status: 200 | Message: Available clients have been sent successfully. 
25-07-2025 18:18:19 | INFO: status: 304 | Message: Program sent successfully.
25-07-2025 18:18:19 | INFO: status: 200 | Message: Program sent successfully.
25-07-2025 18:24:10 | ERROR: status: 400 | Message: failed to login, password not matching.
25-07-2025 18:25:36 | INFO: status: 200 | Message: Token provided.
25-07-2025 18:25:37 | INFO: status: 200 | Message: User sent successfully.
25-07-2025 18:26:00 | ERROR: status: 403 | Message: Access denied.
25-07-2025 18:26:00 | ERROR: status: 403 | Message: Access denied.
25-07-2025 18:26:00 | ERROR: status: 403 | Message: Access denied.
25-07-2025 18:26:00 | ERROR: status: 403 | Message: Access denied.
25-07-2025 18:26:00 | ERROR: status: 403 | Message: Access denied.
25-07-2025 18:26:00 | ERROR: status: 403 | Message: Access denied.
25-07-2025 18:29:11 | ERROR: status: 403 | Message: Access denied.
25-07-2025 18:29:11 | ERROR: status: 403 | Message: Access denied.
25-07-2025 18:29:11 | ERROR: status: 403 | Message: Access denied.
25-07-2025 18:29:11 | ERROR: status: 403 | Message: Access denied.
25-07-2025 18:29:11 | ERROR: status: 403 | Message: Access denied.
25-07-2025 18:29:11 | ERROR: status: 403 | Message: Access denied.
25-07-2025 18:48:11 | INFO: status: 200 | Message: Exercise have been sent successfully.
25-07-2025 18:50:23 | INFO: status: 304 | Message: Exercise have been sent successfully.
25-07-2025 18:50:23 | INFO: status: 304 | Message: User sent successfully.
25-07-2025 18:50:23 | INFO: status: 200 | Message: User sent successfully.
25-07-2025 18:50:23 | INFO: status: 200 | Message: Exercise have been sent successfully.
25-07-2025 18:51:57 | INFO: status: 304 | Message: User sent successfully.
25-07-2025 18:51:57 | INFO: status: 200 | Message: User sent successfully.
25-07-2025 18:52:18 | INFO: status: 200 | Message: Token provided.
25-07-2025 18:52:18 | INFO: status: 200 | Message: User sent successfully.
25-07-2025 18:52:18 | INFO: status: 200 | Message: Clients has been sent successfully.
25-07-2025 18:52:18 | INFO: status: 200 | Message: Available clients have been sent successfully. 
25-07-2025 18:52:18 | INFO: status: 304 | Message: Available clients have been sent successfully. 
25-07-2025 18:52:18 | INFO: status: 304 | Message: Clients has been sent successfully.
25-07-2025 18:52:18 | INFO: status: 304 | Message: Program sent successfully.
25-07-2025 18:52:18 | INFO: status: 200 | Message: Program sent successfully.
25-07-2025 18:52:22 | INFO: status: 304 | Message: User sent successfully.
25-07-2025 18:52:22 | INFO: status: 200 | Message: User sent successfully.
25-07-2025 18:52:22 | INFO: status: 304 | Message: Clients has been sent successfully.
25-07-2025 18:52:22 | INFO: status: 200 | Message: Available clients have been sent successfully. 
25-07-2025 18:52:22 | INFO: status: 304 | Message: Available clients have been sent successfully. 
25-07-2025 18:52:22 | INFO: status: 200 | Message: Clients has been sent successfully.
25-07-2025 18:52:22 | INFO: status: 304 | Message: Program sent successfully.
25-07-2025 18:52:22 | INFO: status: 200 | Message: Program sent successfully.
25-07-2025 18:55:09 | INFO: status: 200 | Message: Token provided.
25-07-2025 18:55:09 | INFO: status: 200 | Message: User sent successfully.
25-07-2025 18:57:39 | INFO: status: 304 | Message: User sent successfully.
25-07-2025 18:57:39 | INFO: status: 200 | Message: User sent successfully.
25-07-2025 18:58:17 | INFO: status: 304 | Message: User sent successfully.
25-07-2025 18:58:17 | INFO: status: 200 | Message: User sent successfully.
25-07-2025 19:01:25 | INFO: status: 200 | Message: User sent successfully.
25-07-2025 19:01:25 | INFO: status: 304 | Message: User sent successfully.
25-07-2025 19:01:49 | INFO: status: 304 | Message: User sent successfully.
25-07-2025 19:01:49 | INFO: status: 200 | Message: User sent successfully.
25-07-2025 19:03:53 | INFO: status: 304 | Message: User sent successfully.
25-07-2025 19:03:53 | INFO: status: 200 | Message: User sent successfully.
25-07-2025 19:03:54 | INFO: status: 304 | Message: User sent successfully.
25-07-2025 19:03:54 | INFO: status: 200 | Message: User sent successfully.
25-07-2025 19:04:20 | INFO: status: 304 | Message: User sent successfully.
25-07-2025 19:04:20 | INFO: status: 200 | Message: User sent successfully.
25-07-2025 19:04:52 | INFO: status: 304 | Message: User sent successfully.
25-07-2025 19:04:52 | INFO: status: 200 | Message: User sent successfully.
25-07-2025 19:05:29 | INFO: status: 304 | Message: User sent successfully.
25-07-2025 19:05:29 | INFO: status: 200 | Message: User sent successfully.
25-07-2025 19:05:48 | INFO: status: 304 | Message: User sent successfully.
25-07-2025 19:05:48 | INFO: status: 200 | Message: User sent successfully.
25-07-2025 19:05:48 | INFO: status: 304 | Message: User sent successfully.
25-07-2025 19:05:48 | INFO: status: 200 | Message: User sent successfully.
25-07-2025 19:06:43 | INFO: status: 304 | Message: User sent successfully.
25-07-2025 19:06:43 | INFO: status: 200 | Message: User sent successfully.
25-07-2025 19:06:59 | INFO: status: 304 | Message: User sent successfully.
25-07-2025 19:06:59 | INFO: status: 200 | Message: User sent successfully.
25-07-2025 19:07:38 | INFO: status: 304 | Message: User sent successfully.
25-07-2025 19:07:38 | INFO: status: 200 | Message: User sent successfully.
25-07-2025 19:07:54 | INFO: status: 304 | Message: User sent successfully.
25-07-2025 19:07:54 | INFO: status: 200 | Message: User sent successfully.
25-07-2025 20:01:54 | INFO: status: 200 | Message: User sent successfully.
25-07-2025 20:01:54 | INFO: status: 304 | Message: User sent successfully.
25-07-2025 20:03:24 | INFO: status: 304 | Message: User sent successfully.
25-07-2025 20:03:24 | INFO: status: 200 | Message: User sent successfully.
25-07-2025 20:05:05 | INFO: status: 304 | Message: User sent successfully.
25-07-2025 20:05:05 | INFO: status: 200 | Message: User sent successfully.
25-07-2025 20:05:25 | INFO: status: 304 | Message: User sent successfully.
25-07-2025 20:05:25 | INFO: status: 200 | Message: User sent successfully.
25-07-2025 20:07:01 | INFO: status: 304 | Message: User sent successfully.
25-07-2025 20:07:01 | INFO: status: 200 | Message: User sent successfully.
25-07-2025 20:11:48 | INFO: status: 200 | Message: User sent successfully.
25-07-2025 20:11:48 | INFO: status: 304 | Message: User sent successfully.
25-07-2025 20:14:04 | INFO: status: 304 | Message: User sent successfully.
25-07-2025 20:14:04 | INFO: status: 200 | Message: User sent successfully.
25-07-2025 20:14:44 | INFO: status: 304 | Message: User sent successfully.
25-07-2025 20:14:44 | INFO: status: 200 | Message: User sent successfully.
25-07-2025 20:24:01 | INFO: status: 200 | Message: User sent successfully.
25-07-2025 20:24:01 | INFO: status: 304 | Message: User sent successfully.
25-07-2025 20:26:22 | INFO: status: 200 | Message: User sent successfully.
25-07-2025 20:26:22 | INFO: status: 304 | Message: User sent successfully.
25-07-2025 20:26:34 | INFO: status: 304 | Message: User sent successfully.
25-07-2025 20:26:34 | INFO: status: 200 | Message: User sent successfully.
25-07-2025 20:26:54 | INFO: status: 200 | Message: User sent successfully.
25-07-2025 20:26:55 | INFO: status: 304 | Message: User sent successfully.
25-07-2025 20:27:52 | INFO: status: 304 | Message: User sent successfully.
25-07-2025 20:27:52 | INFO: status: 200 | Message: User sent successfully.
25-07-2025 20:28:16 | INFO: status: 304 | Message: User sent successfully.
25-07-2025 20:28:16 | INFO: status: 200 | Message: User sent successfully.
25-07-2025 20:28:19 | INFO: status: 304 | Message: User sent successfully.
25-07-2025 20:28:19 | INFO: status: 200 | Message: User sent successfully.
25-07-2025 20:29:19 | INFO: status: 304 | Message: User sent successfully.
25-07-2025 20:29:19 | INFO: status: 200 | Message: User sent successfully.
25-07-2025 20:29:19 | INFO: status: 200 | Message: Delete requests have bees sent successfully.
25-07-2025 20:29:19 | INFO: status: 200 | Message: Delete requests have bees sent successfully.
25-07-2025 20:29:20 | INFO: status: 200 | Message: Delete requests have bees sent successfully.
25-07-2025 20:30:33 | INFO: status: 304 | Message: User sent successfully.
25-07-2025 20:30:33 | INFO: status: 200 | Message: User sent successfully.
25-07-2025 20:30:33 | INFO: status: 304 | Message: Delete requests have bees sent successfully.
25-07-2025 20:30:33 | INFO: status: 200 | Message: Delete requests have bees sent successfully.
25-07-2025 20:32:09 | INFO: status: 200 | Message: User sent successfully.
25-07-2025 20:32:09 | INFO: status: 304 | Message: User sent successfully.
25-07-2025 20:32:09 | INFO: status: 304 | Message: Delete requests have bees sent successfully.
25-07-2025 20:32:09 | INFO: status: 200 | Message: Delete requests have bees sent successfully.
25-07-2025 20:37:16 | INFO: status: 304 | Message: User sent successfully.
25-07-2025 20:37:16 | INFO: status: 200 | Message: User sent successfully.
25-07-2025 20:37:16 | INFO: status: 304 | Message: Delete requests have bees sent successfully.
25-07-2025 20:37:16 | INFO: status: 200 | Message: Delete requests have bees sent successfully.
25-07-2025 20:37:29 | INFO: status: 304 | Message: User sent successfully.
25-07-2025 20:37:29 | INFO: status: 200 | Message: User sent successfully.
25-07-2025 20:37:30 | INFO: status: 200 | Message: Delete requests have bees sent successfully.
25-07-2025 20:37:30 | INFO: status: 304 | Message: Delete requests have bees sent successfully.
25-07-2025 20:37:44 | INFO: status: 304 | Message: User sent successfully.
25-07-2025 20:37:44 | INFO: status: 200 | Message: User sent successfully.
25-07-2025 20:37:44 | INFO: status: 304 | Message: Delete requests have bees sent successfully.
25-07-2025 20:37:44 | INFO: status: 200 | Message: Delete requests have bees sent successfully.
25-07-2025 20:37:59 | INFO: status: 304 | Message: Delete requests have bees sent successfully.
25-07-2025 20:38:18 | INFO: status: 304 | Message: User sent successfully.
25-07-2025 20:38:18 | INFO: status: 200 | Message: User sent successfully.
25-07-2025 20:38:18 | INFO: status: 200 | Message: Delete requests have bees sent successfully.
25-07-2025 20:38:18 | INFO: status: 304 | Message: Delete requests have bees sent successfully.
25-07-2025 20:39:10 | INFO: status: 304 | Message: Delete requests have bees sent successfully.
25-07-2025 20:44:50 | INFO: status: 304 | Message: Delete requests have bees sent successfully.
25-07-2025 20:49:06 | INFO: status: 200 | Message: User sent successfully.
25-07-2025 20:49:06 | INFO: status: 304 | Message: User sent successfully.
25-07-2025 20:49:07 | INFO: status: 200 | Message: Delete requests have bees sent successfully.
25-07-2025 20:49:07 | INFO: status: 304 | Message: Delete requests have bees sent successfully.
25-07-2025 20:57:19 | INFO: status: 200 | Message: User sent successfully.
25-07-2025 20:57:19 | INFO: status: 304 | Message: User sent successfully.
25-07-2025 20:57:19 | INFO: status: 304 | Message: Delete requests have bees sent successfully.
25-07-2025 20:57:19 | INFO: status: 304 | Message: Delete requests have bees sent successfully.
25-07-2025 20:57:19 | INFO: status: 200 | Message: Delete requests have bees sent successfully.
25-07-2025 20:57:31 | ERROR: status: 200 | Message: Delete request answared by reject.
25-07-2025 20:57:32 | INFO: status: 200 | Message: Delete requests have bees sent successfully.
25-07-2025 20:58:47 | INFO: status: 200 | Message: Token provided.
25-07-2025 20:58:47 | INFO: status: 200 | Message: User sent successfully.
25-07-2025 20:58:47 | INFO: status: 200 | Message: Clients has been sent successfully.
25-07-2025 20:58:47 | INFO: status: 200 | Message: Clients has been sent successfully.
25-07-2025 20:58:47 | INFO: status: 200 | Message: Program sent successfully.
25-07-2025 20:58:47 | INFO: status: 200 | Message: Program sent successfully.
25-07-2025 20:58:48 | INFO: status: 200 | Message: Available clients have been sent successfully. 
25-07-2025 20:58:48 | INFO: status: 200 | Message: Available clients have been sent successfully. 
25-07-2025 20:58:59 | INFO: status: 200 | Message: The request to delete the account have been sent successfully. 
25-07-2025 20:59:11 | INFO: status: 304 | Message: User sent successfully.
25-07-2025 20:59:11 | INFO: status: 200 | Message: User sent successfully.
25-07-2025 20:59:11 | INFO: status: 200 | Message: Delete requests have bees sent successfully.
25-07-2025 20:59:11 | INFO: status: 200 | Message: Delete requests have bees sent successfully.
25-07-2025 20:59:53 | ERROR: status: 400 | Message: Delete request already answared.
25-07-2025 21:00:06 | ERROR: status: 400 | Message: Delete request already answared.
25-07-2025 21:05:04 | ERROR: status: 200 | Message: Delete request answared by reject.
25-07-2025 21:05:04 | INFO: status: 200 | Message: Delete requests have bees sent successfully.
25-07-2025 21:07:25 | INFO: status: 304 | Message: Delete requests have bees sent successfully.
25-07-2025 21:08:16 | INFO: status: 200 | Message: The request to delete the account have been sent successfully. 
25-07-2025 21:08:23 | INFO: status: 200 | Message: User sent successfully.
25-07-2025 21:08:23 | INFO: status: 304 | Message: User sent successfully.
25-07-2025 21:08:23 | INFO: status: 200 | Message: Delete requests have bees sent successfully.
25-07-2025 21:08:24 | INFO: status: 200 | Message: Delete requests have bees sent successfully.
25-07-2025 21:46:18 | INFO: status: 200 | Message: Delete requests have bees sent successfully.
25-07-2025 21:46:18 | INFO: status: 304 | Message: Delete requests have bees sent successfully.
25-07-2025 21:47:18 | INFO: status: 200 | Message: Delete requests have bees sent successfully.
25-07-2025 21:47:18 | INFO: status: 304 | Message: Delete requests have bees sent successfully.
25-07-2025 21:50:05 | INFO: status: 200 | Message: Delete requests have bees sent successfully.
25-07-2025 21:50:05 | INFO: status: 304 | Message: Delete requests have bees sent successfully.
25-07-2025 21:52:44 | INFO: status: 200 | Message: Delete requests have bees sent successfully.
25-07-2025 21:52:44 | INFO: status: 304 | Message: Delete requests have bees sent successfully.
25-07-2025 21:52:48 | INFO: status: 200 | Message: Delete requests have bees sent successfully.
25-07-2025 21:52:48 | INFO: status: 304 | Message: Delete requests have bees sent successfully.
25-07-2025 21:53:04 | INFO: status: 304 | Message: Delete requests have bees sent successfully.
25-07-2025 21:53:04 | INFO: status: 200 | Message: Delete requests have bees sent successfully.
25-07-2025 21:53:57 | INFO: status: 200 | Message: Delete requests have bees sent successfully.
25-07-2025 21:53:57 | INFO: status: 304 | Message: Delete requests have bees sent successfully.
25-07-2025 21:55:13 | INFO: status: 304 | Message: User sent successfully.
25-07-2025 21:55:13 | INFO: status: 304 | Message: Delete requests have bees sent successfully.
25-07-2025 21:55:13 | INFO: status: 200 | Message: User sent successfully.
25-07-2025 21:55:13 | INFO: status: 304 | Message: Delete requests have bees sent successfully.
25-07-2025 21:55:14 | INFO: status: 200 | Message: User sent successfully.
25-07-2025 21:55:14 | INFO: status: 200 | Message: User sent successfully.
25-07-2025 21:55:14 | INFO: status: 200 | Message: Delete requests have bees sent successfully.
25-07-2025 21:55:14 | INFO: status: 200 | Message: Clients has been sent successfully.
25-07-2025 21:55:14 | INFO: status: 200 | Message: Clients has been sent successfully.
25-07-2025 21:55:14 | INFO: status: 200 | Message: Program sent successfully.
25-07-2025 21:55:14 | INFO: status: 200 | Message: Program sent successfully.
25-07-2025 21:55:14 | INFO: status: 200 | Message: Available clients have been sent successfully. 
25-07-2025 21:55:15 | INFO: status: 200 | Message: Available clients have been sent successfully. 
25-07-2025 21:55:29 | INFO: status: 200 | Message: User sent successfully.
25-07-2025 21:55:29 | INFO: status: 304 | Message: User sent successfully.
25-07-2025 21:55:30 | INFO: status: 200 | Message: Delete requests have bees sent successfully.
25-07-2025 21:55:30 | INFO: status: 304 | Message: Delete requests have bees sent successfully.
25-07-2025 21:55:30 | INFO: status: 200 | Message: User sent successfully.
25-07-2025 21:55:30 | INFO: status: 304 | Message: User sent successfully.
25-07-2025 21:55:30 | INFO: status: 200 | Message: Clients has been sent successfully.
25-07-2025 21:55:30 | INFO: status: 200 | Message: Available clients have been sent successfully. 
25-07-2025 21:55:30 | INFO: status: 304 | Message: Clients has been sent successfully.
25-07-2025 21:55:30 | INFO: status: 304 | Message: Available clients have been sent successfully. 
25-07-2025 21:55:30 | INFO: status: 304 | Message: Program sent successfully.
25-07-2025 21:55:30 | INFO: status: 200 | Message: Program sent successfully.
25-07-2025 21:55:37 | INFO: status: 304 | Message: User sent successfully.
25-07-2025 21:55:37 | INFO: status: 200 | Message: User sent successfully.
25-07-2025 21:55:37 | INFO: status: 200 | Message: Available clients have been sent successfully. 
25-07-2025 21:55:37 | INFO: status: 304 | Message: Available clients have been sent successfully. 
25-07-2025 21:55:37 | INFO: status: 200 | Message: Clients has been sent successfully.
25-07-2025 21:55:37 | INFO: status: 304 | Message: Clients has been sent successfully.
25-07-2025 21:55:38 | INFO: status: 304 | Message: Program sent successfully.
25-07-2025 21:55:38 | INFO: status: 200 | Message: Program sent successfully.
25-07-2025 21:55:38 | INFO: status: 304 | Message: User sent successfully.
25-07-2025 21:55:38 | INFO: status: 200 | Message: User sent successfully.
25-07-2025 21:55:38 | INFO: status: 200 | Message: Delete requests have bees sent successfully.
25-07-2025 21:55:38 | INFO: status: 304 | Message: Delete requests have bees sent successfully.
25-07-2025 21:55:38 | INFO: status: 200 | Message: Delete requests have bees sent successfully.
25-07-2025 21:56:24 | INFO: status: 304 | Message: User sent successfully.
25-07-2025 21:56:24 | INFO: status: 200 | Message: User sent successfully.
25-07-2025 21:56:24 | INFO: status: 200 | Message: Delete requests have bees sent successfully.
25-07-2025 21:56:24 | INFO: status: 304 | Message: Delete requests have bees sent successfully.
25-07-2025 21:57:09 | INFO: status: 304 | Message: Delete requests have bees sent successfully.
25-07-2025 21:57:09 | INFO: status: 200 | Message: Delete requests have bees sent successfully.
25-07-2025 21:57:35 | INFO: status: 200 | Message: Delete requests have bees sent successfully.
25-07-2025 21:57:35 | INFO: status: 304 | Message: Delete requests have bees sent successfully.
25-07-2025 21:57:52 | INFO: status: 304 | Message: Delete requests have bees sent successfully.
25-07-2025 21:57:52 | INFO: status: 200 | Message: Delete requests have bees sent successfully.
25-07-2025 21:57:56 | INFO: status: 200 | Message: Delete requests have bees sent successfully.
25-07-2025 21:57:56 | INFO: status: 304 | Message: Delete requests have bees sent successfully.
25-07-2025 21:57:59 | INFO: status: 304 | Message: Delete requests have bees sent successfully.
25-07-2025 21:57:59 | INFO: status: 200 | Message: Delete requests have bees sent successfully.
25-07-2025 21:58:16 | INFO: status: 200 | Message: Delete requests have bees sent successfully.
25-07-2025 21:58:16 | INFO: status: 304 | Message: Delete requests have bees sent successfully.
25-07-2025 21:59:26 | INFO: status: 304 | Message: Delete requests have bees sent successfully.
25-07-2025 21:59:26 | INFO: status: 200 | Message: Delete requests have bees sent successfully.
25-07-2025 22:00:37 | INFO: status: 200 | Message: User sent successfully.
25-07-2025 22:00:37 | INFO: status: 304 | Message: User sent successfully.
25-07-2025 22:00:37 | INFO: status: 304 | Message: Delete requests have bees sent successfully.
25-07-2025 22:00:37 | INFO: status: 200 | Message: Delete requests have bees sent successfully.
25-07-2025 22:00:37 | INFO: status: 200 | Message: Delete requests have bees sent successfully.
25-07-2025 22:00:37 | INFO: status: 200 | Message: User sent successfully.
25-07-2025 22:00:37 | INFO: status: 200 | Message: User sent successfully.
25-07-2025 22:00:37 | INFO: status: 200 | Message: Clients has been sent successfully.
25-07-2025 22:00:37 | INFO: status: 200 | Message: Clients has been sent successfully.
25-07-2025 22:00:37 | INFO: status: 200 | Message: Available clients have been sent successfully. 
25-07-2025 22:00:38 | INFO: status: 200 | Message: Program sent successfully.
25-07-2025 22:00:38 | INFO: status: 200 | Message: Available clients have been sent successfully. 
25-07-2025 22:00:38 | INFO: status: 200 | Message: Program sent successfully.
25-07-2025 22:00:53 | INFO: status: 304 | Message: Delete requests have bees sent successfully.
25-07-2025 22:00:53 | INFO: status: 200 | Message: Delete requests have bees sent successfully.
25-07-2025 22:01:22 | INFO: status: 304 | Message: User sent successfully.
25-07-2025 22:01:22 | INFO: status: 200 | Message: User sent successfully.
25-07-2025 22:01:22 | INFO: status: 200 | Message: Delete requests have bees sent successfully.
25-07-2025 22:01:22 | INFO: status: 304 | Message: Delete requests have bees sent successfully.
25-07-2025 22:01:22 | INFO: status: 200 | Message: User sent successfully.
25-07-2025 22:01:22 | INFO: status: 304 | Message: Available clients have been sent successfully. 
25-07-2025 22:01:22 | INFO: status: 304 | Message: Program sent successfully.
25-07-2025 22:01:22 | INFO: status: 304 | Message: User sent successfully.
25-07-2025 22:01:22 | INFO: status: 200 | Message: Program sent successfully.
25-07-2025 22:01:22 | INFO: status: 200 | Message: Clients has been sent successfully.
25-07-2025 22:01:22 | INFO: status: 200 | Message: Available clients have been sent successfully. 
25-07-2025 22:01:23 | INFO: status: 304 | Message: Clients has been sent successfully.
25-07-2025 22:01:23 | INFO: status: 200 | Message: Clients has been sent successfully.
25-07-2025 22:01:23 | INFO: status: 304 | Message: Program sent successfully.
25-07-2025 22:04:48 | INFO: status: 200 | Message: User sent successfully.
25-07-2025 22:04:49 | INFO: status: 304 | Message: User sent successfully.
25-07-2025 22:04:49 | INFO: status: 200 | Message: User sent successfully.
25-07-2025 22:04:49 | INFO: status: 200 | Message: User sent successfully.
25-07-2025 22:04:49 | INFO: status: 200 | Message: Clients has been sent successfully.
25-07-2025 22:04:49 | INFO: status: 200 | Message: Clients has been sent successfully.
25-07-2025 22:04:49 | INFO: status: 200 | Message: Program sent successfully.
25-07-2025 22:04:49 | INFO: status: 200 | Message: Program sent successfully.
25-07-2025 22:04:49 | INFO: status: 200 | Message: Available clients have been sent successfully. 
25-07-2025 22:04:49 | INFO: status: 200 | Message: Available clients have been sent successfully. 
25-07-2025 22:04:50 | INFO: status: 200 | Message: User sent successfully.
25-07-2025 22:04:50 | INFO: status: 304 | Message: User sent successfully.
25-07-2025 22:04:50 | INFO: status: 304 | Message: User sent successfully.
25-07-2025 22:04:50 | INFO: status: 200 | Message: User sent successfully.
25-07-2025 22:04:50 | INFO: status: 304 | Message: Clients has been sent successfully.
25-07-2025 22:04:50 | INFO: status: 304 | Message: Available clients have been sent successfully. 
25-07-2025 22:04:50 | INFO: status: 200 | Message: Clients has been sent successfully.
25-07-2025 22:04:50 | INFO: status: 200 | Message: Available clients have been sent successfully. 
25-07-2025 22:04:50 | INFO: status: 200 | Message: Program sent successfully.
25-07-2025 22:04:50 | INFO: status: 304 | Message: Program sent successfully.
25-07-2025 22:04:54 | INFO: status: 200 | Message: User sent successfully.
25-07-2025 22:04:54 | INFO: status: 304 | Message: User sent successfully.
25-07-2025 22:04:55 | INFO: status: 200 | Message: User sent successfully.
25-07-2025 22:04:55 | INFO: status: 304 | Message: User sent successfully.
25-07-2025 22:04:55 | INFO: status: 304 | Message: Clients has been sent successfully.
25-07-2025 22:04:55 | INFO: status: 200 | Message: Available clients have been sent successfully. 
25-07-2025 22:04:55 | INFO: status: 304 | Message: Available clients have been sent successfully. 
25-07-2025 22:04:55 | INFO: status: 200 | Message: Clients has been sent successfully.
25-07-2025 22:04:55 | INFO: status: 200 | Message: Program sent successfully.
25-07-2025 22:04:55 | INFO: status: 304 | Message: Program sent successfully.
25-07-2025 22:04:56 | INFO: status: 304 | Message: User sent successfully.
25-07-2025 22:04:56 | INFO: status: 200 | Message: User sent successfully.
25-07-2025 22:04:56 | INFO: status: 304 | Message: User sent successfully.
25-07-2025 22:04:56 | INFO: status: 200 | Message: User sent successfully.
25-07-2025 22:04:56 | INFO: status: 304 | Message: Clients has been sent successfully.
25-07-2025 22:04:56 | INFO: status: 304 | Message: Available clients have been sent successfully. 
25-07-2025 22:04:56 | INFO: status: 200 | Message: Available clients have been sent successfully. 
25-07-2025 22:04:56 | INFO: status: 200 | Message: Clients has been sent successfully.
25-07-2025 22:04:56 | INFO: status: 304 | Message: Program sent successfully.
25-07-2025 22:04:56 | INFO: status: 200 | Message: Program sent successfully.
25-07-2025 22:05:03 | INFO: status: 304 | Message: User sent successfully.
25-07-2025 22:05:03 | INFO: status: 200 | Message: User sent successfully.
25-07-2025 22:05:03 | INFO: status: 304 | Message: Clients has been sent successfully.
25-07-2025 22:05:03 | INFO: status: 200 | Message: Clients has been sent successfully.
25-07-2025 22:05:03 | INFO: status: 200 | Message: Available clients have been sent successfully. 
25-07-2025 22:05:03 | INFO: status: 304 | Message: Available clients have been sent successfully. 
25-07-2025 22:05:03 | INFO: status: 304 | Message: Program sent successfully.
25-07-2025 22:05:03 | INFO: status: 200 | Message: Program sent successfully.
25-07-2025 22:05:04 | INFO: status: 200 | Message: User sent successfully.
25-07-2025 22:05:04 | INFO: status: 304 | Message: User sent successfully.
25-07-2025 22:06:03 | INFO: status: 304 | Message: User sent successfully.
25-07-2025 22:06:03 | INFO: status: 200 | Message: User sent successfully.
25-07-2025 22:07:00 | INFO: status: 304 | Message: User sent successfully.
25-07-2025 22:07:00 | INFO: status: 200 | Message: User sent successfully.
25-07-2025 22:07:00 | INFO: status: 200 | Message: Delete requests have bees sent successfully.
25-07-2025 22:07:00 | INFO: status: 304 | Message: Delete requests have bees sent successfully.
25-07-2025 22:09:12 | INFO: status: 304 | Message: User sent successfully.
25-07-2025 22:09:12 | INFO: status: 200 | Message: User sent successfully.
25-07-2025 22:09:22 | INFO: status: 200 | Message: Delete requests have bees sent successfully.
25-07-2025 22:09:22 | INFO: status: 304 | Message: Delete requests have bees sent successfully.
25-07-2025 22:14:23 | INFO: status: 200 | Message: Delete requests have bees sent successfully.
25-07-2025 22:14:23 | INFO: status: 304 | Message: Delete requests have bees sent successfully.
25-07-2025 22:14:54 | INFO: status: 200 | Message: Delete requests have bees sent successfully.
25-07-2025 22:14:54 | INFO: status: 304 | Message: Delete requests have bees sent successfully.
25-07-2025 22:15:51 | INFO: status: 304 | Message: Delete requests have bees sent successfully.
25-07-2025 22:15:51 | INFO: status: 200 | Message: Delete requests have bees sent successfully.
25-07-2025 22:16:11 | INFO: status: 304 | Message: User sent successfully.
25-07-2025 22:16:11 | INFO: status: 200 | Message: User sent successfully.
25-07-2025 22:16:12 | INFO: status: 200 | Message: User sent successfully.
25-07-2025 22:16:12 | INFO: status: 200 | Message: User sent successfully.
25-07-2025 22:16:12 | INFO: status: 200 | Message: Available clients have been sent successfully. 
25-07-2025 22:16:12 | INFO: status: 200 | Message: Clients has been sent successfully.
25-07-2025 22:16:12 | INFO: status: 200 | Message: Clients has been sent successfully.
25-07-2025 22:16:12 | INFO: status: 200 | Message: Program sent successfully.
25-07-2025 22:16:12 | INFO: status: 200 | Message: Program sent successfully.
25-07-2025 22:16:13 | INFO: status: 200 | Message: Available clients have been sent successfully. 
25-07-2025 22:21:19 | INFO: status: 200 | Message: Delete requests have bees sent successfully.
25-07-2025 22:21:19 | INFO: status: 304 | Message: Delete requests have bees sent successfully.
25-07-2025 22:21:32 | INFO: status: 200 | Message: Delete requests have bees sent successfully.
25-07-2025 22:21:32 | INFO: status: 304 | Message: Delete requests have bees sent successfully.
25-07-2025 22:21:37 | INFO: status: 200 | Message: User deleted successfully. ID: 68556d0cba58878e4bae5595
25-07-2025 22:21:38 | INFO: status: 304 | Message: Delete requests have bees sent successfully.
25-07-2025 22:21:38 | INFO: status: 200 | Message: Delete requests have bees sent successfully.
25-07-2025 22:22:21 | INFO: status: 200 | Message: Delete requests have bees sent successfully.
25-07-2025 22:22:21 | INFO: status: 304 | Message: Delete requests have bees sent successfully.
25-07-2025 22:30:04 | INFO: status: 200 | Message: User deleted successfully. ID: 6872b7d6fd93dd838ac5f5d4
25-07-2025 22:34:37 | INFO: status: 304 | Message: User sent successfully.
25-07-2025 22:34:37 | INFO: status: 200 | Message: User sent successfully.
25-07-2025 22:34:37 | INFO: status: 304 | Message: Delete requests have bees sent successfully.
25-07-2025 22:34:37 | INFO: status: 304 | Message: Delete requests have bees sent successfully.
25-07-2025 22:34:37 | INFO: status: 200 | Message: User sent successfully.
25-07-2025 22:34:37 | INFO: status: 200 | Message: User sent successfully.
25-07-2025 22:34:38 | INFO: status: 200 | Message: Clients has been sent successfully.
25-07-2025 22:34:38 | INFO: status: 200 | Message: Clients has been sent successfully.
25-07-2025 22:34:38 | INFO: status: 200 | Message: Program sent successfully.
25-07-2025 22:34:38 | INFO: status: 200 | Message: Program sent successfully.
25-07-2025 22:34:39 | INFO: status: 200 | Message: Available clients have been sent successfully. 
25-07-2025 22:34:39 | INFO: status: 200 | Message: Available clients have been sent successfully. 
25-07-2025 22:34:40 | INFO: status: 304 | Message: User sent successfully.
25-07-2025 22:34:41 | INFO: status: 304 | Message: Delete requests have bees sent successfully.
25-07-2025 22:34:41 | INFO: status: 304 | Message: Delete requests have bees sent successfully.
25-07-2025 22:34:41 | INFO: status: 200 | Message: User sent successfully.
25-07-2025 22:34:41 | INFO: status: 200 | Message: User sent successfully.
25-07-2025 22:34:41 | INFO: status: 304 | Message: Available clients have been sent successfully. 
25-07-2025 22:34:41 | INFO: status: 304 | Message: Clients has been sent successfully.
25-07-2025 22:34:41 | INFO: status: 200 | Message: Clients has been sent successfully.
25-07-2025 22:34:41 | INFO: status: 304 | Message: Program sent successfully.
25-07-2025 22:34:41 | INFO: status: 200 | Message: Program sent successfully.
25-07-2025 22:34:42 | INFO: status: 200 | Message: User sent successfully.
25-07-2025 22:34:42 | INFO: status: 304 | Message: Delete requests have bees sent successfully.
25-07-2025 22:34:43 | INFO: status: 200 | Message: Available clients have been sent successfully. 
25-07-2025 22:35:45 | INFO: status: 304 | Message: User sent successfully.
25-07-2025 22:35:45 | INFO: status: 200 | Message: User sent successfully.
25-07-2025 22:35:45 | INFO: status: 304 | Message: Delete requests have bees sent successfully.
25-07-2025 22:35:45 | INFO: status: 200 | Message: Delete requests have bees sent successfully.
25-07-2025 22:35:46 | INFO: status: 200 | Message: User sent successfully.
25-07-2025 22:35:46 | INFO: status: 304 | Message: User sent successfully.
25-07-2025 22:35:46 | INFO: status: 304 | Message: Delete requests have bees sent successfully.
25-07-2025 22:35:46 | INFO: status: 200 | Message: Delete requests have bees sent successfully.
25-07-2025 22:35:47 | INFO: status: 304 | Message: User sent successfully.
25-07-2025 22:35:47 | INFO: status: 200 | Message: User sent successfully.
25-07-2025 22:35:47 | INFO: status: 304 | Message: Available clients have been sent successfully. 
25-07-2025 22:35:47 | INFO: status: 304 | Message: Clients has been sent successfully.
25-07-2025 22:35:47 | INFO: status: 200 | Message: Available clients have been sent successfully. 
25-07-2025 22:35:47 | INFO: status: 200 | Message: Clients has been sent successfully.
25-07-2025 22:35:47 | INFO: status: 200 | Message: Program sent successfully.
25-07-2025 22:35:47 | INFO: status: 304 | Message: Program sent successfully.
25-07-2025 22:36:31 | INFO: status: 200 | Message: User sent successfully.
25-07-2025 22:36:31 | INFO: status: 304 | Message: User sent successfully.
25-07-2025 22:36:32 | INFO: status: 304 | Message: Delete requests have bees sent successfully.
25-07-2025 22:36:32 | INFO: status: 200 | Message: Delete requests have bees sent successfully.
25-07-2025 22:36:32 | INFO: status: 200 | Message: User sent successfully.
25-07-2025 22:36:32 | INFO: status: 304 | Message: User sent successfully.
25-07-2025 22:36:32 | INFO: status: 304 | Message: Clients has been sent successfully.
25-07-2025 22:36:32 | INFO: status: 200 | Message: Available clients have been sent successfully. 
25-07-2025 22:36:32 | INFO: status: 304 | Message: Available clients have been sent successfully. 
25-07-2025 22:36:32 | INFO: status: 200 | Message: Clients has been sent successfully.
25-07-2025 22:36:33 | INFO: status: 200 | Message: Program sent successfully.
25-07-2025 22:36:33 | INFO: status: 304 | Message: Program sent successfully.
25-07-2025 22:36:53 | INFO: status: 200 | Message: User sent successfully.
25-07-2025 22:36:53 | INFO: status: 304 | Message: User sent successfully.
25-07-2025 22:36:53 | INFO: status: 200 | Message: Delete requests have bees sent successfully.
25-07-2025 22:36:53 | INFO: status: 304 | Message: Delete requests have bees sent successfully.
25-07-2025 22:36:55 | INFO: status: 200 | Message: User sent successfully.
25-07-2025 22:36:55 | INFO: status: 304 | Message: User sent successfully.
25-07-2025 22:36:55 | INFO: status: 304 | Message: Clients has been sent successfully.
25-07-2025 22:36:55 | INFO: status: 200 | Message: Clients has been sent successfully.
25-07-2025 22:36:55 | INFO: status: 304 | Message: Available clients have been sent successfully. 
25-07-2025 22:36:55 | INFO: status: 200 | Message: Available clients have been sent successfully. 
25-07-2025 22:36:55 | INFO: status: 200 | Message: Program sent successfully.
25-07-2025 22:36:55 | INFO: status: 304 | Message: Program sent successfully.
25-07-2025 22:50:04 | INFO: status: 200 | Message: A new trainer user created successfully.
25-07-2025 22:50:08 | INFO: status: 200 | Message: User sent successfully.
25-07-2025 22:50:08 | INFO: status: 304 | Message: User sent successfully.
25-07-2025 22:50:08 | INFO: status: 304 | Message: Delete requests have bees sent successfully.
25-07-2025 22:50:08 | INFO: status: 200 | Message: Delete requests have bees sent successfully.
25-07-2025 23:03:59 | INFO: status: 200 | Message: User sent successfully.
25-07-2025 23:03:59 | INFO: status: 304 | Message: User sent successfully.
25-07-2025 23:04:00 | INFO: status: 304 | Message: Delete requests have bees sent successfully.
25-07-2025 23:04:00 | INFO: status: 200 | Message: Delete requests have bees sent successfully.
25-07-2025 23:04:00 | INFO: status: 200 | Message: Delete requests have bees sent successfully.
25-07-2025 23:22:38 | INFO: status: 200 | Message: Delete requests have bees sent successfully.
25-07-2025 23:22:38 | INFO: status: 304 | Message: Delete requests have bees sent successfully.
25-07-2025 23:26:37 | INFO: status: 304 | Message: User sent successfully.
25-07-2025 23:26:37 | INFO: status: 200 | Message: User sent successfully.
25-07-2025 23:28:04 | INFO: status: 304 | Message: User sent successfully.
25-07-2025 23:28:04 | INFO: status: 200 | Message: User sent successfully.
25-07-2025 23:28:43 | INFO: status: 304 | Message: User sent successfully.
25-07-2025 23:28:43 | INFO: status: 200 | Message: User sent successfully.
25-07-2025 23:29:44 | INFO: status: 304 | Message: User sent successfully.
25-07-2025 23:29:44 | INFO: status: 200 | Message: User sent successfully.
25-07-2025 23:29:44 | INFO: status: 304 | Message: Delete requests have bees sent successfully.
25-07-2025 23:29:44 | INFO: status: 200 | Message: Delete requests have bees sent successfully.
25-07-2025 23:30:54 | INFO: status: 304 | Message: Delete requests have bees sent successfully.
25-07-2025 23:30:54 | INFO: status: 200 | Message: Delete requests have bees sent successfully.
