28-07-2025 11:50:23 | INFO: status: 200 | Message: Token provided.
28-07-2025 11:50:23 | INFO: status: 200 | Message: User sent successfully.
28-07-2025 11:50:24 | INFO: status: 304 | Message: Program sent successfully.
28-07-2025 11:50:24 | INFO: status: 304 | Message: Program sent successfully.
28-07-2025 11:50:24 | INFO: status: 304 | Message: Clients has been sent successfully.
28-07-2025 11:50:24 | INFO: status: 304 | Message: Available clients have been sent successfully. 
28-07-2025 11:50:24 | INFO: status: 304 | Message: Clients has been sent successfully.
28-07-2025 11:50:24 | INFO: status: 304 | Message: Available clients have been sent successfully. 
28-07-2025 11:51:53 | INFO: status: 200 | Message: Token provided.
28-07-2025 11:51:53 | INFO: status: 304 | Message: User sent successfully.
28-07-2025 11:51:54 | INFO: status: 304 | Message: Clients has been sent successfully.
28-07-2025 11:51:54 | INFO: status: 304 | Message: Available clients have been sent successfully. 
28-07-2025 11:51:54 | INFO: status: 200 | Message: Available clients have been sent successfully. 
28-07-2025 11:51:54 | INFO: status: 304 | Message: Program sent successfully.
28-07-2025 11:51:54 | INFO: status: 200 | Message: Clients has been sent successfully.
28-07-2025 11:51:54 | INFO: status: 200 | Message: Program sent successfully.
28-07-2025 11:52:32 | INFO: status: 200 | Message: User updated successfully.
28-07-2025 11:52:33 | INFO: status: 200 | Message: User sent successfully.
28-07-2025 11:52:38 | INFO: status: 200 | Message: Exercise have been sent successfully.
28-07-2025 11:52:38 | INFO: status: 200 | Message: Exercise have been sent successfully.
28-07-2025 11:56:05 | INFO: status: 304 | Message: User sent successfully.
28-07-2025 11:56:05 | INFO: status: 200 | Message: User sent successfully.
28-07-2025 11:56:05 | INFO: status: 304 | Message: Clients has been sent successfully.
28-07-2025 11:56:05 | INFO: status: 304 | Message: Available clients have been sent successfully. 
28-07-2025 11:56:05 | INFO: status: 200 | Message: Clients has been sent successfully.
28-07-2025 11:56:05 | INFO: status: 200 | Message: Program sent successfully.
28-07-2025 11:56:05 | INFO: status: 304 | Message: Program sent successfully.
28-07-2025 11:56:06 | INFO: status: 200 | Message: Available clients have been sent successfully. 
28-07-2025 11:58:20 | INFO: status: 200 | Message: User updated successfully.
28-07-2025 11:58:20 | INFO: status: 200 | Message: User sent successfully.
28-07-2025 11:58:49 | INFO: status: 200 | Message: User updated successfully.
28-07-2025 11:58:50 | INFO: status: 200 | Message: User sent successfully.
28-07-2025 12:16:11 | INFO: status: 200 | Message: Token provided.
28-07-2025 12:16:11 | INFO: status: 200 | Message: User sent successfully.
28-07-2025 12:16:33 | INFO: status: 200 | Message: Token provided.
28-07-2025 12:16:33 | INFO: status: 200 | Message: User sent successfully.
28-07-2025 12:16:33 | INFO: status: 304 | Message: Available clients have been sent successfully. 
28-07-2025 12:16:33 | INFO: status: 200 | Message: Available clients have been sent successfully. 
28-07-2025 12:16:33 | INFO: status: 200 | Message: Clients has been sent successfully.
28-07-2025 12:16:33 | INFO: status: 304 | Message: Clients has been sent successfully.
28-07-2025 12:16:33 | INFO: status: 304 | Message: Program sent successfully.
28-07-2025 12:16:33 | INFO: status: 200 | Message: Program sent successfully.
28-07-2025 12:16:46 | INFO: status: 200 | Message: User updated successfully.
28-07-2025 12:16:47 | INFO: status: 200 | Message: User sent successfully.
28-07-2025 12:16:51 | INFO: status: 200 | Message: Exercise have been sent successfully.
28-07-2025 12:16:51 | INFO: status: 304 | Message: Exercise have been sent successfully.
28-07-2025 12:16:52 | INFO: status: 304 | Message: Clients has been sent successfully.
28-07-2025 12:16:52 | INFO: status: 200 | Message: Clients has been sent successfully.
28-07-2025 12:17:04 | INFO: status: 200 | Message: User updated successfully.
28-07-2025 12:17:05 | INFO: status: 200 | Message: User sent successfully.
28-07-2025 12:17:09 | INFO: status: 304 | Message: Exercise have been sent successfully.
28-07-2025 12:17:09 | INFO: status: 200 | Message: Exercise have been sent successfully.
28-07-2025 12:19:05 | INFO: status: 304 | Message: User sent successfully.
28-07-2025 12:19:05 | INFO: status: 200 | Message: User sent successfully.
28-07-2025 12:19:05 | INFO: status: 304 | Message: Clients has been sent successfully.
28-07-2025 12:19:05 | INFO: status: 200 | Message: Clients has been sent successfully.
28-07-2025 12:19:05 | INFO: status: 200 | Message: Available clients have been sent successfully. 
28-07-2025 12:19:05 | INFO: status: 304 | Message: Available clients have been sent successfully. 
28-07-2025 12:19:05 | INFO: status: 304 | Message: Program sent successfully.
28-07-2025 12:19:05 | INFO: status: 200 | Message: Program sent successfully.
28-07-2025 12:19:05 | INFO: status: 304 | Message: User sent successfully.
28-07-2025 12:19:05 | INFO: status: 200 | Message: User sent successfully.
28-07-2025 12:19:09 | INFO: status: 304 | Message: User sent successfully.
28-07-2025 12:19:09 | INFO: status: 200 | Message: User sent successfully.
28-07-2025 12:19:09 | INFO: status: 200 | Message: Clients has been sent successfully.
28-07-2025 12:19:09 | INFO: status: 200 | Message: Available clients have been sent successfully. 
28-07-2025 12:19:09 | INFO: status: 304 | Message: Clients has been sent successfully.
28-07-2025 12:19:09 | INFO: status: 304 | Message: Available clients have been sent successfully. 
28-07-2025 12:19:09 | INFO: status: 304 | Message: Program sent successfully.
28-07-2025 12:19:09 | INFO: status: 200 | Message: Program sent successfully.
28-07-2025 12:19:10 | INFO: status: 304 | Message: User sent successfully.
28-07-2025 12:19:10 | INFO: status: 200 | Message: User sent successfully.
28-07-2025 12:20:05 | INFO: status: 304 | Message: User sent successfully.
28-07-2025 12:20:05 | INFO: status: 200 | Message: User sent successfully.
28-07-2025 12:20:05 | INFO: status: 200 | Message: Clients has been sent successfully.
28-07-2025 12:20:05 | INFO: status: 304 | Message: Available clients have been sent successfully. 
28-07-2025 12:20:05 | INFO: status: 200 | Message: Available clients have been sent successfully. 
28-07-2025 12:20:05 | INFO: status: 304 | Message: Clients has been sent successfully.
28-07-2025 12:20:05 | INFO: status: 304 | Message: Program sent successfully.
28-07-2025 12:20:05 | INFO: status: 200 | Message: Program sent successfully.
28-07-2025 12:20:05 | INFO: status: 200 | Message: Clients has been sent successfully.
28-07-2025 12:20:06 | INFO: status: 200 | Message: Program sent successfully.
28-07-2025 12:20:06 | INFO: status: 304 | Message: User sent successfully.
28-07-2025 12:20:06 | INFO: status: 200 | Message: User sent successfully.
28-07-2025 12:20:19 | INFO: status: 200 | Message: User updated successfully.
28-07-2025 12:20:20 | INFO: status: 200 | Message: User sent successfully.
28-07-2025 12:20:28 | INFO: status: 200 | Message: User updated successfully.
28-07-2025 12:20:28 | INFO: status: 200 | Message: User sent successfully.
28-07-2025 12:22:20 | INFO: status: 304 | Message: User sent successfully.
28-07-2025 12:22:20 | INFO: status: 200 | Message: User sent successfully.
28-07-2025 12:22:20 | INFO: status: 304 | Message: Available clients have been sent successfully. 
28-07-2025 12:22:20 | INFO: status: 200 | Message: Available clients have been sent successfully. 
28-07-2025 12:22:20 | INFO: status: 200 | Message: Clients has been sent successfully.
28-07-2025 12:22:20 | INFO: status: 304 | Message: Clients has been sent successfully.
28-07-2025 12:22:20 | INFO: status: 200 | Message: Program sent successfully.
28-07-2025 12:22:20 | INFO: status: 304 | Message: Program sent successfully.
28-07-2025 12:22:20 | INFO: status: 200 | Message: Clients has been sent successfully.
28-07-2025 12:22:20 | INFO: status: 200 | Message: Program sent successfully.
28-07-2025 12:22:21 | INFO: status: 304 | Message: User sent successfully.
28-07-2025 12:22:21 | INFO: status: 200 | Message: User sent successfully.
28-07-2025 12:22:25 | INFO: status: 304 | Message: User sent successfully.
28-07-2025 12:22:25 | INFO: status: 200 | Message: User sent successfully.
28-07-2025 12:22:25 | INFO: status: 304 | Message: Available clients have been sent successfully. 
28-07-2025 12:22:25 | INFO: status: 304 | Message: Clients has been sent successfully.
28-07-2025 12:22:25 | INFO: status: 200 | Message: Available clients have been sent successfully. 
28-07-2025 12:22:25 | INFO: status: 200 | Message: Clients has been sent successfully.
28-07-2025 12:22:25 | INFO: status: 304 | Message: Program sent successfully.
28-07-2025 12:22:25 | INFO: status: 200 | Message: Program sent successfully.
28-07-2025 12:22:25 | INFO: status: 200 | Message: Clients has been sent successfully.
28-07-2025 12:22:25 | INFO: status: 200 | Message: Program sent successfully.
28-07-2025 12:23:30 | INFO: status: 200 | Message: User updated successfully.
28-07-2025 12:23:31 | INFO: status: 200 | Message: User sent successfully.
28-07-2025 12:23:44 | INFO: status: 200 | Message: User updated successfully.
28-07-2025 12:23:44 | INFO: status: 200 | Message: User sent successfully.
28-07-2025 12:29:20 | INFO: status: 304 | Message: User sent successfully.
28-07-2025 12:29:21 | INFO: status: 200 | Message: User sent successfully.
28-07-2025 12:29:21 | INFO: status: 200 | Message: Clients has been sent successfully.
28-07-2025 12:29:21 | INFO: status: 304 | Message: Available clients have been sent successfully. 
28-07-2025 12:29:21 | INFO: status: 200 | Message: Available clients have been sent successfully. 
28-07-2025 12:29:21 | INFO: status: 304 | Message: Clients has been sent successfully.
28-07-2025 12:29:21 | INFO: status: 200 | Message: Program sent successfully.
28-07-2025 12:29:21 | INFO: status: 304 | Message: Program sent successfully.
28-07-2025 12:29:30 | INFO: status: 200 | Message: User updated successfully.
28-07-2025 12:29:31 | INFO: status: 200 | Message: User sent successfully.
28-07-2025 12:29:45 | ERROR: status: 400 | Message: Email duplicate error - Plan executor error during findAndModify :: caused by :: E11000 duplicate key error collection: AthletiX.users index: email_1 dup key: { email: "1234dudi@gmail.com" }
28-07-2025 12:30:44 | INFO: status: 200 | Message: User updated successfully.
28-07-2025 12:30:44 | INFO: status: 200 | Message: Profile image removed successfully.
28-07-2025 12:30:44 | INFO: status: 200 | Message: User sent successfully.
28-07-2025 12:30:45 | INFO: status: 304 | Message: User sent successfully.
28-07-2025 12:31:21 | INFO: status: 200 | Message: Password changed successfully for user 68703beef075a9f0f876bd19
28-07-2025 12:31:50 | INFO: status: 200 | Message: Password changed successfully for user 68703beef075a9f0f876bd19
28-07-2025 12:32:04 | INFO: status: 200 | Message: Password changed successfully for user 68703beef075a9f0f876bd19
