05-07-2025 11:00:34 | ERROR: status: 400 | Message: Trainer is not the owner
05-07-2025 11:01:34 | ERROR: status: 403 | Message: Access denied.
05-07-2025 11:03:23 | ERROR: status: 400 | Message: Trainer is not the owner
05-07-2025 11:03:33 | ERROR: status: 403 | Message: Access denied.
05-07-2025 11:03:46 | ERROR: status: 403 | Message: Access denied.
05-07-2025 11:04:39 | ERROR: status: 400 | Message: Trainer is not the owner
05-07-2025 11:04:43 | ERROR: status: 400 | Message: Trainer is not the owner
05-07-2025 11:06:30 | ERROR: status: 400 | Message: Trainer is not the owner
05-07-2025 11:06:55 | ERROR: status: 400 | Message: Trainer is not the owner
05-07-2025 11:08:25 | ERROR: status: 400 | Message: Trainer is not the owner
05-07-2025 11:09:45 | INFO: status: 200 | Message: Program sent successfully.
05-07-2025 11:26:30 | INFO: status: 200 | Message: Program deleted successfully.
05-07-2025 11:31:08 | ERROR: status: 403 | Message: Access denied.
05-07-2025 12:24:06 | ERROR: status: 403 | Message: Access denied.
05-07-2025 12:47:54 | ERROR: status: 400 | Message: Trainer is not the owner
05-07-2025 12:48:40 | ERROR: status: 400 | Message: Trainer is not the owner
05-07-2025 12:50:50 | ERROR: status: 403 | Message: Access denied.
05-07-2025 12:51:38 | ERROR: status: 403 | Message: Access denied.
05-07-2025 12:52:07 | ERROR: status: 403 | Message: Access denied.
05-07-2025 12:52:44 | ERROR: status: 400 | Message: failed to login, password not matching.
05-07-2025 12:53:50 | INFO: status: 200 | Message: Token provided.
05-07-2025 12:54:20 | INFO: status: 200 | Message: Token provided.
05-07-2025 12:55:12 | INFO: status: 200 | Message: Program sent successfully.
05-07-2025 13:40:02 | ERROR: status: 400 | Message: Access denied, No token provided.
05-07-2025 13:40:42 | ERROR: status: 403 | Message: Access denied.
05-07-2025 13:41:08 | INFO: status: 200 | Message: Token provided.
05-07-2025 13:41:21 | INFO: Status: 200 | Workout status created for user 685019980c0b59a1bd118659 on Monday
05-07-2025 13:41:47 | ERROR: status: 400 | Message: "programId" must be 24 characters
05-07-2025 13:42:13 | INFO: Status: 200 | Workout status created for user 685019980c0b59a1bd118659 on Wednesday
05-07-2025 13:42:27 | INFO: Status: 200 | Workout status updated for user 685019980c0b59a1bd118659 on Wednesday
