21-05-2025 21:32:56 | ERROR: status: 400 | Message: Access denied, No token provided.
21-05-2025 21:33:16 | ERROR: status: 403 | Message: Access denied.
21-05-2025 22:35:44 | ERROR: status: 400 | Message: User failed to register, First name is required
21-05-2025 22:36:27 | ERROR: status: 400 | Message: User failed to register, "weight" is not allowed
21-05-2025 22:36:36 | INFO: status: 200 | Message: User registered successfully
21-05-2025 22:37:33 | INFO: status: 200 | Message: User registered successfully
21-05-2025 22:48:13 | INFO: status: 200 | Message: User registered successfully
21-05-2025 22:58:33 | INFO: status: 200 | Message: User registered successfully
21-05-2025 22:59:09 | ERROR: status: 400 | Message: User failed to register, email already in use.
21-05-2025 22:59:27 | INFO: status: 200 | Message: User registered successfully
21-05-2025 22:59:45 | INFO: status: 200 | Message: User sent successfully.
21-05-2025 23:01:45 | INFO: status: 200 | Message: User registered successfully
21-05-2025 23:32:39 | ERROR: status: 400 | Message: Access denied, No token provided.
21-05-2025 23:40:16 | ERROR: status: 400 | Message: User failed to register, Email must be valid
21-05-2025 23:40:27 | ERROR: status: 400 | Message: User failed to register, Email must be valid
21-05-2025 23:41:26 | INFO: status: 200 | Message: User registered successfully
21-05-2025 23:41:32 | ERROR: status: 400 | Message: User failed to register, Email must be valid
21-05-2025 23:41:36 | ERROR: status: 400 | Message: User failed to register, Email must be valid
21-05-2025 23:41:41 | ERROR: status: 400 | Message: User failed to register, Email must be valid
21-05-2025 23:41:54 | ERROR: status: 400 | Message: User failed to register, Email must be valid
21-05-2025 23:42:10 | ERROR: status: 400 | Message: User failed to register, Email must be valid
21-05-2025 23:42:12 | ERROR: status: 400 | Message: User failed to register, Email must be valid
21-05-2025 23:42:37 | INFO: status: 200 | Message: Token provided.
21-05-2025 23:43:22 | ERROR: status: 500 | Message: Cannot destructure property 'path' of 'req.file' as it is undefined.
21-05-2025 23:44:00 | ERROR: status: 500 | Message: Cannot destructure property 'path' of 'req.file' as it is undefined.
21-05-2025 23:46:05 | ERROR: status: 500 | Message: Cannot destructure property 'path' of 'req.file' as it is undefined.
21-05-2025 23:51:14 | ERROR: status: 500 | Message: Cannot destructure property 'path' of 'req.file' as it is undefined.
21-05-2025 23:51:33 | ERROR: status: 500 | Message: Cannot destructure property 'path' of 'req.file' as it is undefined.
21-05-2025 23:58:57 | ERROR: status: 400 | Message: No image file uploaded.
21-05-2025 23:59:27 | INFO: status: 200 | Message: User image have been changes successfully.
